{"meta": {"format": 3, "version": "7.10.2", "timestamp": "2025-08-16T18:17:56.334512", "branch_coverage": false, "show_contexts": false}, "files": {"app.py": {"executed_lines": [19, 20, 21, 22, 23, 24, 25, 26, 27, 28, 29, 31, 33, 34, 37, 41, 42, 45, 46, 49, 50, 51, 101, 104, 200, 203, 204, 207, 209, 211, 214, 215, 217, 262], "summary": {"covered_lines": 34, "num_statements": 78, "percent_covered": 43.58974358974359, "percent_covered_display": "44", "missing_lines": 44, "excluded_lines": 0}, "missing_lines": [52, 53, 54, 57, 65, 66, 67, 69, 86, 95, 96, 98, 105, 106, 107, 108, 109, 110, 112, 115, 123, 124, 126, 142, 150, 152, 153, 165, 173, 176, 184, 186, 197, 198, 225, 228, 231, 244, 245, 248, 257, 258, 260, 263], "excluded_lines": [], "functions": {"create_app": {"executed_lines": [34, 37, 41, 42, 45, 46, 49, 101, 104, 200, 203, 204, 207, 209], "summary": {"covered_lines": 14, "num_statements": 14, "percent_covered": 100.0, "percent_covered_display": "100", "missing_lines": 0, "excluded_lines": 0}, "missing_lines": [], "excluded_lines": []}, "create_app.process_queue": {"executed_lines": [50, 51], "summary": {"covered_lines": 2, "num_statements": 14, "percent_covered": 14.285714285714286, "percent_covered_display": "14", "missing_lines": 12, "excluded_lines": 0}, "missing_lines": [52, 53, 54, 57, 65, 66, 67, 69, 86, 95, 96, 98], "excluded_lines": []}, "create_app.queue_task": {"executed_lines": [], "summary": {"covered_lines": 0, "num_statements": 2, "percent_covered": 0.0, "percent_covered_display": "0", "missing_lines": 2, "excluded_lines": 0}, "missing_lines": [105, 198], "excluded_lines": []}, "create_app.queue_task.decorator": {"executed_lines": [], "summary": {"covered_lines": 0, "num_statements": 2, "percent_covered": 0.0, "percent_covered_display": "0", "missing_lines": 2, "excluded_lines": 0}, "missing_lines": [106, 197], "excluded_lines": []}, "create_app.queue_task.decorator.wrapper": {"executed_lines": [], "summary": {"covered_lines": 0, "num_statements": 18, "percent_covered": 0.0, "percent_covered_display": "0", "missing_lines": 18, "excluded_lines": 0}, "missing_lines": [107, 108, 109, 110, 112, 115, 123, 124, 126, 142, 150, 152, 153, 165, 173, 176, 184, 186], "excluded_lines": []}, "health_check": {"executed_lines": [], "summary": {"covered_lines": 0, "num_statements": 9, "percent_covered": 0.0, "percent_covered_display": "0", "missing_lines": 9, "excluded_lines": 0}, "missing_lines": [225, 228, 231, 244, 245, 248, 257, 258, 260], "excluded_lines": []}, "": {"executed_lines": [19, 20, 21, 22, 23, 24, 25, 26, 27, 28, 29, 31, 33, 211, 214, 215, 217, 262], "summary": {"covered_lines": 18, "num_statements": 19, "percent_covered": 94.73684210526316, "percent_covered_display": "95", "missing_lines": 1, "excluded_lines": 0}, "missing_lines": [263], "excluded_lines": []}}, "classes": {"": {"executed_lines": [19, 20, 21, 22, 23, 24, 25, 26, 27, 28, 29, 31, 33, 34, 37, 41, 42, 45, 46, 49, 50, 51, 101, 104, 200, 203, 204, 207, 209, 211, 214, 215, 217, 262], "summary": {"covered_lines": 34, "num_statements": 78, "percent_covered": 43.58974358974359, "percent_covered_display": "44", "missing_lines": 44, "excluded_lines": 0}, "missing_lines": [52, 53, 54, 57, 65, 66, 67, 69, 86, 95, 96, 98, 105, 106, 107, 108, 109, 110, 112, 115, 123, 124, 126, 142, 150, 152, 153, 165, 173, 176, 184, 186, 197, 198, 225, 228, 231, 244, 245, 248, 257, 258, 260, 263], "excluded_lines": []}}}, "routes/audio_mixing.py": {"executed_lines": [19, 20, 21, 22, 23, 24, 26, 27, 29, 30, 31, 45, 46], "summary": {"covered_lines": 13, "num_statements": 29, "percent_covered": 44.827586206896555, "percent_covered_display": "45", "missing_lines": 16, "excluded_lines": 0}, "missing_lines": [47, 48, 49, 50, 51, 52, 53, 55, 57, 59, 64, 66, 69, 71, 72, 73], "excluded_lines": [], "functions": {"audio_mixing": {"executed_lines": [], "summary": {"covered_lines": 0, "num_statements": 16, "percent_covered": 0.0, "percent_covered_display": "0", "missing_lines": 16, "excluded_lines": 0}, "missing_lines": [47, 48, 49, 50, 51, 52, 53, 55, 57, 59, 64, 66, 69, 71, 72, 73], "excluded_lines": []}, "": {"executed_lines": [19, 20, 21, 22, 23, 24, 26, 27, 29, 30, 31, 45, 46], "summary": {"covered_lines": 13, "num_statements": 13, "percent_covered": 100.0, "percent_covered_display": "100", "missing_lines": 0, "excluded_lines": 0}, "missing_lines": [], "excluded_lines": []}}, "classes": {"": {"executed_lines": [19, 20, 21, 22, 23, 24, 26, 27, 29, 30, 31, 45, 46], "summary": {"covered_lines": 13, "num_statements": 29, "percent_covered": 44.827586206896555, "percent_covered_display": "45", "missing_lines": 16, "excluded_lines": 0}, "missing_lines": [47, 48, 49, 50, 51, 52, 53, 55, 57, 59, 64, 66, 69, 71, 72, 73], "excluded_lines": []}}}, "routes/authenticate.py": {"executed_lines": [19, 20, 21, 22, 24, 26, 28, 29, 30], "summary": {"covered_lines": 9, "num_statements": 13, "percent_covered": 69.23076923076923, "percent_covered_display": "69", "missing_lines": 4, "excluded_lines": 0}, "missing_lines": [31, 32, 33, 35], "excluded_lines": [], "functions": {"authenticate_endpoint": {"executed_lines": [], "summary": {"covered_lines": 0, "num_statements": 4, "percent_covered": 0.0, "percent_covered_display": "0", "missing_lines": 4, "excluded_lines": 0}, "missing_lines": [31, 32, 33, 35], "excluded_lines": []}, "": {"executed_lines": [19, 20, 21, 22, 24, 26, 28, 29, 30], "summary": {"covered_lines": 9, "num_statements": 9, "percent_covered": 100.0, "percent_covered_display": "100", "missing_lines": 0, "excluded_lines": 0}, "missing_lines": [], "excluded_lines": []}}, "classes": {"": {"executed_lines": [19, 20, 21, 22, 24, 26, 28, 29, 30], "summary": {"covered_lines": 9, "num_statements": 13, "percent_covered": 69.23076923076923, "percent_covered_display": "69", "missing_lines": 4, "excluded_lines": 0}, "missing_lines": [31, 32, 33, 35], "excluded_lines": []}}}, "routes/caption_video.py": {"executed_lines": [19, 20, 21, 22], "summary": {"covered_lines": 4, "num_statements": 36, "percent_covered": 11.11111111111111, "percent_covered_display": "11", "missing_lines": 32, "excluded_lines": 0}, "missing_lines": [23, 24, 25, 27, 28, 30, 31, 32, 59, 60, 61, 62, 63, 64, 65, 66, 68, 69, 71, 72, 73, 75, 76, 78, 79, 80, 83, 85, 88, 90, 91, 92], "excluded_lines": [], "functions": {"caption_video": {"executed_lines": [], "summary": {"covered_lines": 0, "num_statements": 22, "percent_covered": 0.0, "percent_covered_display": "0", "missing_lines": 22, "excluded_lines": 0}, "missing_lines": [61, 62, 63, 64, 65, 66, 68, 69, 71, 72, 73, 75, 76, 78, 79, 80, 83, 85, 88, 90, 91, 92], "excluded_lines": []}, "": {"executed_lines": [19, 20, 21, 22], "summary": {"covered_lines": 4, "num_statements": 14, "percent_covered": 28.571428571428573, "percent_covered_display": "29", "missing_lines": 10, "excluded_lines": 0}, "missing_lines": [23, 24, 25, 27, 28, 30, 31, 32, 59, 60], "excluded_lines": []}}, "classes": {"": {"executed_lines": [19, 20, 21, 22], "summary": {"covered_lines": 4, "num_statements": 36, "percent_covered": 11.11111111111111, "percent_covered_display": "11", "missing_lines": 32, "excluded_lines": 0}, "missing_lines": [23, 24, 25, 27, 28, 30, 31, 32, 59, 60, 61, 62, 63, 64, 65, 66, 68, 69, 71, 72, 73, 75, 76, 78, 79, 80, 83, 85, 88, 90, 91, 92], "excluded_lines": []}}}, "routes/combine_videos.py": {"executed_lines": [19, 20, 21, 22, 23, 24, 26, 27, 29, 30, 31, 51, 52], "summary": {"covered_lines": 13, "num_statements": 26, "percent_covered": 50.0, "percent_covered_display": "50", "missing_lines": 13, "excluded_lines": 0}, "missing_lines": [53, 54, 55, 57, 59, 60, 61, 63, 64, 66, 68, 69, 70], "excluded_lines": [], "functions": {"combine_videos": {"executed_lines": [], "summary": {"covered_lines": 0, "num_statements": 13, "percent_covered": 0.0, "percent_covered_display": "0", "missing_lines": 13, "excluded_lines": 0}, "missing_lines": [53, 54, 55, 57, 59, 60, 61, 63, 64, 66, 68, 69, 70], "excluded_lines": []}, "": {"executed_lines": [19, 20, 21, 22, 23, 24, 26, 27, 29, 30, 31, 51, 52], "summary": {"covered_lines": 13, "num_statements": 13, "percent_covered": 100.0, "percent_covered_display": "100", "missing_lines": 0, "excluded_lines": 0}, "missing_lines": [], "excluded_lines": []}}, "classes": {"": {"executed_lines": [19, 20, 21, 22, 23, 24, 26, 27, 29, 30, 31, 51, 52], "summary": {"covered_lines": 13, "num_statements": 26, "percent_covered": 50.0, "percent_covered_display": "50", "missing_lines": 13, "excluded_lines": 0}, "missing_lines": [53, 54, 55, 57, 59, 60, 61, 63, 64, 66, 68, 69, 70], "excluded_lines": []}}}, "routes/extract_keyframes.py": {"executed_lines": [19, 20, 21, 22, 23, 24, 26, 27, 29, 30, 31, 41, 42], "summary": {"covered_lines": 13, "num_statements": 28, "percent_covered": 46.42857142857143, "percent_covered_display": "46", "missing_lines": 15, "excluded_lines": 0}, "missing_lines": [43, 44, 45, 47, 49, 51, 54, 55, 56, 57, 59, 62, 64, 65, 66], "excluded_lines": [], "functions": {"extract_keyframes": {"executed_lines": [], "summary": {"covered_lines": 0, "num_statements": 15, "percent_covered": 0.0, "percent_covered_display": "0", "missing_lines": 15, "excluded_lines": 0}, "missing_lines": [43, 44, 45, 47, 49, 51, 54, 55, 56, 57, 59, 62, 64, 65, 66], "excluded_lines": []}, "": {"executed_lines": [19, 20, 21, 22, 23, 24, 26, 27, 29, 30, 31, 41, 42], "summary": {"covered_lines": 13, "num_statements": 13, "percent_covered": 100.0, "percent_covered_display": "100", "missing_lines": 0, "excluded_lines": 0}, "missing_lines": [], "excluded_lines": []}}, "classes": {"": {"executed_lines": [19, 20, 21, 22, 23, 24, 26, 27, 29, 30, 31, 41, 42], "summary": {"covered_lines": 13, "num_statements": 28, "percent_covered": 46.42857142857143, "percent_covered_display": "46", "missing_lines": 15, "excluded_lines": 0}, "missing_lines": [43, 44, 45, 47, 49, 51, 54, 55, 56, 57, 59, 62, 64, 65, 66], "excluded_lines": []}}}, "routes/gdrive_upload.py": {"executed_lines": [19, 20, 21, 22, 23, 24, 25, 26, 27, 28, 29, 30, 31, 32, 35, 36, 39, 42, 43, 46, 47, 57, 58, 60, 75, 94, 162, 163, 164, 178, 179, 226, 230, 232, 233, 235, 236, 258, 261, 265], "summary": {"covered_lines": 40, "num_statements": 148, "percent_covered": 27.027027027027028, "percent_covered_display": "27", "missing_lines": 108, "excluded_lines": 0}, "missing_lines": [48, 49, 50, 51, 52, 53, 54, 64, 65, 69, 70, 71, 72, 73, 79, 80, 85, 89, 90, 91, 92, 98, 99, 100, 102, 105, 106, 108, 109, 110, 111, 112, 113, 114, 115, 116, 117, 118, 122, 123, 128, 130, 131, 132, 133, 134, 136, 137, 138, 139, 142, 143, 144, 145, 146, 147, 148, 149, 151, 152, 155, 158, 159, 160, 180, 182, 183, 184, 186, 187, 188, 189, 190, 191, 194, 195, 196, 197, 199, 200, 201, 202, 203, 204, 205, 206, 207, 208, 209, 211, 214, 215, 218, 220, 222, 223, 224, 237, 239, 240, 243, 244, 245, 251, 252, 253, 254, 255], "excluded_lines": [], "functions": {"UploadProgress.__init__": {"executed_lines": [], "summary": {"covered_lines": 0, "num_statements": 7, "percent_covered": 0.0, "percent_covered_display": "0", "missing_lines": 7, "excluded_lines": 0}, "missing_lines": [48, 49, 50, 51, 52, 53, 54], "excluded_lines": []}, "get_access_token": {"executed_lines": [], "summary": {"covered_lines": 0, "num_statements": 7, "percent_covered": 0.0, "percent_covered_display": "0", "missing_lines": 7, "excluded_lines": 0}, "missing_lines": [64, 65, 69, 70, 71, 72, 73], "excluded_lines": []}, "initiate_resumable_upload": {"executed_lines": [], "summary": {"covered_lines": 0, "num_statements": 7, "percent_covered": 0.0, "percent_covered_display": "0", "missing_lines": 7, "excluded_lines": 0}, "missing_lines": [79, 80, 85, 89, 90, 91, 92], "excluded_lines": []}, "upload_file_in_chunks": {"executed_lines": [], "summary": {"covered_lines": 0, "num_statements": 43, "percent_covered": 0.0, "percent_covered_display": "0", "missing_lines": 43, "excluded_lines": 0}, "missing_lines": [98, 99, 100, 102, 105, 106, 108, 109, 110, 111, 112, 113, 114, 115, 116, 117, 118, 122, 123, 128, 130, 131, 132, 133, 134, 136, 137, 138, 139, 142, 143, 144, 145, 146, 147, 148, 149, 151, 152, 155, 158, 159, 160], "excluded_lines": []}, "gdrive_upload": {"executed_lines": [], "summary": {"covered_lines": 0, "num_statements": 33, "percent_covered": 0.0, "percent_covered_display": "0", "missing_lines": 33, "excluded_lines": 0}, "missing_lines": [180, 182, 183, 184, 186, 187, 188, 189, 190, 191, 194, 195, 196, 197, 199, 200, 201, 202, 203, 204, 205, 206, 207, 208, 209, 211, 214, 215, 218, 220, 222, 223, 224], "excluded_lines": []}, "log_system_resources": {"executed_lines": [230, 232, 233, 235, 236, 258], "summary": {"covered_lines": 6, "num_statements": 17, "percent_covered": 35.294117647058826, "percent_covered_display": "35", "missing_lines": 11, "excluded_lines": 0}, "missing_lines": [237, 239, 240, 243, 244, 245, 251, 252, 253, 254, 255], "excluded_lines": []}, "": {"executed_lines": [19, 20, 21, 22, 23, 24, 25, 26, 27, 28, 29, 30, 31, 32, 35, 36, 39, 42, 43, 46, 47, 57, 58, 60, 75, 94, 162, 163, 164, 178, 179, 226, 261, 265], "summary": {"covered_lines": 34, "num_statements": 34, "percent_covered": 100.0, "percent_covered_display": "100", "missing_lines": 0, "excluded_lines": 0}, "missing_lines": [], "excluded_lines": []}}, "classes": {"UploadProgress": {"executed_lines": [], "summary": {"covered_lines": 0, "num_statements": 7, "percent_covered": 0.0, "percent_covered_display": "0", "missing_lines": 7, "excluded_lines": 0}, "missing_lines": [48, 49, 50, 51, 52, 53, 54], "excluded_lines": []}, "": {"executed_lines": [19, 20, 21, 22, 23, 24, 25, 26, 27, 28, 29, 30, 31, 32, 35, 36, 39, 42, 43, 46, 47, 57, 58, 60, 75, 94, 162, 163, 164, 178, 179, 226, 230, 232, 233, 235, 236, 258, 261, 265], "summary": {"covered_lines": 40, "num_statements": 141, "percent_covered": 28.368794326241133, "percent_covered_display": "28", "missing_lines": 101, "excluded_lines": 0}, "missing_lines": [64, 65, 69, 70, 71, 72, 73, 79, 80, 85, 89, 90, 91, 92, 98, 99, 100, 102, 105, 106, 108, 109, 110, 111, 112, 113, 114, 115, 116, 117, 118, 122, 123, 128, 130, 131, 132, 133, 134, 136, 137, 138, 139, 142, 143, 144, 145, 146, 147, 148, 149, 151, 152, 155, 158, 159, 160, 180, 182, 183, 184, 186, 187, 188, 189, 190, 191, 194, 195, 196, 197, 199, 200, 201, 202, 203, 204, 205, 206, 207, 208, 209, 211, 214, 215, 218, 220, 222, 223, 224, 237, 239, 240, 243, 244, 245, 251, 252, 253, 254, 255], "excluded_lines": []}}}, "routes/health.py": {"executed_lines": [1, 5, 6, 7, 8, 9, 12, 15, 17, 32, 49, 63, 92], "summary": {"covered_lines": 12, "num_statements": 48, "percent_covered": 25.0, "percent_covered_display": "25", "missing_lines": 36, "excluded_lines": 0}, "missing_lines": [20, 22, 26, 27, 34, 36, 37, 39, 43, 44, 51, 53, 57, 58, 65, 67, 70, 71, 74, 75, 78, 80, 86, 87, 103, 106, 113, 114, 115, 116, 117, 119, 122, 130, 131, 133], "excluded_lines": [], "functions": {"check_database_health": {"executed_lines": [], "summary": {"covered_lines": 0, "num_statements": 4, "percent_covered": 0.0, "percent_covered_display": "0", "missing_lines": 4, "excluded_lines": 0}, "missing_lines": [20, 22, 26, 27], "excluded_lines": []}, "check_storage_health": {"executed_lines": [], "summary": {"covered_lines": 0, "num_statements": 6, "percent_covered": 0.0, "percent_covered_display": "0", "missing_lines": 6, "excluded_lines": 0}, "missing_lines": [34, 36, 37, 39, 43, 44], "excluded_lines": []}, "check_api_health": {"executed_lines": [], "summary": {"covered_lines": 0, "num_statements": 4, "percent_covered": 0.0, "percent_covered_display": "0", "missing_lines": 4, "excluded_lines": 0}, "missing_lines": [51, 53, 57, 58], "excluded_lines": []}, "get_system_info": {"executed_lines": [], "summary": {"covered_lines": 0, "num_statements": 10, "percent_covered": 0.0, "percent_covered_display": "0", "missing_lines": 10, "excluded_lines": 0}, "missing_lines": [65, 67, 70, 71, 74, 75, 78, 80, 86, 87], "excluded_lines": []}, "health_check_disabled": {"executed_lines": [], "summary": {"covered_lines": 0, "num_statements": 12, "percent_covered": 0.0, "percent_covered_display": "0", "missing_lines": 12, "excluded_lines": 0}, "missing_lines": [103, 106, 113, 114, 115, 116, 117, 119, 122, 130, 131, 133], "excluded_lines": []}, "": {"executed_lines": [1, 5, 6, 7, 8, 9, 12, 15, 17, 32, 49, 63, 92], "summary": {"covered_lines": 12, "num_statements": 12, "percent_covered": 100.0, "percent_covered_display": "100", "missing_lines": 0, "excluded_lines": 0}, "missing_lines": [], "excluded_lines": []}}, "classes": {"": {"executed_lines": [1, 5, 6, 7, 8, 9, 12, 15, 17, 32, 49, 63, 92], "summary": {"covered_lines": 12, "num_statements": 48, "percent_covered": 25.0, "percent_covered_display": "25", "missing_lines": 36, "excluded_lines": 0}, "missing_lines": [20, 22, 26, 27, 34, 36, 37, 39, 43, 44, 51, 53, 57, 58, 65, 67, 70, 71, 74, 75, 78, 80, 86, 87, 103, 106, 113, 114, 115, 116, 117, 119, 122, 130, 131, 133], "excluded_lines": []}}}, "routes/image_to_video.py": {"executed_lines": [19, 20, 21, 22, 23, 24, 26, 27, 29, 30, 31, 44, 45], "summary": {"covered_lines": 13, "num_statements": 28, "percent_covered": 46.42857142857143, "percent_covered_display": "46", "missing_lines": 15, "excluded_lines": 0}, "missing_lines": [46, 47, 48, 49, 50, 51, 53, 55, 57, 62, 65, 68, 70, 71, 72], "excluded_lines": [], "functions": {"image_to_video": {"executed_lines": [], "summary": {"covered_lines": 0, "num_statements": 15, "percent_covered": 0.0, "percent_covered_display": "0", "missing_lines": 15, "excluded_lines": 0}, "missing_lines": [46, 47, 48, 49, 50, 51, 53, 55, 57, 62, 65, 68, 70, 71, 72], "excluded_lines": []}, "": {"executed_lines": [19, 20, 21, 22, 23, 24, 26, 27, 29, 30, 31, 44, 45], "summary": {"covered_lines": 13, "num_statements": 13, "percent_covered": 100.0, "percent_covered_display": "100", "missing_lines": 0, "excluded_lines": 0}, "missing_lines": [], "excluded_lines": []}}, "classes": {"": {"executed_lines": [19, 20, 21, 22, 23, 24, 26, 27, 29, 30, 31, 44, 45], "summary": {"covered_lines": 13, "num_statements": 28, "percent_covered": 46.42857142857143, "percent_covered_display": "46", "missing_lines": 15, "excluded_lines": 0}, "missing_lines": [46, 47, 48, 49, 50, 51, 53, 55, 57, 62, 65, 68, 70, 71, 72], "excluded_lines": []}}}, "routes/media_to_mp3.py": {"executed_lines": [20, 21, 22, 23, 24, 25, 26, 28, 29, 31, 32, 33, 44, 45], "summary": {"covered_lines": 14, "num_statements": 28, "percent_covered": 50.0, "percent_covered_display": "50", "missing_lines": 14, "excluded_lines": 0}, "missing_lines": [46, 47, 48, 49, 51, 53, 54, 55, 57, 58, 60, 62, 63, 64], "excluded_lines": [], "functions": {"convert_media_to_mp3": {"executed_lines": [], "summary": {"covered_lines": 0, "num_statements": 14, "percent_covered": 0.0, "percent_covered_display": "0", "missing_lines": 14, "excluded_lines": 0}, "missing_lines": [46, 47, 48, 49, 51, 53, 54, 55, 57, 58, 60, 62, 63, 64], "excluded_lines": []}, "": {"executed_lines": [20, 21, 22, 23, 24, 25, 26, 28, 29, 31, 32, 33, 44, 45], "summary": {"covered_lines": 14, "num_statements": 14, "percent_covered": 100.0, "percent_covered_display": "100", "missing_lines": 0, "excluded_lines": 0}, "missing_lines": [], "excluded_lines": []}}, "classes": {"": {"executed_lines": [20, 21, 22, 23, 24, 25, 26, 28, 29, 31, 32, 33, 44, 45], "summary": {"covered_lines": 14, "num_statements": 28, "percent_covered": 50.0, "percent_covered_display": "50", "missing_lines": 14, "excluded_lines": 0}, "missing_lines": [46, 47, 48, 49, 51, 53, 54, 55, 57, 58, 60, 62, 63, 64], "excluded_lines": []}}}, "routes/transcribe_media.py": {"executed_lines": [19, 20, 21, 22, 23, 24, 25, 27, 28, 30, 31, 32, 44, 45], "summary": {"covered_lines": 14, "num_statements": 31, "percent_covered": 45.16129032258065, "percent_covered_display": "45", "missing_lines": 17, "excluded_lines": 0}, "missing_lines": [46, 47, 48, 49, 50, 52, 54, 55, 56, 59, 60, 61, 62, 64, 66, 67, 68], "excluded_lines": [], "functions": {"transcribe": {"executed_lines": [], "summary": {"covered_lines": 0, "num_statements": 17, "percent_covered": 0.0, "percent_covered_display": "0", "missing_lines": 17, "excluded_lines": 0}, "missing_lines": [46, 47, 48, 49, 50, 52, 54, 55, 56, 59, 60, 61, 62, 64, 66, 67, 68], "excluded_lines": []}, "": {"executed_lines": [19, 20, 21, 22, 23, 24, 25, 27, 28, 30, 31, 32, 44, 45], "summary": {"covered_lines": 14, "num_statements": 14, "percent_covered": 100.0, "percent_covered_display": "100", "missing_lines": 0, "excluded_lines": 0}, "missing_lines": [], "excluded_lines": []}}, "classes": {"": {"executed_lines": [19, 20, 21, 22, 23, 24, 25, 27, 28, 30, 31, 32, 44, 45], "summary": {"covered_lines": 14, "num_statements": 31, "percent_covered": 45.16129032258065, "percent_covered_display": "45", "missing_lines": 17, "excluded_lines": 0}, "missing_lines": [46, 47, 48, 49, 50, 52, 54, 55, 56, 59, 60, 61, 62, 64, 66, 67, 68], "excluded_lines": []}}}, "routes/v1/audio/concatenate.py": {"executed_lines": [1, 2, 3, 4, 5, 6, 8, 9, 12, 13, 14, 34, 35], "summary": {"covered_lines": 13, "num_statements": 26, "percent_covered": 50.0, "percent_covered_display": "50", "missing_lines": 13, "excluded_lines": 0}, "missing_lines": [36, 37, 38, 40, 44, 45, 46, 48, 49, 53, 55, 56, 57], "excluded_lines": [], "functions": {"combine_audio": {"executed_lines": [], "summary": {"covered_lines": 0, "num_statements": 13, "percent_covered": 0.0, "percent_covered_display": "0", "missing_lines": 13, "excluded_lines": 0}, "missing_lines": [36, 37, 38, 40, 44, 45, 46, 48, 49, 53, 55, 56, 57], "excluded_lines": []}, "": {"executed_lines": [1, 2, 3, 4, 5, 6, 8, 9, 12, 13, 14, 34, 35], "summary": {"covered_lines": 13, "num_statements": 13, "percent_covered": 100.0, "percent_covered_display": "100", "missing_lines": 0, "excluded_lines": 0}, "missing_lines": [], "excluded_lines": []}}, "classes": {"": {"executed_lines": [1, 2, 3, 4, 5, 6, 8, 9, 12, 13, 14, 34, 35], "summary": {"covered_lines": 13, "num_statements": 26, "percent_covered": 50.0, "percent_covered_display": "50", "missing_lines": 13, "excluded_lines": 0}, "missing_lines": [36, 37, 38, 40, 44, 45, 46, 48, 49, 53, 55, 56, 57], "excluded_lines": []}}}, "routes/v1/code/execute/execute_python.py": {"executed_lines": [19, 20, 21, 22, 23, 24, 25, 26, 27, 29, 30, 32, 33, 34, 45, 46], "summary": {"covered_lines": 16, "num_statements": 45, "percent_covered": 35.55555555555556, "percent_covered_display": "36", "missing_lines": 29, "excluded_lines": 0}, "missing_lines": [47, 49, 50, 51, 54, 56, 57, 90, 91, 92, 95, 97, 98, 105, 106, 107, 108, 114, 121, 122, 129, 130, 131, 132, 134, 135, 136, 139, 140], "excluded_lines": [], "functions": {"execute_python": {"executed_lines": [], "summary": {"covered_lines": 0, "num_statements": 29, "percent_covered": 0.0, "percent_covered_display": "0", "missing_lines": 29, "excluded_lines": 0}, "missing_lines": [47, 49, 50, 51, 54, 56, 57, 90, 91, 92, 95, 97, 98, 105, 106, 107, 108, 114, 121, 122, 129, 130, 131, 132, 134, 135, 136, 139, 140], "excluded_lines": []}, "": {"executed_lines": [19, 20, 21, 22, 23, 24, 25, 26, 27, 29, 30, 32, 33, 34, 45, 46], "summary": {"covered_lines": 16, "num_statements": 16, "percent_covered": 100.0, "percent_covered_display": "100", "missing_lines": 0, "excluded_lines": 0}, "missing_lines": [], "excluded_lines": []}}, "classes": {"": {"executed_lines": [19, 20, 21, 22, 23, 24, 25, 26, 27, 29, 30, 32, 33, 34, 45, 46], "summary": {"covered_lines": 16, "num_statements": 45, "percent_covered": 35.55555555555556, "percent_covered_display": "36", "missing_lines": 29, "excluded_lines": 0}, "missing_lines": [47, 49, 50, 51, 54, 56, 57, 90, 91, 92, 95, 97, 98, 105, 106, 107, 108, 114, 121, 122, 129, 130, 131, 132, 134, 135, 136, 139, 140], "excluded_lines": []}}}, "routes/v1/ffmpeg/ffmpeg_compose.py": {"executed_lines": [19, 20, 21, 22, 23, 24, 25, 27, 28, 30, 31, 32, 115, 116], "summary": {"covered_lines": 14, "num_statements": 39, "percent_covered": 35.8974358974359, "percent_covered_display": "36", "missing_lines": 25, "excluded_lines": 0}, "missing_lines": [117, 119, 120, 123, 124, 125, 126, 127, 129, 130, 131, 132, 133, 134, 135, 136, 137, 138, 140, 141, 143, 145, 147, 148, 149], "excluded_lines": [], "functions": {"ffmpeg_api": {"executed_lines": [], "summary": {"covered_lines": 0, "num_statements": 25, "percent_covered": 0.0, "percent_covered_display": "0", "missing_lines": 25, "excluded_lines": 0}, "missing_lines": [117, 119, 120, 123, 124, 125, 126, 127, 129, 130, 131, 132, 133, 134, 135, 136, 137, 138, 140, 141, 143, 145, 147, 148, 149], "excluded_lines": []}, "": {"executed_lines": [19, 20, 21, 22, 23, 24, 25, 27, 28, 30, 31, 32, 115, 116], "summary": {"covered_lines": 14, "num_statements": 14, "percent_covered": 100.0, "percent_covered_display": "100", "missing_lines": 0, "excluded_lines": 0}, "missing_lines": [], "excluded_lines": []}}, "classes": {"": {"executed_lines": [19, 20, 21, 22, 23, 24, 25, 27, 28, 30, 31, 32, 115, 116], "summary": {"covered_lines": 14, "num_statements": 39, "percent_covered": 35.8974358974359, "percent_covered_display": "36", "missing_lines": 25, "excluded_lines": 0}, "missing_lines": [117, 119, 120, 123, 124, 125, 126, 127, 129, 130, 131, 132, 133, 134, 135, 136, 137, 138, 140, 141, 143, 145, 147, 148, 149], "excluded_lines": []}}}, "routes/v1/image/convert/image_to_video.py": {"executed_lines": [19, 20, 21, 22, 23, 24, 26, 27, 29, 30, 31, 32, 45, 46], "summary": {"covered_lines": 14, "num_statements": 29, "percent_covered": 48.275862068965516, "percent_covered_display": "48", "missing_lines": 15, "excluded_lines": 0}, "missing_lines": [47, 48, 49, 50, 51, 52, 54, 56, 58, 63, 66, 69, 71, 72, 73], "excluded_lines": [], "functions": {"image_to_video": {"executed_lines": [], "summary": {"covered_lines": 0, "num_statements": 15, "percent_covered": 0.0, "percent_covered_display": "0", "missing_lines": 15, "excluded_lines": 0}, "missing_lines": [47, 48, 49, 50, 51, 52, 54, 56, 58, 63, 66, 69, 71, 72, 73], "excluded_lines": []}, "": {"executed_lines": [19, 20, 21, 22, 23, 24, 26, 27, 29, 30, 31, 32, 45, 46], "summary": {"covered_lines": 14, "num_statements": 14, "percent_covered": 100.0, "percent_covered_display": "100", "missing_lines": 0, "excluded_lines": 0}, "missing_lines": [], "excluded_lines": []}}, "classes": {"": {"executed_lines": [19, 20, 21, 22, 23, 24, 26, 27, 29, 30, 31, 32, 45, 46], "summary": {"covered_lines": 14, "num_statements": 29, "percent_covered": 48.275862068965516, "percent_covered_display": "48", "missing_lines": 15, "excluded_lines": 0}, "missing_lines": [47, 48, 49, 50, 51, 52, 54, 56, 58, 63, 66, 69, 71, 72, 73], "excluded_lines": []}}}, "routes/v1/image/screenshot_webpage.py": {"executed_lines": [22, 23, 24, 25, 26, 27], "summary": {"covered_lines": 6, "num_statements": 34, "percent_covered": 17.647058823529413, "percent_covered_display": "18", "missing_lines": 28, "excluded_lines": 0}, "missing_lines": [28, 29, 30, 31, 34, 35, 38, 39, 40, 107, 108, 109, 110, 111, 112, 113, 114, 115, 116, 117, 118, 119, 120, 121, 122, 123, 124, 125], "excluded_lines": [], "functions": {"screenshot": {"executed_lines": [], "summary": {"covered_lines": 0, "num_statements": 17, "percent_covered": 0.0, "percent_covered_display": "0", "missing_lines": 17, "excluded_lines": 0}, "missing_lines": [109, 110, 111, 112, 113, 114, 115, 116, 117, 118, 119, 120, 121, 122, 123, 124, 125], "excluded_lines": []}, "": {"executed_lines": [22, 23, 24, 25, 26, 27], "summary": {"covered_lines": 6, "num_statements": 17, "percent_covered": 35.294117647058826, "percent_covered_display": "35", "missing_lines": 11, "excluded_lines": 0}, "missing_lines": [28, 29, 30, 31, 34, 35, 38, 39, 40, 107, 108], "excluded_lines": []}}, "classes": {"": {"executed_lines": [22, 23, 24, 25, 26, 27], "summary": {"covered_lines": 6, "num_statements": 34, "percent_covered": 17.647058823529413, "percent_covered_display": "18", "missing_lines": 28, "excluded_lines": 0}, "missing_lines": [28, 29, 30, 31, 34, 35, 38, 39, 40, 107, 108, 109, 110, 111, 112, 113, 114, 115, 116, 117, 118, 119, 120, 121, 122, 123, 124, 125], "excluded_lines": []}}}, "routes/v1/media/convert/media_convert.py": {"executed_lines": [17, 18, 19, 20, 21, 22, 23, 25, 26, 28, 29, 30, 46, 47], "summary": {"covered_lines": 14, "num_statements": 33, "percent_covered": 42.42424242424242, "percent_covered_display": "42", "missing_lines": 19, "excluded_lines": 0}, "missing_lines": [48, 49, 50, 51, 52, 53, 54, 55, 56, 58, 60, 61, 72, 74, 75, 77, 79, 80, 81], "excluded_lines": [], "functions": {"convert_media_format": {"executed_lines": [], "summary": {"covered_lines": 0, "num_statements": 19, "percent_covered": 0.0, "percent_covered_display": "0", "missing_lines": 19, "excluded_lines": 0}, "missing_lines": [48, 49, 50, 51, 52, 53, 54, 55, 56, 58, 60, 61, 72, 74, 75, 77, 79, 80, 81], "excluded_lines": []}, "": {"executed_lines": [17, 18, 19, 20, 21, 22, 23, 25, 26, 28, 29, 30, 46, 47], "summary": {"covered_lines": 14, "num_statements": 14, "percent_covered": 100.0, "percent_covered_display": "100", "missing_lines": 0, "excluded_lines": 0}, "missing_lines": [], "excluded_lines": []}}, "classes": {"": {"executed_lines": [17, 18, 19, 20, 21, 22, 23, 25, 26, 28, 29, 30, 46, 47], "summary": {"covered_lines": 14, "num_statements": 33, "percent_covered": 42.42424242424242, "percent_covered_display": "42", "missing_lines": 19, "excluded_lines": 0}, "missing_lines": [48, 49, 50, 51, 52, 53, 54, 55, 56, 58, 60, 61, 72, 74, 75, 77, 79, 80, 81], "excluded_lines": []}}}, "routes/v1/media/convert/media_to_mp3.py": {"executed_lines": [20, 21, 22, 23, 24, 25, 26, 28, 29, 31, 32, 33, 34, 46, 47], "summary": {"covered_lines": 15, "num_statements": 30, "percent_covered": 50.0, "percent_covered_display": "50", "missing_lines": 15, "excluded_lines": 0}, "missing_lines": [48, 49, 50, 51, 52, 54, 56, 57, 58, 60, 61, 63, 65, 66, 67], "excluded_lines": [], "functions": {"convert_media_to_mp3": {"executed_lines": [], "summary": {"covered_lines": 0, "num_statements": 15, "percent_covered": 0.0, "percent_covered_display": "0", "missing_lines": 15, "excluded_lines": 0}, "missing_lines": [48, 49, 50, 51, 52, 54, 56, 57, 58, 60, 61, 63, 65, 66, 67], "excluded_lines": []}, "": {"executed_lines": [20, 21, 22, 23, 24, 25, 26, 28, 29, 31, 32, 33, 34, 46, 47], "summary": {"covered_lines": 15, "num_statements": 15, "percent_covered": 100.0, "percent_covered_display": "100", "missing_lines": 0, "excluded_lines": 0}, "missing_lines": [], "excluded_lines": []}}, "classes": {"": {"executed_lines": [20, 21, 22, 23, 24, 25, 26, 28, 29, 31, 32, 33, 34, 46, 47], "summary": {"covered_lines": 15, "num_statements": 30, "percent_covered": 50.0, "percent_covered_display": "50", "missing_lines": 15, "excluded_lines": 0}, "missing_lines": [48, 49, 50, 51, 52, 54, 56, 57, 58, 60, 61, 63, 65, 66, 67], "excluded_lines": []}}}, "routes/v1/media/download.py": {"executed_lines": [1, 2, 3, 4, 5, 6, 7, 8, 9, 10, 11, 12, 13, 15, 16, 18, 19, 20, 84, 85], "summary": {"covered_lines": 20, "num_statements": 141, "percent_covered": 14.184397163120567, "percent_covered_display": "14", "missing_lines": 121, "excluded_lines": 0}, "missing_lines": [86, 87, 89, 90, 91, 92, 93, 95, 97, 99, 101, 110, 111, 112, 113, 115, 118, 119, 120, 121, 124, 125, 126, 127, 128, 129, 130, 131, 132, 133, 134, 135, 136, 137, 140, 141, 142, 143, 144, 145, 146, 149, 150, 151, 152, 153, 154, 155, 158, 159, 160, 161, 162, 163, 166, 167, 168, 169, 170, 171, 172, 175, 176, 178, 179, 181, 183, 185, 188, 211, 212, 213, 214, 215, 217, 219, 221, 223, 231, 232, 233, 236, 237, 238, 239, 240, 241, 244, 245, 246, 248, 250, 251, 253, 254, 256, 257, 258, 259, 260, 262, 263, 264, 267, 268, 269, 270, 271, 272, 273, 274, 277, 278, 279, 280, 281, 283, 285, 287, 288, 289], "excluded_lines": [], "functions": {"download_media": {"executed_lines": [], "summary": {"covered_lines": 0, "num_statements": 121, "percent_covered": 0.0, "percent_covered_display": "0", "missing_lines": 121, "excluded_lines": 0}, "missing_lines": [86, 87, 89, 90, 91, 92, 93, 95, 97, 99, 101, 110, 111, 112, 113, 115, 118, 119, 120, 121, 124, 125, 126, 127, 128, 129, 130, 131, 132, 133, 134, 135, 136, 137, 140, 141, 142, 143, 144, 145, 146, 149, 150, 151, 152, 153, 154, 155, 158, 159, 160, 161, 162, 163, 166, 167, 168, 169, 170, 171, 172, 175, 176, 178, 179, 181, 183, 185, 188, 211, 212, 213, 214, 215, 217, 219, 221, 223, 231, 232, 233, 236, 237, 238, 239, 240, 241, 244, 245, 246, 248, 250, 251, 253, 254, 256, 257, 258, 259, 260, 262, 263, 264, 267, 268, 269, 270, 271, 272, 273, 274, 277, 278, 279, 280, 281, 283, 285, 287, 288, 289], "excluded_lines": []}, "": {"executed_lines": [1, 2, 3, 4, 5, 6, 7, 8, 9, 10, 11, 12, 13, 15, 16, 18, 19, 20, 84, 85], "summary": {"covered_lines": 20, "num_statements": 20, "percent_covered": 100.0, "percent_covered_display": "100", "missing_lines": 0, "excluded_lines": 0}, "missing_lines": [], "excluded_lines": []}}, "classes": {"": {"executed_lines": [1, 2, 3, 4, 5, 6, 7, 8, 9, 10, 11, 12, 13, 15, 16, 18, 19, 20, 84, 85], "summary": {"covered_lines": 20, "num_statements": 141, "percent_covered": 14.184397163120567, "percent_covered_display": "14", "missing_lines": 121, "excluded_lines": 0}, "missing_lines": [86, 87, 89, 90, 91, 92, 93, 95, 97, 99, 101, 110, 111, 112, 113, 115, 118, 119, 120, 121, 124, 125, 126, 127, 128, 129, 130, 131, 132, 133, 134, 135, 136, 137, 140, 141, 142, 143, 144, 145, 146, 149, 150, 151, 152, 153, 154, 155, 158, 159, 160, 161, 162, 163, 166, 167, 168, 169, 170, 171, 172, 175, 176, 178, 179, 181, 183, 185, 188, 211, 212, 213, 214, 215, 217, 219, 221, 223, 231, 232, 233, 236, 237, 238, 239, 240, 241, 244, 245, 246, 248, 250, 251, 253, 254, 256, 257, 258, 259, 260, 262, 263, 264, 267, 268, 269, 270, 271, 272, 273, 274, 277, 278, 279, 280, 281, 283, 285, 287, 288, 289], "excluded_lines": []}}}, "routes/v1/media/feedback.py": {"executed_lines": [1, 2, 3, 4, 5, 8, 9, 10, 13, 15, 17, 22, 23, 27, 28, 32, 33, 37, 38, 66, 67, 130, 131], "summary": {"covered_lines": 23, "num_statements": 114, "percent_covered": 20.17543859649123, "percent_covered_display": "20", "missing_lines": 91, "excluded_lines": 0}, "missing_lines": [25, 30, 35, 42, 44, 47, 48, 52, 53, 54, 55, 56, 59, 60, 61, 62, 63, 64, 71, 72, 73, 74, 77, 80, 81, 82, 83, 84, 87, 88, 89, 92, 93, 94, 95, 97, 100, 101, 102, 103, 104, 105, 106, 107, 108, 109, 112, 113, 116, 118, 119, 122, 123, 125, 126, 127, 128, 135, 137, 140, 141, 142, 143, 144, 145, 148, 149, 152, 153, 154, 157, 158, 159, 160, 161, 164, 165, 166, 169, 170, 171, 174, 177, 178, 179, 180, 181, 182, 183, 184, 185], "excluded_lines": [], "functions": {"create_root_next_routes": {"executed_lines": [22, 23, 27, 28, 32, 33], "summary": {"covered_lines": 6, "num_statements": 6, "percent_covered": 100.0, "percent_covered_display": "100", "missing_lines": 0, "excluded_lines": 0}, "missing_lines": [], "excluded_lines": []}, "create_root_next_routes.root_next_static": {"executed_lines": [], "summary": {"covered_lines": 0, "num_statements": 1, "percent_covered": 0.0, "percent_covered_display": "0", "missing_lines": 1, "excluded_lines": 0}, "missing_lines": [25], "excluded_lines": []}, "create_root_next_routes.root_favicon": {"executed_lines": [], "summary": {"covered_lines": 0, "num_statements": 1, "percent_covered": 0.0, "percent_covered_display": "0", "missing_lines": 1, "excluded_lines": 0}, "missing_lines": [30], "excluded_lines": []}, "create_root_next_routes.root_logo": {"executed_lines": [], "summary": {"covered_lines": 0, "num_statements": 1, "percent_covered": 0.0, "percent_covered_display": "0", "missing_lines": 1, "excluded_lines": 0}, "missing_lines": [35], "excluded_lines": []}, "serve_feedback_page": {"executed_lines": [], "summary": {"covered_lines": 0, "num_statements": 15, "percent_covered": 0.0, "percent_covered_display": "0", "missing_lines": 15, "excluded_lines": 0}, "missing_lines": [42, 44, 47, 48, 52, 53, 54, 55, 56, 59, 60, 61, 62, 63, 64], "excluded_lines": []}, "serve_next_static": {"executed_lines": [], "summary": {"covered_lines": 0, "num_statements": 39, "percent_covered": 0.0, "percent_covered_display": "0", "missing_lines": 39, "excluded_lines": 0}, "missing_lines": [71, 72, 73, 74, 77, 80, 81, 82, 83, 84, 87, 88, 89, 92, 93, 94, 95, 97, 100, 101, 102, 103, 104, 105, 106, 107, 108, 109, 112, 113, 116, 118, 119, 122, 123, 125, 126, 127, 128], "excluded_lines": []}, "serve_feedback_static": {"executed_lines": [], "summary": {"covered_lines": 0, "num_statements": 34, "percent_covered": 0.0, "percent_covered_display": "0", "missing_lines": 34, "excluded_lines": 0}, "missing_lines": [135, 137, 140, 141, 142, 143, 144, 145, 148, 149, 152, 153, 154, 157, 158, 159, 160, 161, 164, 165, 166, 169, 170, 171, 174, 177, 178, 179, 180, 181, 182, 183, 184, 185], "excluded_lines": []}, "": {"executed_lines": [1, 2, 3, 4, 5, 8, 9, 10, 13, 15, 17, 37, 38, 66, 67, 130, 131], "summary": {"covered_lines": 17, "num_statements": 17, "percent_covered": 100.0, "percent_covered_display": "100", "missing_lines": 0, "excluded_lines": 0}, "missing_lines": [], "excluded_lines": []}}, "classes": {"": {"executed_lines": [1, 2, 3, 4, 5, 8, 9, 10, 13, 15, 17, 22, 23, 27, 28, 32, 33, 37, 38, 66, 67, 130, 131], "summary": {"covered_lines": 23, "num_statements": 114, "percent_covered": 20.17543859649123, "percent_covered_display": "20", "missing_lines": 91, "excluded_lines": 0}, "missing_lines": [25, 30, 35, 42, 44, 47, 48, 52, 53, 54, 55, 56, 59, 60, 61, 62, 63, 64, 71, 72, 73, 74, 77, 80, 81, 82, 83, 84, 87, 88, 89, 92, 93, 94, 95, 97, 100, 101, 102, 103, 104, 105, 106, 107, 108, 109, 112, 113, 116, 118, 119, 122, 123, 125, 126, 127, 128, 135, 137, 140, 141, 142, 143, 144, 145, 148, 149, 152, 153, 154, 157, 158, 159, 160, 161, 164, 165, 166, 169, 170, 171, 174, 177, 178, 179, 180, 181, 182, 183, 184, 185], "excluded_lines": []}}}, "routes/v1/media/generate_ass.py": {"executed_lines": [1, 2, 3, 4, 5, 6, 7, 8, 10, 11, 13, 14, 15, 96, 97], "summary": {"covered_lines": 15, "num_statements": 44, "percent_covered": 34.09090909090909, "percent_covered_display": "34", "missing_lines": 29, "excluded_lines": 0}, "missing_lines": [98, 99, 100, 101, 102, 103, 104, 105, 106, 108, 109, 110, 111, 113, 114, 125, 126, 127, 129, 131, 132, 134, 135, 137, 138, 140, 142, 143, 144], "excluded_lines": [], "functions": {"generate_ass_v1": {"executed_lines": [], "summary": {"covered_lines": 0, "num_statements": 29, "percent_covered": 0.0, "percent_covered_display": "0", "missing_lines": 29, "excluded_lines": 0}, "missing_lines": [98, 99, 100, 101, 102, 103, 104, 105, 106, 108, 109, 110, 111, 113, 114, 125, 126, 127, 129, 131, 132, 134, 135, 137, 138, 140, 142, 143, 144], "excluded_lines": []}, "": {"executed_lines": [1, 2, 3, 4, 5, 6, 7, 8, 10, 11, 13, 14, 15, 96, 97], "summary": {"covered_lines": 15, "num_statements": 15, "percent_covered": 100.0, "percent_covered_display": "100", "missing_lines": 0, "excluded_lines": 0}, "missing_lines": [], "excluded_lines": []}}, "classes": {"": {"executed_lines": [1, 2, 3, 4, 5, 6, 7, 8, 10, 11, 13, 14, 15, 96, 97], "summary": {"covered_lines": 15, "num_statements": 44, "percent_covered": 34.09090909090909, "percent_covered_display": "34", "missing_lines": 29, "excluded_lines": 0}, "missing_lines": [98, 99, 100, 101, 102, 103, 104, 105, 106, 108, 109, 110, 111, 113, 114, 125, 126, 127, 129, 131, 132, 134, 135, 137, 138, 140, 142, 143, 144], "excluded_lines": []}}}, "routes/v1/media/media_transcribe.py": {"executed_lines": [19, 20, 21, 22, 23, 24, 25, 27, 28, 30, 31, 32, 50, 51], "summary": {"covered_lines": 14, "num_statements": 43, "percent_covered": 32.55813953488372, "percent_covered_display": "33", "missing_lines": 29, "excluded_lines": 0}, "missing_lines": [52, 53, 54, 55, 56, 57, 58, 59, 60, 61, 62, 64, 66, 67, 68, 71, 73, 82, 86, 95, 96, 98, 99, 101, 102, 104, 106, 107, 108], "excluded_lines": [], "functions": {"transcribe": {"executed_lines": [], "summary": {"covered_lines": 0, "num_statements": 29, "percent_covered": 0.0, "percent_covered_display": "0", "missing_lines": 29, "excluded_lines": 0}, "missing_lines": [52, 53, 54, 55, 56, 57, 58, 59, 60, 61, 62, 64, 66, 67, 68, 71, 73, 82, 86, 95, 96, 98, 99, 101, 102, 104, 106, 107, 108], "excluded_lines": []}, "": {"executed_lines": [19, 20, 21, 22, 23, 24, 25, 27, 28, 30, 31, 32, 50, 51], "summary": {"covered_lines": 14, "num_statements": 14, "percent_covered": 100.0, "percent_covered_display": "100", "missing_lines": 0, "excluded_lines": 0}, "missing_lines": [], "excluded_lines": []}}, "classes": {"": {"executed_lines": [19, 20, 21, 22, 23, 24, 25, 27, 28, 30, 31, 32, 50, 51], "summary": {"covered_lines": 14, "num_statements": 43, "percent_covered": 32.55813953488372, "percent_covered_display": "33", "missing_lines": 29, "excluded_lines": 0}, "missing_lines": [52, 53, 54, 55, 56, 57, 58, 59, 60, 61, 62, 64, 66, 67, 68, 71, 73, 82, 86, 95, 96, 98, 99, 101, 102, 104, 106, 107, 108], "excluded_lines": []}}}, "routes/v1/media/metadata.py": {"executed_lines": [19, 20, 21, 22, 23, 26, 29, 31, 32, 33, 43, 44], "summary": {"covered_lines": 12, "num_statements": 22, "percent_covered": 54.54545454545455, "percent_covered_display": "55", "missing_lines": 10, "excluded_lines": 0}, "missing_lines": [58, 59, 61, 63, 64, 67, 69, 70, 71, 72], "excluded_lines": [], "functions": {"media_metadata": {"executed_lines": [], "summary": {"covered_lines": 0, "num_statements": 10, "percent_covered": 0.0, "percent_covered_display": "0", "missing_lines": 10, "excluded_lines": 0}, "missing_lines": [58, 59, 61, 63, 64, 67, 69, 70, 71, 72], "excluded_lines": []}, "": {"executed_lines": [19, 20, 21, 22, 23, 26, 29, 31, 32, 33, 43, 44], "summary": {"covered_lines": 12, "num_statements": 12, "percent_covered": 100.0, "percent_covered_display": "100", "missing_lines": 0, "excluded_lines": 0}, "missing_lines": [], "excluded_lines": []}}, "classes": {"": {"executed_lines": [19, 20, 21, 22, 23, 26, 29, 31, 32, 33, 43, 44], "summary": {"covered_lines": 12, "num_statements": 22, "percent_covered": 54.54545454545455, "percent_covered_display": "55", "missing_lines": 10, "excluded_lines": 0}, "missing_lines": [58, 59, 61, 63, 64, 67, 69, 70, 71, 72], "excluded_lines": []}}}, "routes/v1/media/silence.py": {"executed_lines": [19, 20, 21, 22, 23, 25, 26, 28, 29, 30, 45, 46], "summary": {"covered_lines": 12, "num_statements": 26, "percent_covered": 46.15384615384615, "percent_covered_display": "46", "missing_lines": 14, "excluded_lines": 0}, "missing_lines": [48, 49, 50, 51, 52, 53, 55, 57, 58, 68, 69, 71, 72, 73], "excluded_lines": [], "functions": {"silence": {"executed_lines": [], "summary": {"covered_lines": 0, "num_statements": 14, "percent_covered": 0.0, "percent_covered_display": "0", "missing_lines": 14, "excluded_lines": 0}, "missing_lines": [48, 49, 50, 51, 52, 53, 55, 57, 58, 68, 69, 71, 72, 73], "excluded_lines": []}, "": {"executed_lines": [19, 20, 21, 22, 23, 25, 26, 28, 29, 30, 45, 46], "summary": {"covered_lines": 12, "num_statements": 12, "percent_covered": 100.0, "percent_covered_display": "100", "missing_lines": 0, "excluded_lines": 0}, "missing_lines": [], "excluded_lines": []}}, "classes": {"": {"executed_lines": [19, 20, 21, 22, 23, 25, 26, 28, 29, 30, 45, 46], "summary": {"covered_lines": 12, "num_statements": 26, "percent_covered": 46.15384615384615, "percent_covered_display": "46", "missing_lines": 14, "excluded_lines": 0}, "missing_lines": [48, 49, 50, 51, 52, 53, 55, 57, 58, 68, 69, 71, 72, 73], "excluded_lines": []}}}, "routes/v1/s3/upload.py": {"executed_lines": [19, 20, 21, 22, 23, 24, 25, 27, 28, 30, 31, 32, 42, 43], "summary": {"covered_lines": 14, "num_statements": 26, "percent_covered": 53.84615384615385, "percent_covered_display": "54", "missing_lines": 12, "excluded_lines": 0}, "missing_lines": [44, 45, 46, 47, 48, 50, 53, 55, 57, 59, 60, 61], "excluded_lines": [], "functions": {"s3_upload_endpoint": {"executed_lines": [], "summary": {"covered_lines": 0, "num_statements": 12, "percent_covered": 0.0, "percent_covered_display": "0", "missing_lines": 12, "excluded_lines": 0}, "missing_lines": [44, 45, 46, 47, 48, 50, 53, 55, 57, 59, 60, 61], "excluded_lines": []}, "": {"executed_lines": [19, 20, 21, 22, 23, 24, 25, 27, 28, 30, 31, 32, 42, 43], "summary": {"covered_lines": 14, "num_statements": 14, "percent_covered": 100.0, "percent_covered_display": "100", "missing_lines": 0, "excluded_lines": 0}, "missing_lines": [], "excluded_lines": []}}, "classes": {"": {"executed_lines": [19, 20, 21, 22, 23, 24, 25, 27, 28, 30, 31, 32, 42, 43], "summary": {"covered_lines": 14, "num_statements": 26, "percent_covered": 53.84615384615385, "percent_covered_display": "54", "missing_lines": 12, "excluded_lines": 0}, "missing_lines": [44, 45, 46, 47, 48, 50, 53, 55, 57, 59, 60, 61], "excluded_lines": []}}}, "routes/v1/toolkit/authenticate.py": {"executed_lines": [19, 20, 21, 22, 24, 26, 28, 29, 30], "summary": {"covered_lines": 9, "num_statements": 13, "percent_covered": 69.23076923076923, "percent_covered_display": "69", "missing_lines": 4, "excluded_lines": 0}, "missing_lines": [31, 32, 33, 35], "excluded_lines": [], "functions": {"authenticate_endpoint": {"executed_lines": [], "summary": {"covered_lines": 0, "num_statements": 4, "percent_covered": 0.0, "percent_covered_display": "0", "missing_lines": 4, "excluded_lines": 0}, "missing_lines": [31, 32, 33, 35], "excluded_lines": []}, "": {"executed_lines": [19, 20, 21, 22, 24, 26, 28, 29, 30], "summary": {"covered_lines": 9, "num_statements": 9, "percent_covered": 100.0, "percent_covered_display": "100", "missing_lines": 0, "excluded_lines": 0}, "missing_lines": [], "excluded_lines": []}}, "classes": {"": {"executed_lines": [19, 20, 21, 22, 24, 26, 28, 29, 30], "summary": {"covered_lines": 9, "num_statements": 13, "percent_covered": 69.23076923076923, "percent_covered_display": "69", "missing_lines": 4, "excluded_lines": 0}, "missing_lines": [31, 32, 33, 35], "excluded_lines": []}}}, "routes/v1/toolkit/job_status.py": {"executed_lines": [19, 20, 21, 22, 23, 24, 25, 27, 28, 30, 31, 32, 41, 42], "summary": {"covered_lines": 14, "num_statements": 27, "percent_covered": 51.851851851851855, "percent_covered_display": "52", "missing_lines": 13, "excluded_lines": 0}, "missing_lines": [43, 44, 46, 48, 50, 53, 54, 57, 58, 61, 63, 64, 65], "excluded_lines": [], "functions": {"get_job_status": {"executed_lines": [], "summary": {"covered_lines": 0, "num_statements": 13, "percent_covered": 0.0, "percent_covered_display": "0", "missing_lines": 13, "excluded_lines": 0}, "missing_lines": [43, 44, 46, 48, 50, 53, 54, 57, 58, 61, 63, 64, 65], "excluded_lines": []}, "": {"executed_lines": [19, 20, 21, 22, 23, 24, 25, 27, 28, 30, 31, 32, 41, 42], "summary": {"covered_lines": 14, "num_statements": 14, "percent_covered": 100.0, "percent_covered_display": "100", "missing_lines": 0, "excluded_lines": 0}, "missing_lines": [], "excluded_lines": []}}, "classes": {"": {"executed_lines": [19, 20, 21, 22, 23, 24, 25, 27, 28, 30, 31, 32, 41, 42], "summary": {"covered_lines": 14, "num_statements": 27, "percent_covered": 51.851851851851855, "percent_covered_display": "52", "missing_lines": 13, "excluded_lines": 0}, "missing_lines": [43, 44, 46, 48, 50, 53, 54, 57, 58, 61, 63, 64, 65], "excluded_lines": []}}}, "routes/v1/toolkit/jobs_status.py": {"executed_lines": [19, 20, 21, 22, 23, 24, 25, 26, 28, 29, 31, 32, 33, 34], "summary": {"covered_lines": 14, "num_statements": 39, "percent_covered": 35.8974358974359, "percent_covered_display": "36", "missing_lines": 25, "excluded_lines": 0}, "missing_lines": [45, 46, 48, 50, 51, 52, 54, 57, 60, 61, 64, 67, 68, 69, 70, 73, 74, 77, 78, 81, 82, 85, 87, 88, 89], "excluded_lines": [], "functions": {"get_all_jobs_status": {"executed_lines": [], "summary": {"covered_lines": 0, "num_statements": 25, "percent_covered": 0.0, "percent_covered_display": "0", "missing_lines": 25, "excluded_lines": 0}, "missing_lines": [45, 46, 48, 50, 51, 52, 54, 57, 60, 61, 64, 67, 68, 69, 70, 73, 74, 77, 78, 81, 82, 85, 87, 88, 89], "excluded_lines": []}, "": {"executed_lines": [19, 20, 21, 22, 23, 24, 25, 26, 28, 29, 31, 32, 33, 34], "summary": {"covered_lines": 14, "num_statements": 14, "percent_covered": 100.0, "percent_covered_display": "100", "missing_lines": 0, "excluded_lines": 0}, "missing_lines": [], "excluded_lines": []}}, "classes": {"": {"executed_lines": [19, 20, 21, 22, 23, 24, 25, 26, 28, 29, 31, 32, 33, 34], "summary": {"covered_lines": 14, "num_statements": 39, "percent_covered": 35.8974358974359, "percent_covered_display": "36", "missing_lines": 25, "excluded_lines": 0}, "missing_lines": [45, 46, 48, 50, 51, 52, 54, 57, 60, 61, 64, 67, 68, 69, 70, 73, 74, 77, 78, 81, 82, 85, 87, 88, 89], "excluded_lines": []}}}, "routes/v1/toolkit/test.py": {"executed_lines": [19, 20, 21, 22, 23, 24, 25, 27, 28, 30, 31, 32, 33], "summary": {"covered_lines": 13, "num_statements": 24, "percent_covered": 54.166666666666664, "percent_covered_display": "54", "missing_lines": 11, "excluded_lines": 0}, "missing_lines": [34, 36, 38, 39, 40, 43, 46, 48, 50, 51, 52], "excluded_lines": [], "functions": {"test_api": {"executed_lines": [], "summary": {"covered_lines": 0, "num_statements": 11, "percent_covered": 0.0, "percent_covered_display": "0", "missing_lines": 11, "excluded_lines": 0}, "missing_lines": [34, 36, 38, 39, 40, 43, 46, 48, 50, 51, 52], "excluded_lines": []}, "": {"executed_lines": [19, 20, 21, 22, 23, 24, 25, 27, 28, 30, 31, 32, 33], "summary": {"covered_lines": 13, "num_statements": 13, "percent_covered": 100.0, "percent_covered_display": "100", "missing_lines": 0, "excluded_lines": 0}, "missing_lines": [], "excluded_lines": []}}, "classes": {"": {"executed_lines": [19, 20, 21, 22, 23, 24, 25, 27, 28, 30, 31, 32, 33], "summary": {"covered_lines": 13, "num_statements": 24, "percent_covered": 54.166666666666664, "percent_covered_display": "54", "missing_lines": 11, "excluded_lines": 0}, "missing_lines": [34, 36, 38, 39, 40, 43, 46, 48, 50, 51, 52], "excluded_lines": []}}}, "routes/v1/video/caption_video.py": {"executed_lines": [19, 20, 21, 22, 23, 24, 25, 26, 28, 29, 31, 32, 33, 107, 108], "summary": {"covered_lines": 15, "num_statements": 62, "percent_covered": 24.193548387096776, "percent_covered_display": "24", "missing_lines": 47, "excluded_lines": 0}, "missing_lines": [109, 110, 111, 112, 113, 114, 115, 116, 118, 119, 120, 121, 123, 129, 131, 133, 135, 138, 141, 142, 145, 146, 149, 150, 151, 152, 153, 154, 155, 156, 157, 160, 161, 162, 167, 168, 169, 170, 173, 176, 177, 180, 181, 183, 185, 186, 187], "excluded_lines": [], "functions": {"caption_video_v1": {"executed_lines": [], "summary": {"covered_lines": 0, "num_statements": 47, "percent_covered": 0.0, "percent_covered_display": "0", "missing_lines": 47, "excluded_lines": 0}, "missing_lines": [109, 110, 111, 112, 113, 114, 115, 116, 118, 119, 120, 121, 123, 129, 131, 133, 135, 138, 141, 142, 145, 146, 149, 150, 151, 152, 153, 154, 155, 156, 157, 160, 161, 162, 167, 168, 169, 170, 173, 176, 177, 180, 181, 183, 185, 186, 187], "excluded_lines": []}, "": {"executed_lines": [19, 20, 21, 22, 23, 24, 25, 26, 28, 29, 31, 32, 33, 107, 108], "summary": {"covered_lines": 15, "num_statements": 15, "percent_covered": 100.0, "percent_covered_display": "100", "missing_lines": 0, "excluded_lines": 0}, "missing_lines": [], "excluded_lines": []}}, "classes": {"": {"executed_lines": [19, 20, 21, 22, 23, 24, 25, 26, 28, 29, 31, 32, 33, 107, 108], "summary": {"covered_lines": 15, "num_statements": 62, "percent_covered": 24.193548387096776, "percent_covered_display": "24", "missing_lines": 47, "excluded_lines": 0}, "missing_lines": [109, 110, 111, 112, 113, 114, 115, 116, 118, 119, 120, 121, 123, 129, 131, 133, 135, 138, 141, 142, 145, 146, 149, 150, 151, 152, 153, 154, 155, 156, 157, 160, 161, 162, 167, 168, 169, 170, 173, 176, 177, 180, 181, 183, 185, 186, 187], "excluded_lines": []}}}, "routes/v1/video/concatenate.py": {"executed_lines": [19, 20, 21, 22, 23, 24, 26, 27, 29, 30, 31, 51, 52], "summary": {"covered_lines": 13, "num_statements": 26, "percent_covered": 50.0, "percent_covered_display": "50", "missing_lines": 13, "excluded_lines": 0}, "missing_lines": [53, 54, 55, 57, 59, 60, 61, 63, 64, 66, 68, 69, 70], "excluded_lines": [], "functions": {"combine_videos": {"executed_lines": [], "summary": {"covered_lines": 0, "num_statements": 13, "percent_covered": 0.0, "percent_covered_display": "0", "missing_lines": 13, "excluded_lines": 0}, "missing_lines": [53, 54, 55, 57, 59, 60, 61, 63, 64, 66, 68, 69, 70], "excluded_lines": []}, "": {"executed_lines": [19, 20, 21, 22, 23, 24, 26, 27, 29, 30, 31, 51, 52], "summary": {"covered_lines": 13, "num_statements": 13, "percent_covered": 100.0, "percent_covered_display": "100", "missing_lines": 0, "excluded_lines": 0}, "missing_lines": [], "excluded_lines": []}}, "classes": {"": {"executed_lines": [19, 20, 21, 22, 23, 24, 26, 27, 29, 30, 31, 51, 52], "summary": {"covered_lines": 13, "num_statements": 26, "percent_covered": 50.0, "percent_covered_display": "50", "missing_lines": 13, "excluded_lines": 0}, "missing_lines": [53, 54, 55, 57, 59, 60, 61, 63, 64, 66, 68, 69, 70], "excluded_lines": []}}}, "routes/v1/video/cut.py": {"executed_lines": [19, 20, 21, 22, 23, 25, 26, 28, 29, 30, 58, 59], "summary": {"covered_lines": 12, "num_statements": 34, "percent_covered": 35.294117647058826, "percent_covered_display": "35", "missing_lines": 22, "excluded_lines": 0}, "missing_lines": [61, 62, 65, 66, 67, 68, 69, 71, 73, 75, 87, 88, 89, 92, 93, 94, 95, 97, 98, 100, 101, 102], "excluded_lines": [], "functions": {"video_cut": {"executed_lines": [], "summary": {"covered_lines": 0, "num_statements": 22, "percent_covered": 0.0, "percent_covered_display": "0", "missing_lines": 22, "excluded_lines": 0}, "missing_lines": [61, 62, 65, 66, 67, 68, 69, 71, 73, 75, 87, 88, 89, 92, 93, 94, 95, 97, 98, 100, 101, 102], "excluded_lines": []}, "": {"executed_lines": [19, 20, 21, 22, 23, 25, 26, 28, 29, 30, 58, 59], "summary": {"covered_lines": 12, "num_statements": 12, "percent_covered": 100.0, "percent_covered_display": "100", "missing_lines": 0, "excluded_lines": 0}, "missing_lines": [], "excluded_lines": []}}, "classes": {"": {"executed_lines": [19, 20, 21, 22, 23, 25, 26, 28, 29, 30, 58, 59], "summary": {"covered_lines": 12, "num_statements": 34, "percent_covered": 35.294117647058826, "percent_covered_display": "35", "missing_lines": 22, "excluded_lines": 0}, "missing_lines": [61, 62, 65, 66, 67, 68, 69, 71, 73, 75, 87, 88, 89, 92, 93, 94, 95, 97, 98, 100, 101, 102], "excluded_lines": []}}}, "routes/v1/video/split.py": {"executed_lines": [19, 20, 21, 22, 23, 25, 26, 28, 29, 30, 58, 59], "summary": {"covered_lines": 12, "num_statements": 39, "percent_covered": 30.76923076923077, "percent_covered_display": "31", "missing_lines": 27, "excluded_lines": 0}, "missing_lines": [61, 62, 65, 66, 67, 68, 69, 71, 73, 75, 87, 88, 90, 91, 92, 98, 99, 100, 103, 104, 105, 108, 110, 111, 113, 114, 115], "excluded_lines": [], "functions": {"video_split": {"executed_lines": [], "summary": {"covered_lines": 0, "num_statements": 27, "percent_covered": 0.0, "percent_covered_display": "0", "missing_lines": 27, "excluded_lines": 0}, "missing_lines": [61, 62, 65, 66, 67, 68, 69, 71, 73, 75, 87, 88, 90, 91, 92, 98, 99, 100, 103, 104, 105, 108, 110, 111, 113, 114, 115], "excluded_lines": []}, "": {"executed_lines": [19, 20, 21, 22, 23, 25, 26, 28, 29, 30, 58, 59], "summary": {"covered_lines": 12, "num_statements": 12, "percent_covered": 100.0, "percent_covered_display": "100", "missing_lines": 0, "excluded_lines": 0}, "missing_lines": [], "excluded_lines": []}}, "classes": {"": {"executed_lines": [19, 20, 21, 22, 23, 25, 26, 28, 29, 30, 58, 59], "summary": {"covered_lines": 12, "num_statements": 39, "percent_covered": 30.76923076923077, "percent_covered_display": "31", "missing_lines": 27, "excluded_lines": 0}, "missing_lines": [61, 62, 65, 66, 67, 68, 69, 71, 73, 75, 87, 88, 90, 91, 92, 98, 99, 100, 103, 104, 105, 108, 110, 111, 113, 114, 115], "excluded_lines": []}}}, "routes/v1/video/thumbnail.py": {"executed_lines": [19, 20, 21, 22, 23, 24, 26, 27, 29, 30, 31, 42, 43], "summary": {"covered_lines": 13, "num_statements": 25, "percent_covered": 52.0, "percent_covered_display": "52", "missing_lines": 12, "excluded_lines": 0}, "missing_lines": [44, 45, 46, 48, 50, 52, 55, 57, 60, 62, 63, 64], "excluded_lines": [], "functions": {"generate_thumbnail": {"executed_lines": [], "summary": {"covered_lines": 0, "num_statements": 12, "percent_covered": 0.0, "percent_covered_display": "0", "missing_lines": 12, "excluded_lines": 0}, "missing_lines": [44, 45, 46, 48, 50, 52, 55, 57, 60, 62, 63, 64], "excluded_lines": []}, "": {"executed_lines": [19, 20, 21, 22, 23, 24, 26, 27, 29, 30, 31, 42, 43], "summary": {"covered_lines": 13, "num_statements": 13, "percent_covered": 100.0, "percent_covered_display": "100", "missing_lines": 0, "excluded_lines": 0}, "missing_lines": [], "excluded_lines": []}}, "classes": {"": {"executed_lines": [19, 20, 21, 22, 23, 24, 26, 27, 29, 30, 31, 42, 43], "summary": {"covered_lines": 13, "num_statements": 25, "percent_covered": 52.0, "percent_covered_display": "52", "missing_lines": 12, "excluded_lines": 0}, "missing_lines": [44, 45, 46, 48, 50, 52, 55, 57, 60, 62, 63, 64], "excluded_lines": []}}}, "routes/v1/video/trim.py": {"executed_lines": [19, 20, 21, 22, 23, 25, 26, 28, 29, 30, 47, 48], "summary": {"covered_lines": 12, "num_statements": 35, "percent_covered": 34.285714285714285, "percent_covered_display": "34", "missing_lines": 23, "excluded_lines": 0}, "missing_lines": [50, 51, 52, 55, 56, 57, 58, 59, 61, 63, 65, 78, 79, 80, 83, 84, 85, 86, 88, 89, 91, 92, 93], "excluded_lines": [], "functions": {"video_trim": {"executed_lines": [], "summary": {"covered_lines": 0, "num_statements": 23, "percent_covered": 0.0, "percent_covered_display": "0", "missing_lines": 23, "excluded_lines": 0}, "missing_lines": [50, 51, 52, 55, 56, 57, 58, 59, 61, 63, 65, 78, 79, 80, 83, 84, 85, 86, 88, 89, 91, 92, 93], "excluded_lines": []}, "": {"executed_lines": [19, 20, 21, 22, 23, 25, 26, 28, 29, 30, 47, 48], "summary": {"covered_lines": 12, "num_statements": 12, "percent_covered": 100.0, "percent_covered_display": "100", "missing_lines": 0, "excluded_lines": 0}, "missing_lines": [], "excluded_lines": []}}, "classes": {"": {"executed_lines": [19, 20, 21, 22, 23, 25, 26, 28, 29, 30, 47, 48], "summary": {"covered_lines": 12, "num_statements": 35, "percent_covered": 34.285714285714285, "percent_covered_display": "34", "missing_lines": 23, "excluded_lines": 0}, "missing_lines": [50, 51, 52, 55, 56, 57, 58, 59, 61, 63, 65, 78, 79, 80, 83, 84, 85, 86, 88, 89, 91, 92, 93], "excluded_lines": []}}}, "services/asr/__init__.py": {"executed_lines": [1, 6, 15, 25], "summary": {"covered_lines": 3, "num_statements": 3, "percent_covered": 100.0, "percent_covered_display": "100", "missing_lines": 0, "excluded_lines": 0}, "missing_lines": [], "excluded_lines": [], "functions": {"": {"executed_lines": [1, 6, 15, 25], "summary": {"covered_lines": 3, "num_statements": 3, "percent_covered": 100.0, "percent_covered_display": "100", "missing_lines": 0, "excluded_lines": 0}, "missing_lines": [], "excluded_lines": []}}, "classes": {"": {"executed_lines": [1, 6, 15, 25], "summary": {"covered_lines": 3, "num_statements": 3, "percent_covered": 100.0, "percent_covered_display": "100", "missing_lines": 0, "excluded_lines": 0}, "missing_lines": [], "excluded_lines": []}}}, "services/asr/faster_whisper_loader.py": {"executed_lines": [1, 6, 7, 8, 10, 12, 20, 21, 22, 23, 57, 59], "summary": {"covered_lines": 11, "num_statements": 36, "percent_covered": 30.555555555555557, "percent_covered_display": "31", "missing_lines": 25, "excluded_lines": 0}, "missing_lines": [24, 25, 26, 29, 30, 33, 34, 37, 38, 40, 41, 42, 43, 44, 47, 48, 49, 50, 51, 52, 54, 60, 62, 63, 64], "excluded_lines": [], "functions": {"try_import_faster_whisper": {"executed_lines": [20, 21, 22, 23], "summary": {"covered_lines": 4, "num_statements": 25, "percent_covered": 16.0, "percent_covered_display": "16", "missing_lines": 21, "excluded_lines": 0}, "missing_lines": [24, 25, 26, 29, 30, 33, 34, 37, 38, 40, 41, 42, 43, 44, 47, 48, 49, 50, 51, 52, 54], "excluded_lines": []}, "WhisperModel.__init__": {"executed_lines": [], "summary": {"covered_lines": 0, "num_statements": 1, "percent_covered": 0.0, "percent_covered_display": "0", "missing_lines": 1, "excluded_lines": 0}, "missing_lines": [64], "excluded_lines": []}, "": {"executed_lines": [1, 6, 7, 8, 10, 12, 57, 59], "summary": {"covered_lines": 7, "num_statements": 10, "percent_covered": 70.0, "percent_covered_display": "70", "missing_lines": 3, "excluded_lines": 0}, "missing_lines": [60, 62, 63], "excluded_lines": []}}, "classes": {"WhisperModel": {"executed_lines": [], "summary": {"covered_lines": 0, "num_statements": 1, "percent_covered": 0.0, "percent_covered_display": "0", "missing_lines": 1, "excluded_lines": 0}, "missing_lines": [64], "excluded_lines": []}, "": {"executed_lines": [1, 6, 7, 8, 10, 12, 20, 21, 22, 23, 57, 59], "summary": {"covered_lines": 11, "num_statements": 35, "percent_covered": 31.428571428571427, "percent_covered_display": "31", "missing_lines": 24, "excluded_lines": 0}, "missing_lines": [24, 25, 26, 29, 30, 33, 34, 37, 38, 40, 41, 42, 43, 44, 47, 48, 49, 50, 51, 52, 54, 60, 62, 63], "excluded_lines": []}}}, "services/asr/model_loader.py": {"executed_lines": [1, 7, 8, 9, 10, 11, 12, 13, 16, 20, 23, 24, 25, 43, 44, 45, 53, 54, 55, 61, 62, 63, 66, 98, 107, 108, 109, 122, 123, 124, 136, 138, 140, 141, 143, 146, 156, 157, 159, 161, 162, 163, 166, 170, 173, 182, 184, 185, 187, 197, 210, 215, 220, 224, 226, 229, 230, 231, 234, 235, 236, 239, 242, 245, 246, 247, 250, 259, 260, 261, 264, 269, 272, 295, 296, 297, 298, 305, 306, 308, 310, 320, 321, 331, 333, 334, 335, 336, 342, 351, 352, 355, 356, 359, 362, 363, 364, 365, 366, 367, 368, 369, 370, 371, 373, 382, 390, 392, 395, 405, 430, 431, 432, 433, 434, 440], "summary": {"covered_lines": 115, "num_statements": 224, "percent_covered": 51.339285714285715, "percent_covered_display": "51", "missing_lines": 109, "excluded_lines": 0}, "missing_lines": [46, 47, 48, 49, 50, 56, 57, 58, 73, 74, 75, 77, 78, 79, 80, 81, 84, 85, 86, 87, 89, 91, 92, 93, 94, 95, 112, 114, 115, 116, 118, 119, 126, 128, 129, 132, 133, 137, 139, 189, 190, 191, 192, 194, 211, 212, 216, 217, 221, 222, 227, 299, 301, 302, 303, 322, 323, 324, 325, 326, 327, 339, 340, 375, 376, 377, 378, 379, 391, 402, 412, 413, 414, 415, 416, 417, 420, 421, 422, 423, 424, 425, 436, 442, 445, 446, 447, 450, 451, 452, 453, 456, 458, 459, 460, 461, 462, 463, 465, 466, 467, 468, 469, 470, 472, 473, 476, 477, 479], "excluded_lines": [], "functions": {"detect_cuda_availability": {"executed_lines": [], "summary": {"covered_lines": 0, "num_statements": 18, "percent_covered": 0.0, "percent_covered_display": "0", "missing_lines": 18, "excluded_lines": 0}, "missing_lines": [73, 74, 75, 77, 78, 79, 80, 81, 84, 85, 86, 87, 89, 91, 92, 93, 94, 95], "excluded_lines": []}, "determine_device_and_compute_type": {"executed_lines": [107, 108, 109, 122, 123, 124, 136, 138, 140, 141, 143], "summary": {"covered_lines": 11, "num_statements": 24, "percent_covered": 45.833333333333336, "percent_covered_display": "46", "missing_lines": 13, "excluded_lines": 0}, "missing_lines": [112, 114, 115, 116, 118, 119, 126, 128, 129, 132, 133, 137, 139], "excluded_lines": []}, "warm_up_model": {"executed_lines": [156, 157, 159, 161, 162, 163, 166, 170, 173, 182, 184, 185, 187], "summary": {"covered_lines": 13, "num_statements": 18, "percent_covered": 72.22222222222223, "percent_covered_display": "72", "missing_lines": 5, "excluded_lines": 0}, "missing_lines": [189, 190, 191, 192, 194], "excluded_lines": []}, "load_model": {"executed_lines": [210, 215, 220, 224, 226, 229, 230, 231, 234, 235, 236, 239, 242, 245, 246, 247, 250, 259, 260, 261, 264, 269, 272, 295, 296, 297, 298, 305, 306, 308, 310, 320, 321, 331, 333, 334, 335, 336, 342, 351, 352, 355, 356, 359, 362, 363, 364, 365, 366, 367, 368, 369, 370, 371, 373], "summary": {"covered_lines": 55, "num_statements": 79, "percent_covered": 69.62025316455696, "percent_covered_display": "70", "missing_lines": 24, "excluded_lines": 0}, "missing_lines": [211, 212, 216, 217, 221, 222, 227, 299, 301, 302, 303, 322, 323, 324, 325, 326, 327, 339, 340, 375, 376, 377, 378, 379], "excluded_lines": []}, "get_model": {"executed_lines": [390, 392], "summary": {"covered_lines": 2, "num_statements": 3, "percent_covered": 66.66666666666667, "percent_covered_display": "67", "missing_lines": 1, "excluded_lines": 0}, "missing_lines": [391], "excluded_lines": []}, "get_model_config": {"executed_lines": [], "summary": {"covered_lines": 0, "num_statements": 1, "percent_covered": 0.0, "percent_covered_display": "0", "missing_lines": 1, "excluded_lines": 0}, "missing_lines": [402], "excluded_lines": []}, "unload_model": {"executed_lines": [], "summary": {"covered_lines": 0, "num_statements": 12, "percent_covered": 0.0, "percent_covered_display": "0", "missing_lines": 12, "excluded_lines": 0}, "missing_lines": [412, 413, 414, 415, 416, 417, 420, 421, 422, 423, 424, 425], "excluded_lines": []}, "": {"executed_lines": [1, 7, 8, 9, 10, 11, 12, 13, 16, 20, 23, 24, 25, 43, 44, 45, 53, 54, 55, 61, 62, 63, 66, 98, 146, 197, 382, 395, 405, 430, 431, 432, 433, 434, 440], "summary": {"covered_lines": 34, "num_statements": 69, "percent_covered": 49.27536231884058, "percent_covered_display": "49", "missing_lines": 35, "excluded_lines": 0}, "missing_lines": [46, 47, 48, 49, 50, 56, 57, 58, 436, 442, 445, 446, 447, 450, 451, 452, 453, 456, 458, 459, 460, 461, 462, 463, 465, 466, 467, 468, 469, 470, 472, 473, 476, 477, 479], "excluded_lines": []}}, "classes": {"": {"executed_lines": [1, 7, 8, 9, 10, 11, 12, 13, 16, 20, 23, 24, 25, 43, 44, 45, 53, 54, 55, 61, 62, 63, 66, 98, 107, 108, 109, 122, 123, 124, 136, 138, 140, 141, 143, 146, 156, 157, 159, 161, 162, 163, 166, 170, 173, 182, 184, 185, 187, 197, 210, 215, 220, 224, 226, 229, 230, 231, 234, 235, 236, 239, 242, 245, 246, 247, 250, 259, 260, 261, 264, 269, 272, 295, 296, 297, 298, 305, 306, 308, 310, 320, 321, 331, 333, 334, 335, 336, 342, 351, 352, 355, 356, 359, 362, 363, 364, 365, 366, 367, 368, 369, 370, 371, 373, 382, 390, 392, 395, 405, 430, 431, 432, 433, 434, 440], "summary": {"covered_lines": 115, "num_statements": 224, "percent_covered": 51.339285714285715, "percent_covered_display": "51", "missing_lines": 109, "excluded_lines": 0}, "missing_lines": [46, 47, 48, 49, 50, 56, 57, 58, 73, 74, 75, 77, 78, 79, 80, 81, 84, 85, 86, 87, 89, 91, 92, 93, 94, 95, 112, 114, 115, 116, 118, 119, 126, 128, 129, 132, 133, 137, 139, 189, 190, 191, 192, 194, 211, 212, 216, 217, 221, 222, 227, 299, 301, 302, 303, 322, 323, 324, 325, 326, 327, 339, 340, 375, 376, 377, 378, 379, 391, 402, 412, 413, 414, 415, 416, 417, 420, 421, 422, 423, 424, 425, 436, 442, 445, 446, 447, 450, 451, 452, 453, 456, 458, 459, 460, 461, 462, 463, 465, 466, 467, 468, 469, 470, 472, 473, 476, 477, 479], "excluded_lines": []}}}, "services/asr/test_model_loader.py": {"executed_lines": [], "summary": {"covered_lines": 0, "num_statements": 171, "percent_covered": 0.0, "percent_covered_display": "0", "missing_lines": 171, "excluded_lines": 0}, "missing_lines": [7, 8, 9, 10, 13, 14, 15, 16, 17, 18, 19, 20, 23, 26, 30, 33, 35, 36, 37, 39, 41, 43, 44, 45, 47, 48, 50, 52, 55, 57, 58, 59, 61, 63, 65, 66, 69, 70, 71, 73, 74, 76, 79, 81, 82, 83, 85, 87, 89, 91, 92, 94, 96, 97, 98, 101, 102, 103, 104, 106, 108, 109, 111, 112, 113, 114, 117, 119, 120, 121, 123, 125, 126, 128, 129, 131, 132, 134, 135, 136, 139, 140, 141, 143, 144, 146, 147, 148, 151, 153, 154, 155, 157, 159, 160, 163, 164, 165, 168, 169, 172, 173, 174, 176, 178, 180, 181, 183, 184, 185, 188, 190, 191, 192, 194, 195, 197, 198, 200, 202, 203, 204, 207, 208, 209, 210, 211, 214, 215, 218, 219, 220, 222, 223, 225, 226, 227, 230, 232, 233, 234, 236, 239, 240, 242, 243, 245, 246, 248, 249, 250, 252, 253, 255, 256, 259, 260, 261, 263, 264, 265, 267, 268, 270, 272, 273, 274, 276, 277, 280, 281], "excluded_lines": [], "functions": {"test_cuda_detection": {"executed_lines": [], "summary": {"covered_lines": 0, "num_statements": 12, "percent_covered": 0.0, "percent_covered_display": "0", "missing_lines": 12, "excluded_lines": 0}, "missing_lines": [35, 36, 37, 39, 41, 43, 44, 45, 47, 48, 50, 52], "excluded_lines": []}, "test_device_selection": {"executed_lines": [], "summary": {"covered_lines": 0, "num_statements": 13, "percent_covered": 0.0, "percent_covered_display": "0", "missing_lines": 13, "excluded_lines": 0}, "missing_lines": [57, 58, 59, 61, 63, 65, 66, 69, 70, 71, 73, 74, 76], "excluded_lines": []}, "test_model_loading": {"executed_lines": [], "summary": {"covered_lines": 0, "num_statements": 23, "percent_covered": 0.0, "percent_covered_display": "0", "missing_lines": 23, "excluded_lines": 0}, "missing_lines": [81, 82, 83, 85, 87, 89, 91, 92, 94, 96, 97, 98, 101, 102, 103, 104, 106, 108, 109, 111, 112, 113, 114], "excluded_lines": []}, "test_singleton_pattern": {"executed_lines": [], "summary": {"covered_lines": 0, "num_statements": 21, "percent_covered": 0.0, "percent_covered_display": "0", "missing_lines": 21, "excluded_lines": 0}, "missing_lines": [119, 120, 121, 123, 125, 126, 128, 129, 131, 132, 134, 135, 136, 139, 140, 141, 143, 144, 146, 147, 148], "excluded_lines": []}, "test_model_unloading": {"executed_lines": [], "summary": {"covered_lines": 0, "num_statements": 21, "percent_covered": 0.0, "percent_covered_display": "0", "missing_lines": 21, "excluded_lines": 0}, "missing_lines": [153, 154, 155, 157, 159, 160, 163, 164, 165, 168, 169, 172, 173, 174, 176, 178, 180, 181, 183, 184, 185], "excluded_lines": []}, "test_concurrent_access": {"executed_lines": [], "summary": {"covered_lines": 0, "num_statements": 24, "percent_covered": 0.0, "percent_covered_display": "0", "missing_lines": 24, "excluded_lines": 0}, "missing_lines": [190, 191, 192, 194, 195, 197, 198, 200, 202, 207, 208, 209, 210, 211, 214, 215, 218, 219, 220, 222, 223, 225, 226, 227], "excluded_lines": []}, "test_concurrent_access.get_model_in_thread": {"executed_lines": [], "summary": {"covered_lines": 0, "num_statements": 2, "percent_covered": 0.0, "percent_covered_display": "0", "missing_lines": 2, "excluded_lines": 0}, "missing_lines": [203, 204], "excluded_lines": []}, "main": {"executed_lines": [], "summary": {"covered_lines": 0, "num_statements": 31, "percent_covered": 0.0, "percent_covered_display": "0", "missing_lines": 31, "excluded_lines": 0}, "missing_lines": [232, 233, 234, 236, 239, 240, 242, 243, 245, 246, 248, 249, 250, 252, 253, 255, 256, 259, 260, 261, 263, 264, 265, 267, 268, 270, 272, 273, 274, 276, 277], "excluded_lines": []}, "": {"executed_lines": [], "summary": {"covered_lines": 0, "num_statements": 24, "percent_covered": 0.0, "percent_covered_display": "0", "missing_lines": 24, "excluded_lines": 0}, "missing_lines": [7, 8, 9, 10, 13, 14, 15, 16, 17, 18, 19, 20, 23, 26, 30, 33, 55, 79, 117, 151, 188, 230, 280, 281], "excluded_lines": []}}, "classes": {"": {"executed_lines": [], "summary": {"covered_lines": 0, "num_statements": 171, "percent_covered": 0.0, "percent_covered_display": "0", "missing_lines": 171, "excluded_lines": 0}, "missing_lines": [7, 8, 9, 10, 13, 14, 15, 16, 17, 18, 19, 20, 23, 26, 30, 33, 35, 36, 37, 39, 41, 43, 44, 45, 47, 48, 50, 52, 55, 57, 58, 59, 61, 63, 65, 66, 69, 70, 71, 73, 74, 76, 79, 81, 82, 83, 85, 87, 89, 91, 92, 94, 96, 97, 98, 101, 102, 103, 104, 106, 108, 109, 111, 112, 113, 114, 117, 119, 120, 121, 123, 125, 126, 128, 129, 131, 132, 134, 135, 136, 139, 140, 141, 143, 144, 146, 147, 148, 151, 153, 154, 155, 157, 159, 160, 163, 164, 165, 168, 169, 172, 173, 174, 176, 178, 180, 181, 183, 184, 185, 188, 190, 191, 192, 194, 195, 197, 198, 200, 202, 203, 204, 207, 208, 209, 210, 211, 214, 215, 218, 219, 220, 222, 223, 225, 226, 227, 230, 232, 233, 234, 236, 239, 240, 242, 243, 245, 246, 248, 249, 250, 252, 253, 255, 256, 259, 260, 261, 263, 264, 265, 267, 268, 270, 272, 273, 274, 276, 277, 280, 281], "excluded_lines": []}}}, "services/ass_toolkit.py": {"executed_lines": [19, 20, 21, 22, 23, 24, 25, 26, 27, 28, 29, 30, 33, 34, 35, 41, 53, 64, 119, 135, 154, 162, 174, 188, 196, 204, 216, 284, 328, 352, 386, 448, 528, 586, 632, 640, 684, 690, 707, 762, 778], "summary": {"covered_lines": 41, "num_statements": 578, "percent_covered": 7.093425605536332, "percent_covered_display": "7", "missing_lines": 537, "excluded_lines": 0}, "missing_lines": [36, 37, 38, 39, 55, 56, 57, 58, 59, 60, 61, 62, 65, 67, 68, 69, 70, 73, 76, 85, 86, 87, 95, 96, 106, 108, 113, 114, 115, 116, 117, 120, 121, 122, 123, 124, 125, 126, 127, 129, 130, 131, 132, 133, 137, 138, 139, 140, 141, 142, 143, 144, 145, 146, 147, 148, 149, 150, 151, 152, 156, 157, 158, 159, 160, 164, 165, 166, 167, 168, 169, 170, 171, 172, 176, 177, 178, 179, 185, 186, 190, 191, 192, 193, 194, 198, 199, 200, 201, 202, 206, 207, 208, 209, 210, 211, 212, 213, 214, 224, 226, 233, 234, 235, 236, 237, 238, 239, 242, 243, 244, 245, 246, 247, 248, 250, 251, 253, 254, 255, 256, 257, 258, 259, 260, 263, 264, 265, 268, 269, 270, 271, 272, 273, 275, 276, 278, 279, 281, 282, 288, 289, 290, 291, 292, 294, 295, 296, 297, 299, 300, 301, 302, 303, 304, 305, 306, 307, 308, 309, 310, 312, 313, 314, 317, 319, 325, 326, 332, 341, 342, 344, 346, 347, 348, 356, 357, 358, 359, 361, 362, 363, 364, 366, 372, 374, 375, 376, 377, 378, 379, 380, 381, 382, 383, 384, 390, 391, 392, 393, 395, 396, 397, 398, 400, 405, 407, 409, 410, 411, 412, 413, 415, 416, 417, 418, 419, 420, 421, 422, 423, 424, 425, 426, 427, 428, 429, 430, 432, 433, 434, 435, 436, 437, 438, 440, 441, 442, 443, 444, 445, 446, 452, 453, 454, 455, 457, 458, 459, 460, 462, 468, 469, 470, 472, 474, 475, 476, 477, 480, 481, 482, 483, 484, 486, 487, 490, 491, 493, 495, 497, 498, 501, 502, 503, 504, 505, 508, 510, 512, 513, 515, 518, 520, 521, 522, 523, 525, 526, 532, 533, 534, 535, 537, 538, 539, 540, 542, 547, 548, 550, 552, 553, 554, 555, 556, 557, 558, 559, 560, 562, 563, 565, 566, 568, 570, 571, 572, 573, 574, 575, 577, 578, 579, 580, 581, 582, 583, 584, 590, 591, 592, 593, 595, 596, 597, 598, 600, 605, 606, 608, 610, 611, 612, 613, 615, 616, 618, 620, 621, 622, 623, 624, 625, 626, 627, 628, 629, 630, 644, 665, 667, 668, 670, 671, 673, 675, 676, 677, 678, 680, 681, 682, 688, 692, 693, 694, 695, 696, 697, 699, 700, 701, 702, 703, 704, 705, 713, 714, 715, 716, 717, 718, 719, 720, 721, 722, 723, 724, 725, 726, 727, 728, 729, 730, 731, 732, 733, 734, 735, 736, 737, 738, 739, 740, 741, 742, 743, 744, 745, 746, 747, 748, 749, 750, 751, 752, 753, 754, 755, 756, 757, 758, 760, 763, 764, 765, 766, 767, 768, 769, 770, 771, 772, 773, 774, 775, 776, 784, 786, 787, 789, 790, 791, 794, 796, 797, 798, 801, 802, 803, 804, 806, 809, 810, 811, 814, 815, 816, 817, 819, 821, 824, 825, 826, 827, 828, 829, 830, 831, 832, 833, 835, 838, 839, 840, 841, 842, 844, 847, 848, 849, 851, 852, 855, 856, 859, 861, 863, 864, 865, 868, 870, 871, 872, 873, 874, 876, 877, 880, 881, 883, 884, 887, 888, 890, 891, 893, 896, 897, 898, 899, 900, 901, 904, 905, 906, 907, 908, 909, 910, 911, 912, 914, 915, 916, 917], "excluded_lines": [], "functions": {"rgb_to_ass_color": {"executed_lines": [], "summary": {"covered_lines": 0, "num_statements": 8, "percent_covered": 0.0, "percent_covered_display": "0", "missing_lines": 8, "excluded_lines": 0}, "missing_lines": [55, 56, 57, 58, 59, 60, 61, 62], "excluded_lines": []}, "generate_transcription": {"executed_lines": [], "summary": {"covered_lines": 0, "num_statements": 19, "percent_covered": 0.0, "percent_covered_display": "0", "missing_lines": 19, "excluded_lines": 0}, "missing_lines": [65, 67, 68, 69, 70, 73, 76, 85, 86, 87, 95, 96, 106, 108, 113, 114, 115, 116, 117], "excluded_lines": []}, "get_video_resolution": {"executed_lines": [], "summary": {"covered_lines": 0, "num_statements": 13, "percent_covered": 0.0, "percent_covered_display": "0", "missing_lines": 13, "excluded_lines": 0}, "missing_lines": [120, 121, 122, 123, 124, 125, 126, 127, 129, 130, 131, 132, 133], "excluded_lines": []}, "get_available_fonts": {"executed_lines": [], "summary": {"covered_lines": 0, "num_statements": 16, "percent_covered": 0.0, "percent_covered_display": "0", "missing_lines": 16, "excluded_lines": 0}, "missing_lines": [137, 138, 139, 140, 141, 142, 143, 144, 145, 146, 147, 148, 149, 150, 151, 152], "excluded_lines": []}, "format_ass_time": {"executed_lines": [], "summary": {"covered_lines": 0, "num_statements": 5, "percent_covered": 0.0, "percent_covered_display": "0", "missing_lines": 5, "excluded_lines": 0}, "missing_lines": [156, 157, 158, 159, 160], "excluded_lines": []}, "process_subtitle_text": {"executed_lines": [], "summary": {"covered_lines": 0, "num_statements": 9, "percent_covered": 0.0, "percent_covered_display": "0", "missing_lines": 9, "excluded_lines": 0}, "missing_lines": [164, 165, 166, 167, 168, 169, 170, 171, 172], "excluded_lines": []}, "srt_to_transcription_result": {"executed_lines": [], "summary": {"covered_lines": 0, "num_statements": 6, "percent_covered": 0.0, "percent_covered_display": "0", "missing_lines": 6, "excluded_lines": 0}, "missing_lines": [176, 177, 178, 179, 185, 186], "excluded_lines": []}, "split_lines": {"executed_lines": [], "summary": {"covered_lines": 0, "num_statements": 5, "percent_covered": 0.0, "percent_covered_display": "0", "missing_lines": 5, "excluded_lines": 0}, "missing_lines": [190, 191, 192, 193, 194], "excluded_lines": []}, "is_url": {"executed_lines": [], "summary": {"covered_lines": 0, "num_statements": 5, "percent_covered": 0.0, "percent_covered_display": "0", "missing_lines": 5, "excluded_lines": 0}, "missing_lines": [198, 199, 200, 201, 202], "excluded_lines": []}, "download_captions": {"executed_lines": [], "summary": {"covered_lines": 0, "num_statements": 9, "percent_covered": 0.0, "percent_covered_display": "0", "missing_lines": 9, "excluded_lines": 0}, "missing_lines": [206, 207, 208, 209, 210, 211, 212, 213, 214], "excluded_lines": []}, "determine_alignment_code": {"executed_lines": [], "summary": {"covered_lines": 0, "num_statements": 41, "percent_covered": 0.0, "percent_covered_display": "0", "missing_lines": 41, "excluded_lines": 0}, "missing_lines": [224, 226, 233, 234, 235, 236, 237, 238, 239, 242, 243, 244, 245, 246, 247, 248, 250, 251, 253, 254, 255, 256, 257, 258, 259, 260, 263, 264, 265, 268, 269, 270, 271, 272, 273, 275, 276, 278, 279, 281, 282], "excluded_lines": []}, "create_style_line": {"executed_lines": [], "summary": {"covered_lines": 0, "num_statements": 28, "percent_covered": 0.0, "percent_covered_display": "0", "missing_lines": 28, "excluded_lines": 0}, "missing_lines": [288, 289, 290, 291, 292, 294, 295, 296, 297, 299, 300, 301, 302, 303, 304, 305, 306, 307, 308, 309, 310, 312, 313, 314, 317, 319, 325, 326], "excluded_lines": []}, "generate_ass_header": {"executed_lines": [], "summary": {"covered_lines": 0, "num_statements": 7, "percent_covered": 0.0, "percent_covered_display": "0", "missing_lines": 7, "excluded_lines": 0}, "missing_lines": [332, 341, 342, 344, 346, 347, 348], "excluded_lines": []}, "handle_classic": {"executed_lines": [], "summary": {"covered_lines": 0, "num_statements": 21, "percent_covered": 0.0, "percent_covered_display": "0", "missing_lines": 21, "excluded_lines": 0}, "missing_lines": [356, 357, 358, 359, 361, 362, 363, 364, 366, 372, 374, 375, 376, 377, 378, 379, 380, 381, 382, 383, 384], "excluded_lines": []}, "handle_karaoke": {"executed_lines": [], "summary": {"covered_lines": 0, "num_statements": 46, "percent_covered": 0.0, "percent_covered_display": "0", "missing_lines": 46, "excluded_lines": 0}, "missing_lines": [390, 391, 392, 393, 395, 396, 397, 398, 400, 405, 407, 409, 410, 411, 412, 413, 415, 416, 417, 418, 419, 420, 421, 422, 423, 424, 425, 426, 427, 428, 429, 43
[...]
ed_lines": 0, "num_statements": 14, "percent_covered": 0.0, "percent_covered_display": "0", "missing_lines": 14, "excluded_lines": 0}, "missing_lines": [57, 63, 89, 92, 93, 96, 99, 100, 102, 103, 104, 105, 108, 114], "excluded_lines": []}, "process_transcribe_media": {"executed_lines": [], "summary": {"covered_lines": 0, "num_statements": 91, "percent_covered": 0.0, "percent_covered_display": "0", "missing_lines": 91, "excluded_lines": 0}, "missing_lines": [118, 119, 120, 122, 124, 127, 128, 129, 130, 131, 132, 133, 134, 135, 138, 139, 140, 141, 142, 143, 146, 154, 155, 158, 163, 164, 165, 168, 169, 170, 172, 174, 175, 177, 178, 179, 181, 183, 184, 186, 187, 188, 189, 192, 193, 194, 195, 196, 197, 198, 201, 202, 204, 207, 208, 211, 217, 218, 221, 222, 223, 224, 225, 226, 228, 230, 231, 233, 234, 235, 237, 238, 241, 242, 243, 244, 246, 248, 249, 250, 251, 253, 255, 256, 257, 258, 260, 262, 264, 265, 266], "excluded_lines": []}, "": {"executed_lines": [19, 20, 21, 22, 23, 24, 27, 28, 31, 54, 116], "summary": {"covered_lines": 11, "num_statements": 11, "percent_covered": 100.0, "percent_covered_display": "100", "missing_lines": 0, "excluded_lines": 0}, "missing_lines": [], "excluded_lines": []}}, "classes": {"": {"executed_lines": [19, 20, 21, 22, 23, 24, 27, 28, 31, 54, 116], "summary": {"covered_lines": 11, "num_statements": 120, "percent_covered": 9.166666666666666, "percent_covered_display": "9", "missing_lines": 109, "excluded_lines": 0}, "missing_lines": [33, 40, 41, 51, 57, 63, 89, 92, 93, 96, 99, 100, 102, 103, 104, 105, 108, 114, 118, 119, 120, 122, 124, 127, 128, 129, 130, 131, 132, 133, 134, 135, 138, 139, 140, 141, 142, 143, 146, 154, 155, 158, 163, 164, 165, 168, 169, 170, 172, 174, 175, 177, 178, 179, 181, 183, 184, 186, 187, 188, 189, 192, 193, 194, 195, 196, 197, 198, 201, 202, 204, 207, 208, 211, 217, 218, 221, 222, 223, 224, 225, 226, 228, 230, 231, 233, 234, 235, 237, 238, 241, 242, 243, 244, 246, 248, 249, 250, 251, 253, 255, 256, 257, 258, 260, 262, 264, 265, 266], "excluded_lines": []}}}, "services/v1/media/metadata.py": {"executed_lines": [19, 20, 21, 22, 23, 24, 27, 28, 30], "summary": {"covered_lines": 9, "num_statements": 83, "percent_covered": 10.843373493975903, "percent_covered_display": "11", "missing_lines": 74, "excluded_lines": 0}, "missing_lines": [41, 44, 45, 47, 49, 52, 53, 56, 65, 66, 68, 69, 70, 72, 75, 76, 79, 80, 82, 83, 84, 87, 88, 91, 92, 93, 96, 97, 98, 100, 101, 103, 104, 107, 108, 111, 112, 113, 114, 117, 118, 119, 120, 121, 122, 123, 126, 127, 128, 131, 132, 134, 135, 138, 139, 142, 143, 146, 147, 148, 151, 152, 153, 156, 157, 160, 161, 162, 164, 166, 167, 170, 171, 173], "excluded_lines": [], "functions": {"get_media_metadata": {"executed_lines": [], "summary": {"covered_lines": 0, "num_statements": 74, "percent_covered": 0.0, "percent_covered_display": "0", "missing_lines": 74, "excluded_lines": 0}, "missing_lines": [41, 44, 45, 47, 49, 52, 53, 56, 65, 66, 68, 69, 70, 72, 75, 76, 79, 80, 82, 83, 84, 87, 88, 91, 92, 93, 96, 97, 98, 100, 101, 103, 104, 107, 108, 111, 112, 113, 114, 117, 118, 119, 120, 121, 122, 123, 126, 127, 128, 131, 132, 134, 135, 138, 139, 142, 143, 146, 147, 148, 151, 152, 153, 156, 157, 160, 161, 162, 164, 166, 167, 170, 171, 173], "excluded_lines": []}, "": {"executed_lines": [19, 20, 21, 22, 23, 24, 27, 28, 30], "summary": {"covered_lines": 9, "num_statements": 9, "percent_covered": 100.0, "percent_covered_display": "100", "missing_lines": 0, "excluded_lines": 0}, "missing_lines": [], "excluded_lines": []}}, "classes": {"": {"executed_lines": [19, 20, 21, 22, 23, 24, 27, 28, 30], "summary": {"covered_lines": 9, "num_statements": 83, "percent_covered": 10.843373493975903, "percent_covered_display": "11", "missing_lines": 74, "excluded_lines": 0}, "missing_lines": [41, 44, 45, 47, 49, 52, 53, 56, 65, 66, 68, 69, 70, 72, 75, 76, 79, 80, 82, 83, 84, 87, 88, 91, 92, 93, 96, 97, 98, 100, 101, 103, 104, 107, 108, 111, 112, 113, 114, 117, 118, 119, 120, 121, 122, 123, 126, 127, 128, 131, 132, 134, 135, 138, 139, 142, 143, 146, 147, 148, 151, 152, 153, 156, 157, 160, 161, 162, 164, 166, 167, 170, 171, 173], "excluded_lines": []}}}, "services/v1/media/silence.py": {"executed_lines": [19, 20, 21, 22, 23, 24, 25, 28, 29, 31, 167], "summary": {"covered_lines": 11, "num_statements": 74, "percent_covered": 14.864864864864865, "percent_covered_display": "15", "missing_lines": 63, "excluded_lines": 0}, "missing_lines": [47, 48, 49, 51, 54, 58, 61, 62, 64, 65, 67, 68, 69, 70, 71, 73, 74, 76, 77, 78, 79, 80, 83, 86, 89, 92, 93, 96, 97, 100, 102, 105, 108, 111, 112, 115, 118, 121, 124, 127, 128, 129, 135, 136, 137, 140, 141, 142, 145, 146, 148, 155, 156, 158, 160, 161, 163, 164, 165, 177, 178, 179, 181], "excluded_lines": [], "functions": {"detect_silence": {"executed_lines": [], "summary": {"covered_lines": 0, "num_statements": 59, "percent_covered": 0.0, "percent_covered_display": "0", "missing_lines": 59, "excluded_lines": 0}, "missing_lines": [47, 48, 49, 51, 54, 58, 61, 62, 64, 65, 67, 68, 69, 70, 71, 73, 74, 76, 77, 78, 79, 80, 83, 86, 89, 92, 93, 96, 97, 100, 102, 105, 108, 111, 112, 115, 118, 121, 124, 127, 128, 129, 135, 136, 137, 140, 141, 142, 145, 146, 148, 155, 156, 158, 160, 161, 163, 164, 165], "excluded_lines": []}, "format_time": {"executed_lines": [], "summary": {"covered_lines": 0, "num_statements": 4, "percent_covered": 0.0, "percent_covered_display": "0", "missing_lines": 4, "excluded_lines": 0}, "missing_lines": [177, 178, 179, 181], "excluded_lines": []}, "": {"executed_lines": [19, 20, 21, 22, 23, 24, 25, 28, 29, 31, 167], "summary": {"covered_lines": 11, "num_statements": 11, "percent_covered": 100.0, "percent_covered_display": "100", "missing_lines": 0, "excluded_lines": 0}, "missing_lines": [], "excluded_lines": []}}, "classes": {"": {"executed_lines": [19, 20, 21, 22, 23, 24, 25, 28, 29, 31, 167], "summary": {"covered_lines": 11, "num_statements": 74, "percent_covered": 14.864864864864865, "percent_covered_display": "15", "missing_lines": 63, "excluded_lines": 0}, "missing_lines": [47, 48, 49, 51, 54, 58, 61, 62, 64, 65, 67, 68, 69, 70, 71, 73, 74, 76, 77, 78, 79, 80, 83, 86, 89, 92, 93, 96, 97, 100, 102, 105, 108, 111, 112, 115, 118, 121, 124, 127, 128, 129, 135, 136, 137, 140, 141, 142, 145, 146, 148, 155, 156, 158, 160, 161, 163, 164, 165, 177, 178, 179, 181], "excluded_lines": []}}}, "services/v1/s3/upload.py": {"executed_lines": [19, 20, 21, 22, 23, 24, 25, 27, 29, 44, 55], "summary": {"covered_lines": 11, "num_statements": 61, "percent_covered": 18.0327868852459, "percent_covered_display": "18", "missing_lines": 50, "excluded_lines": 0}, "missing_lines": [31, 32, 33, 34, 36, 42, 46, 47, 50, 51, 53, 68, 70, 71, 74, 77, 78, 80, 83, 84, 86, 92, 95, 96, 99, 100, 101, 103, 105, 106, 109, 110, 111, 119, 124, 125, 128, 129, 130, 138, 144, 145, 153, 155, 156, 159, 165, 172, 173, 174], "excluded_lines": [], "functions": {"get_s3_client": {"executed_lines": [], "summary": {"covered_lines": 0, "num_statements": 6, "percent_covered": 0.0, "percent_covered_display": "0", "missing_lines": 6, "excluded_lines": 0}, "missing_lines": [31, 32, 33, 34, 36, 42], "excluded_lines": []}, "get_filename_from_url": {"executed_lines": [], "summary": {"covered_lines": 0, "num_statements": 5, "percent_covered": 0.0, "percent_covered_display": "0", "missing_lines": 5, "excluded_lines": 0}, "missing_lines": [46, 47, 50, 51, 53], "excluded_lines": []}, "stream_upload_to_s3": {"executed_lines": [], "summary": {"covered_lines": 0, "num_statements": 39, "percent_covered": 0.0, "percent_covered_display": "0", "missing_lines": 39, "excluded_lines": 0}, "missing_lines": [68, 70, 71, 74, 77, 78, 80, 83, 84, 86, 92, 95, 96, 99, 100, 101, 103, 105, 106, 109, 110, 111, 119, 124, 125, 128, 129, 130, 138, 144, 145, 153, 155, 156, 159, 165, 172, 173, 174], "excluded_lines": []}, "": {"executed_lines": [19, 20, 21, 22, 23, 24, 25, 27, 29, 44, 55], "summary": {"covered_lines": 11, "num_statements": 11, "percent_covered": 100.0, "percent_covered_display": "100", "missing_lines": 0, "excluded_lines": 0}, "missing_lines": [], "excluded_lines": []}}, "classes": {"": {"executed_lines": [19, 20, 21, 22, 23, 24, 25, 27, 29, 44, 55], "summary": {"covered_lines": 11, "num_statements": 61, "percent_covered": 18.0327868852459, "percent_covered_display": "18", "missing_lines": 50, "excluded_lines": 0}, "missing_lines": [31, 32, 33, 34, 36, 42, 46, 47, 50, 51, 53, 68, 70, 71, 74, 77, 78, 80, 83, 84, 86, 92, 95, 96, 99, 100, 101, 103, 105, 106, 109, 110, 111, 119, 124, 125, 128, 129, 130, 138, 144, 145, 153, 155, 156, 159, 165, 172, 173, 174], "excluded_lines": []}}}, "services/v1/video/concatenate.py": {"executed_lines": [19, 20, 21, 22, 23, 25], "summary": {"covered_lines": 6, "num_statements": 29, "percent_covered": 20.689655172413794, "percent_covered_display": "21", "missing_lines": 23, "excluded_lines": 0}, "missing_lines": [27, 28, 29, 31, 33, 34, 35, 36, 39, 40, 41, 43, 46, 53, 54, 56, 58, 61, 62, 64, 65, 66, 67], "excluded_lines": [], "functions": {"process_video_concatenate": {"executed_lines": [], "summary": {"covered_lines": 0, "num_statements": 23, "percent_covered": 0.0, "percent_covered_display": "0", "missing_lines": 23, "excluded_lines": 0}, "missing_lines": [27, 28, 29, 31, 33, 34, 35, 36, 39, 40, 41, 43, 46, 53, 54, 56, 58, 61, 62, 64, 65, 66, 67], "excluded_lines": []}, "": {"executed_lines": [19, 20, 21, 22, 23, 25], "summary": {"covered_lines": 6, "num_statements": 6, "percent_covered": 100.0, "percent_covered_display": "100", "missing_lines": 0, "excluded_lines": 0}, "missing_lines": [], "excluded_lines": []}}, "classes": {"": {"executed_lines": [19, 20, 21, 22, 23, 25], "summary": {"covered_lines": 6, "num_statements": 29, "percent_covered": 20.689655172413794, "percent_covered_display": "21", "missing_lines": 23, "excluded_lines": 0}, "missing_lines": [27, 28, 29, 31, 33, 34, 35, 36, 39, 40, 41, 43, 46, 53, 54, 56, 58, 61, 62, 64, 65, 66, 67], "excluded_lines": []}}}, "services/v1/video/cut.py": {"executed_lines": [19, 20, 21, 22, 23, 24, 25, 26, 27, 30, 31, 33, 56], "summary": {"covered_lines": 13, "num_statements": 122, "percent_covered": 10.655737704918034, "percent_covered_display": "11", "missing_lines": 109, "excluded_lines": 0}, "missing_lines": [43, 44, 45, 46, 47, 48, 49, 50, 52, 53, 54, 74, 75, 76, 78, 80, 82, 85, 88, 95, 96, 97, 98, 99, 100, 101, 104, 105, 106, 107, 110, 111, 113, 114, 115, 117, 118, 119, 122, 123, 126, 127, 129, 130, 131, 132, 133, 135, 136, 138, 140, 142, 143, 144, 150, 153, 156, 157, 159, 160, 161, 162, 165, 166, 182, 183, 185, 186, 187, 189, 192, 193, 194, 195, 197, 212, 213, 215, 216, 217, 220, 222, 223, 225, 226, 227, 230, 246, 247, 249, 250, 251, 254, 256, 259, 260, 261, 262, 264, 266, 267, 269, 270, 271, 273, 274, 276, 277, 279], "excluded_lines": [], "functions": {"time_to_seconds": {"executed_lines": [], "summary": {"covered_lines": 0, "num_statements": 11, "percent_covered": 0.0, "percent_covered_display": "0", "missing_lines": 11, "excluded_lines": 0}, "missing_lines": [43, 44, 45, 46, 47, 48, 49, 50, 52, 53, 54], "excluded_lines": []}, "cut_media": {"executed_lines": [], "summary": {"covered_lines": 0, "num_statements": 98, "percent_covered": 0.0, "percent_covered_display": "0", "missing_lines": 98, "excluded_lines": 0}, "missing_lines": [74, 75, 76, 78, 80, 82, 85, 88, 95, 96, 97, 98, 99, 100, 101, 104, 105, 106, 107, 110, 111, 113, 114, 115, 117, 118, 119, 122, 123, 126, 127, 129, 130, 131, 132, 133, 135, 136, 138, 140, 142, 143, 144, 150, 153, 156, 157, 159, 160, 161, 162, 165, 166, 182, 183, 185, 186, 187, 189, 192, 193, 194, 195, 197, 212, 213, 215, 216, 217, 220, 222, 223, 225, 226, 227, 230, 246, 247, 249, 250, 251, 254, 256, 259, 260, 261, 262, 264, 266, 267, 269, 270, 271, 273, 274, 276, 277, 279], "excluded_lines": []}, "": {"executed_lines": [19, 20, 21, 22, 23, 24, 25, 26, 27, 30, 31, 33, 56], "summary": {"covered_lines": 13, "num_statements": 13, "percent_covered": 100.0, "percent_covered_display": "100", "missing_lines": 0, "excluded_lines": 0}, "missing_lines": [], "excluded_lines": []}}, "classes": {"": {"executed_lines": [19, 20, 21, 22, 23, 24, 25, 26, 27, 30, 31, 33, 56], "summary": {"covered_lines": 13, "num_statements": 122, "percent_covered": 10.655737704918034, "percent_covered_display": "11", "missing_lines": 109, "excluded_lines": 0}, "missing_lines": [43, 44, 45, 46, 47, 48, 49, 50, 52, 53, 54, 74, 75, 76, 78, 80, 82, 85, 88, 95, 96, 97, 98, 99, 100, 101, 104, 105, 106, 107, 110, 111, 113, 114, 115, 117, 118, 119, 122, 123, 126, 127, 129, 130, 131, 132, 133, 135, 136, 138, 140, 142, 143, 144, 150, 153, 156, 157, 159, 160, 161, 162, 165, 166, 182, 183, 185, 186, 187, 189, 192, 193, 194, 195, 197, 212, 213, 215, 216, 217, 220, 222, 223, 225, 226, 227, 230, 246, 247, 249, 250, 251, 254, 256, 259, 260, 261, 262, 264, 266, 267, 269, 270, 271, 273, 274, 276, 277, 279], "excluded_lines": []}}}, "services/v1/video/split.py": {"executed_lines": [19, 20, 21, 22, 23, 24, 25, 26, 29, 30, 32, 55], "summary": {"covered_lines": 12, "num_statements": 79, "percent_covered": 15.189873417721518, "percent_covered_display": "15", "missing_lines": 67, "excluded_lines": 0}, "missing_lines": [42, 43, 44, 45, 46, 47, 48, 49, 51, 52, 53, 73, 74, 75, 77, 78, 80, 82, 84, 87, 94, 96, 97, 98, 99, 100, 101, 104, 105, 106, 107, 108, 111, 112, 113, 115, 116, 117, 119, 120, 121, 124, 125, 126, 127, 129, 130, 132, 135, 137, 140, 154, 157, 159, 160, 161, 164, 165, 168, 170, 171, 174, 175, 177, 178, 179, 181], "excluded_lines": [], "functions": {"time_to_seconds": {"executed_lines": [], "summary": {"covered_lines": 0, "num_statements": 11, "percent_covered": 0.0, "percent_covered_display": "0", "missing_lines": 11, "excluded_lines": 0}, "missing_lines": [42, 43, 44, 45, 46, 47, 48, 49, 51, 52, 53], "excluded_lines": []}, "split_video": {"executed_lines": [], "summary": {"covered_lines": 0, "num_statements": 56, "percent_covered": 0.0, "percent_covered_display": "0", "missing_lines": 56, "excluded_lines": 0}, "missing_lines": [73, 74, 75, 77, 78, 80, 82, 84, 87, 94, 96, 97, 98, 99, 100, 101, 104, 105, 106, 107, 108, 111, 112, 113, 115, 116, 117, 119, 120, 121, 124, 125, 126, 127, 129, 130, 132, 135, 137, 140, 154, 157, 159, 160, 161, 164, 165, 168, 170, 171, 174, 175, 177, 178, 179, 181], "excluded_lines": []}, "": {"executed_lines": [19, 20, 21, 22, 23, 24, 25, 26, 29, 30, 32, 55], "summary": {"covered_lines": 12, "num_statements": 12, "percent_covered": 100.0, "percent_covered_display": "100", "missing_lines": 0, "excluded_lines": 0}, "missing_lines": [], "excluded_lines": []}}, "classes": {"": {"executed_lines": [19, 20, 21, 22, 23, 24, 25, 26, 29, 30, 32, 55], "summary": {"covered_lines": 12, "num_statements": 79, "percent_covered": 15.189873417721518, "percent_covered_display": "15", "missing_lines": 67, "excluded_lines": 0}, "missing_lines": [42, 43, 44, 45, 46, 47, 48, 49, 51, 52, 53, 73, 74, 75, 77, 78, 80, 82, 84, 87, 94, 96, 97, 98, 99, 100, 101, 104, 105, 106, 107, 108, 111, 112, 113, 115, 116, 117, 119, 120, 121, 124, 125, 126, 127, 129, 130, 132, 135, 137, 140, 154, 157, 159, 160, 161, 164, 165, 168, 170, 171, 174, 175, 177, 178, 179, 181], "excluded_lines": []}}}, "services/v1/video/thumbnail.py": {"executed_lines": [19, 20, 21, 22, 24], "summary": {"covered_lines": 5, "num_statements": 18, "percent_covered": 27.77777777777778, "percent_covered_display": "28", "missing_lines": 13, "excluded_lines": 0}, "missing_lines": [37, 40, 42, 44, 53, 56, 57, 59, 61, 62, 64, 65, 66], "excluded_lines": [], "functions": {"extract_thumbnail": {"executed_lines": [], "summary": {"covered_lines": 0, "num_statements": 13, "percent_covered": 0.0, "percent_covered_display": "0", "missing_lines": 13, "excluded_lines": 0}, "missing_lines": [37, 40, 42, 44, 53, 56, 57, 59, 61, 62, 64, 65, 66], "excluded_lines": []}, "": {"executed_lines": [19, 20, 21, 22, 24], "summary": {"covered_lines": 5, "num_statements": 5, "percent_covered": 100.0, "percent_covered_display": "100", "missing_lines": 0, "excluded_lines": 0}, "missing_lines": [], "excluded_lines": []}}, "classes": {"": {"executed_lines": [19, 20, 21, 22, 24], "summary": {"covered_lines": 5, "num_statements": 18, "percent_covered": 27.77777777777778, "percent_covered_display": "28", "missing_lines": 13, "excluded_lines": 0}, "missing_lines": [37, 40, 42, 44, 53, 56, 57, 59, 61, 62, 64, 65, 66], "excluded_lines": []}}}, "services/v1/video/trim.py": {"executed_lines": [19, 20, 21, 22, 23, 24, 25, 26, 29, 30, 32, 58], "summary": {"covered_lines": 12, "num_statements": 77, "percent_covered": 15.584415584415584, "percent_covered_display": "16", "missing_lines": 65, "excluded_lines": 0}, "missing_lines": [42, 43, 45, 46, 47, 48, 49, 50, 51, 52, 54, 55, 56, 77, 78, 79, 81, 82, 84, 86, 89, 92, 99, 101, 102, 103, 104, 105, 106, 109, 110, 113, 114, 115, 117, 118, 119, 121, 122, 125, 127, 129, 131, 133, 134, 136, 137, 138, 140, 143, 153, 154, 156, 159, 161, 162, 163, 166, 168, 169, 172, 173, 175, 176, 178], "excluded_lines": [], "functions": {"time_to_seconds": {"executed_lines": [], "summary": {"covered_lines": 0, "num_statements": 13, "percent_covered": 0.0, "percent_covered_display": "0", "missing_lines": 13, "excluded_lines": 0}, "missing_lines": [42, 43, 45, 46, 47, 48, 49, 50, 51, 52, 54, 55, 56], "excluded_lines": []}, "trim_video": {"executed_lines": [], "summary": {"covered_lines": 0, "num_statements": 52, "percent_covered": 0.0, "percent_covered_display": "0", "missing_lines": 52, "excluded_lines": 0}, "missing_lines": [77, 78, 79, 81, 82, 84, 86, 89, 92, 99, 101, 102, 103, 104, 105, 106, 109, 110, 113, 114, 115, 117, 118, 119, 121, 122, 125, 127, 129, 131, 133, 134, 136, 137, 138, 140, 143, 153, 154, 156, 159, 161, 162, 163, 166, 168, 169, 172, 173, 175, 176, 178], "excluded_lines": []}, "": {"executed_lines": [19, 20, 21, 22, 23, 24, 25, 26, 29, 30, 32, 58], "summary": {"covered_lines": 12, "num_statements": 12, "percent_covered": 100.0, "percent_covered_display": "100", "missing_lines": 0, "excluded_lines": 0}, "missing_lines": [], "excluded_lines": []}}, "classes": {"": {"executed_lines": [19, 20, 21, 22, 23, 24, 25, 26, 29, 30, 32, 58], "summary": {"covered_lines": 12, "num_statements": 77, "percent_covered": 15.584415584415584, "percent_covered_display": "16", "missing_lines": 65, "excluded_lines": 0}, "missing_lines": [42, 43, 45, 46, 47, 48, 49, 50, 51, 52, 54, 55, 56, 77, 78, 79, 81, 82, 84, 86, 89, 92, 99, 101, 102, 103, 104, 105, 106, 109, 110, 113, 114, 115, 117, 118, 119, 121, 122, 125, 127, 129, 131, 133, 134, 136, 137, 138, 140, 143, 153, 154, 156, 159, 161, 162, 163, 166, 168, 169, 172, 173, 175, 176, 178], "excluded_lines": []}}}, "services/webhook.py": {"executed_lines": [19, 20, 22, 24], "summary": {"covered_lines": 4, "num_statements": 11, "percent_covered": 36.36363636363637, "percent_covered_display": "36", "missing_lines": 7, "excluded_lines": 0}, "missing_lines": [26, 27, 28, 29, 30, 31, 32], "excluded_lines": [], "functions": {"send_webhook": {"executed_lines": [], "summary": {"covered_lines": 0, "num_statements": 7, "percent_covered": 0.0, "percent_covered_display": "0", "missing_lines": 7, "excluded_lines": 0}, "missing_lines": [26, 27, 28, 29, 30, 31, 32], "excluded_lines": []}, "": {"executed_lines": [19, 20, 22, 24], "summary": {"covered_lines": 4, "num_statements": 4, "percent_covered": 100.0, "percent_covered_display": "100", "missing_lines": 0, "excluded_lines": 0}, "missing_lines": [], "excluded_lines": []}}, "classes": {"": {"executed_lines": [19, 20, 22, 24], "summary": {"covered_lines": 4, "num_statements": 11, "percent_covered": 36.36363636363637, "percent_covered_display": "36", "missing_lines": 7, "excluded_lines": 0}, "missing_lines": [26, 27, 28, 29, 30, 31, 32], "excluded_lines": []}}}}, "totals": {"covered_lines": 938, "num_statements": 4080, "percent_covered": 22.99019607843137, "percent_covered_display": "23", "missing_lines": 3142, "excluded_lines": 0}}