{"meta": {"format": 3, "version": "7.10.2", "timestamp": "2025-08-10T18:54:16.649685", "branch_coverage": false, "show_contexts": false}, "files": {"app.py": {"executed_lines": [19, 20, 21, 22, 23, 24, 25, 26, 27, 28, 29, 31, 33, 34, 37, 41, 42, 45, 46, 49, 50, 51, 101, 104, 200, 203, 204, 207, 209, 211, 214, 215, 217, 225, 228, 231, 244, 245, 248, 255, 256, 258, 260], "summary": {"covered_lines": 43, "num_statements": 78, "percent_covered": 55.12820512820513, "percent_covered_display": "55", "missing_lines": 35, "excluded_lines": 0}, "missing_lines": [52, 53, 54, 57, 65, 66, 67, 69, 86, 95, 96, 98, 105, 106, 107, 108, 109, 110, 112, 115, 123, 124, 126, 142, 150, 152, 153, 165, 173, 176, 184, 186, 197, 198, 261], "excluded_lines": [], "functions": {"create_app": {"executed_lines": [34, 37, 41, 42, 45, 46, 49, 101, 104, 200, 203, 204, 207, 209], "summary": {"covered_lines": 14, "num_statements": 14, "percent_covered": 100.0, "percent_covered_display": "100", "missing_lines": 0, "excluded_lines": 0}, "missing_lines": [], "excluded_lines": []}, "create_app.process_queue": {"executed_lines": [50, 51], "summary": {"covered_lines": 2, "num_statements": 14, "percent_covered": 14.285714285714286, "percent_covered_display": "14", "missing_lines": 12, "excluded_lines": 0}, "missing_lines": [52, 53, 54, 57, 65, 66, 67, 69, 86, 95, 96, 98], "excluded_lines": []}, "create_app.queue_task": {"executed_lines": [], "summary": {"covered_lines": 0, "num_statements": 2, "percent_covered": 0.0, "percent_covered_display": "0", "missing_lines": 2, "excluded_lines": 0}, "missing_lines": [105, 198], "excluded_lines": []}, "create_app.queue_task.decorator": {"executed_lines": [], "summary": {"covered_lines": 0, "num_statements": 2, "percent_covered": 0.0, "percent_covered_display": "0", "missing_lines": 2, "excluded_lines": 0}, "missing_lines": [106, 197], "excluded_lines": []}, "create_app.queue_task.decorator.wrapper": {"executed_lines": [], "summary": {"covered_lines": 0, "num_statements": 18, "percent_covered": 0.0, "percent_covered_display": "0", "missing_lines": 18, "excluded_lines": 0}, "missing_lines": [107, 108, 109, 110, 112, 115, 123, 124, 126, 142, 150, 152, 153, 165, 173, 176, 184, 186], "excluded_lines": []}, "health_check": {"executed_lines": [225, 228, 231, 244, 245, 248, 255, 256, 258], "summary": {"covered_lines": 9, "num_statements": 9, "percent_covered": 100.0, "percent_covered_display": "100", "missing_lines": 0, "excluded_lines": 0}, "missing_lines": [], "excluded_lines": []}, "": {"executed_lines": [19, 20, 21, 22, 23, 24, 25, 26, 27, 28, 29, 31, 33, 211, 214, 215, 217, 260], "summary": {"covered_lines": 18, "num_statements": 19, "percent_covered": 94.73684210526316, "percent_covered_display": "95", "missing_lines": 1, "excluded_lines": 0}, "missing_lines": [261], "excluded_lines": []}}, "classes": {"": {"executed_lines": [19, 20, 21, 22, 23, 24, 25, 26, 27, 28, 29, 31, 33, 34, 37, 41, 42, 45, 46, 49, 50, 51, 101, 104, 200, 203, 204, 207, 209, 211, 214, 215, 217, 225, 228, 231, 244, 245, 248, 255, 256, 258, 260], "summary": {"covered_lines": 43, "num_statements": 78, "percent_covered": 55.12820512820513, "percent_covered_display": "55", "missing_lines": 35, "excluded_lines": 0}, "missing_lines": [52, 53, 54, 57, 65, 66, 67, 69, 86, 95, 96, 98, 105, 106, 107, 108, 109, 110, 112, 115, 123, 124, 126, 142, 150, 152, 153, 165, 173, 176, 184, 186, 197, 198, 261], "excluded_lines": []}}}, "routes/audio_mixing.py": {"executed_lines": [19, 20, 21, 22, 23, 24, 26, 27, 29, 30, 31, 45, 46], "summary": {"covered_lines": 13, "num_statements": 29, "percent_covered": 44.827586206896555, "percent_covered_display": "45", "missing_lines": 16, "excluded_lines": 0}, "missing_lines": [47, 48, 49, 50, 51, 52, 53, 55, 57, 59, 64, 66, 69, 71, 72, 73], "excluded_lines": [], "functions": {"audio_mixing": {"executed_lines": [], "summary": {"covered_lines": 0, "num_statements": 16, "percent_covered": 0.0, "percent_covered_display": "0", "missing_lines": 16, "excluded_lines": 0}, "missing_lines": [47, 48, 49, 50, 51, 52, 53, 55, 57, 59, 64, 66, 69, 71, 72, 73], "excluded_lines": []}, "": {"executed_lines": [19, 20, 21, 22, 23, 24, 26, 27, 29, 30, 31, 45, 46], "summary": {"covered_lines": 13, "num_statements": 13, "percent_covered": 100.0, "percent_covered_display": "100", "missing_lines": 0, "excluded_lines": 0}, "missing_lines": [], "excluded_lines": []}}, "classes": {"": {"executed_lines": [19, 20, 21, 22, 23, 24, 26, 27, 29, 30, 31, 45, 46], "summary": {"covered_lines": 13, "num_statements": 29, "percent_covered": 44.827586206896555, "percent_covered_display": "45", "missing_lines": 16, "excluded_lines": 0}, "missing_lines": [47, 48, 49, 50, 51, 52, 53, 55, 57, 59, 64, 66, 69, 71, 72, 73], "excluded_lines": []}}}, "routes/authenticate.py": {"executed_lines": [19, 20, 21, 22, 24, 26, 28, 29, 30], "summary": {"covered_lines": 9, "num_statements": 13, "percent_covered": 69.23076923076923, "percent_covered_display": "69", "missing_lines": 4, "excluded_lines": 0}, "missing_lines": [31, 32, 33, 35], "excluded_lines": [], "functions": {"authenticate_endpoint": {"executed_lines": [], "summary": {"covered_lines": 0, "num_statements": 4, "percent_covered": 0.0, "percent_covered_display": "0", "missing_lines": 4, "excluded_lines": 0}, "missing_lines": [31, 32, 33, 35], "excluded_lines": []}, "": {"executed_lines": [19, 20, 21, 22, 24, 26, 28, 29, 30], "summary": {"covered_lines": 9, "num_statements": 9, "percent_covered": 100.0, "percent_covered_display": "100", "missing_lines": 0, "excluded_lines": 0}, "missing_lines": [], "excluded_lines": []}}, "classes": {"": {"executed_lines": [19, 20, 21, 22, 24, 26, 28, 29, 30], "summary": {"covered_lines": 9, "num_statements": 13, "percent_covered": 69.23076923076923, "percent_covered_display": "69", "missing_lines": 4, "excluded_lines": 0}, "missing_lines": [31, 32, 33, 35], "excluded_lines": []}}}, "routes/caption_video.py": {"executed_lines": [19, 20, 21, 22], "summary": {"covered_lines": 4, "num_statements": 36, "percent_covered": 11.11111111111111, "percent_covered_display": "11", "missing_lines": 32, "excluded_lines": 0}, "missing_lines": [23, 24, 25, 27, 28, 30, 31, 32, 59, 60, 61, 62, 63, 64, 65, 66, 68, 69, 71, 72, 73, 75, 76, 78, 79, 80, 83, 85, 88, 90, 91, 92], "excluded_lines": [], "functions": {"caption_video": {"executed_lines": [], "summary": {"covered_lines": 0, "num_statements": 22, "percent_covered": 0.0, "percent_covered_display": "0", "missing_lines": 22, "excluded_lines": 0}, "missing_lines": [61, 62, 63, 64, 65, 66, 68, 69, 71, 72, 73, 75, 76, 78, 79, 80, 83, 85, 88, 90, 91, 92], "excluded_lines": []}, "": {"executed_lines": [19, 20, 21, 22], "summary": {"covered_lines": 4, "num_statements": 14, "percent_covered": 28.571428571428573, "percent_covered_display": "29", "missing_lines": 10, "excluded_lines": 0}, "missing_lines": [23, 24, 25, 27, 28, 30, 31, 32, 59, 60], "excluded_lines": []}}, "classes": {"": {"executed_lines": [19, 20, 21, 22], "summary": {"covered_lines": 4, "num_statements": 36, "percent_covered": 11.11111111111111, "percent_covered_display": "11", "missing_lines": 32, "excluded_lines": 0}, "missing_lines": [23, 24, 25, 27, 28, 30, 31, 32, 59, 60, 61, 62, 63, 64, 65, 66, 68, 69, 71, 72, 73, 75, 76, 78, 79, 80, 83, 85, 88, 90, 91, 92], "excluded_lines": []}}}, "routes/combine_videos.py": {"executed_lines": [19, 20, 21, 22, 23, 24, 26, 27, 29, 30, 31, 51, 52], "summary": {"covered_lines": 13, "num_statements": 26, "percent_covered": 50.0, "percent_covered_display": "50", "missing_lines": 13, "excluded_lines": 0}, "missing_lines": [53, 54, 55, 57, 59, 60, 61, 63, 64, 66, 68, 69, 70], "excluded_lines": [], "functions": {"combine_videos": {"executed_lines": [], "summary": {"covered_lines": 0, "num_statements": 13, "percent_covered": 0.0, "percent_covered_display": "0", "missing_lines": 13, "excluded_lines": 0}, "missing_lines": [53, 54, 55, 57, 59, 60, 61, 63, 64, 66, 68, 69, 70], "excluded_lines": []}, "": {"executed_lines": [19, 20, 21, 22, 23, 24, 26, 27, 29, 30, 31, 51, 52], "summary": {"covered_lines": 13, "num_statements": 13, "percent_covered": 100.0, "percent_covered_display": "100", "missing_lines": 0, "excluded_lines": 0}, "missing_lines": [], "excluded_lines": []}}, "classes": {"": {"executed_lines": [19, 20, 21, 22, 23, 24, 26, 27, 29, 30, 31, 51, 52], "summary": {"covered_lines": 13, "num_statements": 26, "percent_covered": 50.0, "percent_covered_display": "50", "missing_lines": 13, "excluded_lines": 0}, "missing_lines": [53, 54, 55, 57, 59, 60, 61, 63, 64, 66, 68, 69, 70], "excluded_lines": []}}}, "routes/extract_keyframes.py": {"executed_lines": [19, 20, 21, 22, 23, 24, 26, 27, 29, 30, 31, 41, 42], "summary": {"covered_lines": 13, "num_statements": 28, "percent_covered": 46.42857142857143, "percent_covered_display": "46", "missing_lines": 15, "excluded_lines": 0}, "missing_lines": [43, 44, 45, 47, 49, 51, 54, 55, 56, 57, 59, 62, 64, 65, 66], "excluded_lines": [], "functions": {"extract_keyframes": {"executed_lines": [], "summary": {"covered_lines": 0, "num_statements": 15, "percent_covered": 0.0, "percent_covered_display": "0", "missing_lines": 15, "excluded_lines": 0}, "missing_lines": [43, 44, 45, 47, 49, 51, 54, 55, 56, 57, 59, 62, 64, 65, 66], "excluded_lines": []}, "": {"executed_lines": [19, 20, 21, 22, 23, 24, 26, 27, 29, 30, 31, 41, 42], "summary": {"covered_lines": 13, "num_statements": 13, "percent_covered": 100.0, "percent_covered_display": "100", "missing_lines": 0, "excluded_lines": 0}, "missing_lines": [], "excluded_lines": []}}, "classes": {"": {"executed_lines": [19, 20, 21, 22, 23, 24, 26, 27, 29, 30, 31, 41, 42], "summary": {"covered_lines": 13, "num_statements": 28, "percent_covered": 46.42857142857143, "percent_covered_display": "46", "missing_lines": 15, "excluded_lines": 0}, "missing_lines": [43, 44, 45, 47, 49, 51, 54, 55, 56, 57, 59, 62, 64, 65, 66], "excluded_lines": []}}}, "routes/gdrive_upload.py": {"executed_lines": [19, 20, 21, 22, 23, 24, 25, 26, 27, 28, 29, 30, 31, 32, 35, 36, 39, 42, 43, 46, 47, 57, 58, 60, 75, 94, 162, 163, 164, 178, 179, 226, 230, 232, 233, 235, 236, 258, 261, 265], "summary": {"covered_lines": 40, "num_statements": 148, "percent_covered": 27.027027027027028, "percent_covered_display": "27", "missing_lines": 108, "excluded_lines": 0}, "missing_lines": [48, 49, 50, 51, 52, 53, 54, 64, 65, 69, 70, 71, 72, 73, 79, 80, 85, 89, 90, 91, 92, 98, 99, 100, 102, 105, 106, 108, 109, 110, 111, 112, 113, 114, 115, 116, 117, 118, 122, 123, 128, 130, 131, 132, 133, 134, 136, 137, 138, 139, 142, 143, 144, 145, 146, 147, 148, 149, 151, 152, 155, 158, 159, 160, 180, 182, 183, 184, 186, 187, 188, 189, 190, 191, 194, 195, 196, 197, 199, 200, 201, 202, 203, 204, 205, 206, 207, 208, 209, 211, 214, 215, 218, 220, 222, 223, 224, 237, 239, 240, 243, 244, 245, 251, 252, 253, 254, 255], "excluded_lines": [], "functions": {"UploadProgress.__init__": {"executed_lines": [], "summary": {"covered_lines": 0, "num_statements": 7, "percent_covered": 0.0, "percent_covered_display": "0", "missing_lines": 7, "excluded_lines": 0}, "missing_lines": [48, 49, 50, 51, 52, 53, 54], "excluded_lines": []}, "get_access_token": {"executed_lines": [], "summary": {"covered_lines": 0, "num_statements": 7, "percent_covered": 0.0, "percent_covered_display": "0", "missing_lines": 7, "excluded_lines": 0}, "missing_lines": [64, 65, 69, 70, 71, 72, 73], "excluded_lines": []}, "initiate_resumable_upload": {"executed_lines": [], "summary": {"covered_lines": 0, "num_statements": 7, "percent_covered": 0.0, "percent_covered_display": "0", "missing_lines": 7, "excluded_lines": 0}, "missing_lines": [79, 80, 85, 89, 90, 91, 92], "excluded_lines": []}, "upload_file_in_chunks": {"executed_lines": [], "summary": {"covered_lines": 0, "num_statements": 43, "percent_covered": 0.0, "percent_covered_display": "0", "missing_lines": 43, "excluded_lines": 0}, "missing_lines": [98, 99, 100, 102, 105, 106, 108, 109, 110, 111, 112, 113, 114, 115, 116, 117, 118, 122, 123, 128, 130, 131, 132, 133, 134, 136, 137, 138, 139, 142, 143, 144, 145, 146, 147, 148, 149, 151, 152, 155, 158, 159, 160], "excluded_lines": []}, "gdrive_upload": {"executed_lines": [], "summary": {"covered_lines": 0, "num_statements": 33, "percent_covered": 0.0, "percent_covered_display": "0", "missing_lines": 33, "excluded_lines": 0}, "missing_lines": [180, 182, 183, 184, 186, 187, 188, 189, 190, 191, 194, 195, 196, 197, 199, 200, 201, 202, 203, 204, 205, 206, 207, 208, 209, 211, 214, 215, 218, 220, 222, 223, 224], "excluded_lines": []}, "log_system_resources": {"executed_lines": [230, 232, 233, 235, 236, 258], "summary": {"covered_lines": 6, "num_statements": 17, "percent_covered": 35.294117647058826, "percent_covered_display": "35", "missing_lines": 11, "excluded_lines": 0}, "missing_lines": [237, 239, 240, 243, 244, 245, 251, 252, 253, 254, 255], "excluded_lines": []}, "": {"executed_lines": [19, 20, 21, 22, 23, 24, 25, 26, 27, 28, 29, 30, 31, 32, 35, 36, 39, 42, 43, 46, 47, 57, 58, 60, 75, 94, 162, 163, 164, 178, 179, 226, 261, 265], "summary": {"covered_lines": 34, "num_statements": 34, "percent_covered": 100.0, "percent_covered_display": "100", "missing_lines": 0, "excluded_lines": 0}, "missing_lines": [], "excluded_lines": []}}, "classes": {"UploadProgress": {"executed_lines": [], "summary": {"covered_lines": 0, "num_statements": 7, "percent_covered": 0.0, "percent_covered_display": "0", "missing_lines": 7, "excluded_lines": 0}, "missing_lines": [48, 49, 50, 51, 52, 53, 54], "excluded_lines": []}, "": {"executed_lines": [19, 20, 21, 22, 23, 24, 25, 26, 27, 28, 29, 30, 31, 32, 35, 36, 39, 42, 43, 46, 47, 57, 58, 60, 75, 94, 162, 163, 164, 178, 179, 226, 230, 232, 233, 235, 236, 258, 261, 265], "summary": {"covered_lines": 40, "num_statements": 141, "percent_covered": 28.368794326241133, "percent_covered_display": "28", "missing_lines": 101, "excluded_lines": 0}, "missing_lines": [64, 65, 69, 70, 71, 72, 73, 79, 80, 85, 89, 90, 91, 92, 98, 99, 100, 102, 105, 106, 108, 109, 110, 111, 112, 113, 114, 115, 116, 117, 118, 122, 123, 128, 130, 131, 132, 133, 134, 136, 137, 138, 139, 142, 143, 144, 145, 146, 147, 148, 149, 151, 152, 155, 158, 159, 160, 180, 182, 183, 184, 186, 187, 188, 189, 190, 191, 194, 195, 196, 197, 199, 200, 201, 202, 203, 204, 205, 206, 207, 208, 209, 211, 214, 215, 218, 220, 222, 223, 224, 237, 239, 240, 243, 244, 245, 251, 252, 253, 254, 255], "excluded_lines": []}}}, "routes/health.py": {"executed_lines": [1, 5, 6, 7, 8, 9, 12, 15, 17, 32, 49, 63, 92], "summary": {"covered_lines": 12, "num_statements": 48, "percent_covered": 25.0, "percent_covered_display": "25", "missing_lines": 36, "excluded_lines": 0}, "missing_lines": [20, 22, 26, 27, 34, 36, 37, 39, 43, 44, 51, 53, 57, 58, 65, 67, 70, 71, 74, 75, 78, 80, 86, 87, 103, 106, 113, 114, 115, 116, 117, 119, 122, 130, 131, 133], "excluded_lines": [], "functions": {"check_database_health": {"executed_lines": [], "summary": {"covered_lines": 0, "num_statements": 4, "percent_covered": 0.0, "percent_covered_display": "0", "missing_lines": 4, "excluded_lines": 0}, "missing_lines": [20, 22, 26, 27], "excluded_lines": []}, "check_storage_health": {"executed_lines": [], "summary": {"covered_lines": 0, "num_statements": 6, "percent_covered": 0.0, "percent_covered_display": "0", "missing_lines": 6, "excluded_lines": 0}, "missing_lines": [34, 36, 37, 39, 43, 44], "excluded_lines": []}, "check_api_health": {"executed_lines": [], "summary": {"covered_lines": 0, "num_statements": 4, "percent_covered": 0.0, "percent_covered_display": "0", "missing_lines": 4, "excluded_lines": 0}, "missing_lines": [51, 53, 57, 58], "excluded_lines": []}, "get_system_info": {"executed_lines": [], "summary": {"covered_lines": 0, "num_statements": 10, "percent_covered": 0.0, "percent_covered_display": "0", "missing_lines": 10, "excluded_lines": 0}, "missing_lines": [65, 67, 70, 71, 74, 75, 78, 80, 86, 87], "excluded_lines": []}, "health_check_disabled": {"executed_lines": [], "summary": {"covered_lines": 0, "num_statements": 12, "percent_covered": 0.0, "percent_covered_display": "0", "missing_lines": 12, "excluded_lines": 0}, "missing_lines": [103, 106, 113, 114, 115, 116, 117, 119, 122, 130, 131, 133], "excluded_lines": []}, "": {"executed_lines": [1, 5, 6, 7, 8, 9, 12, 15, 17, 32, 49, 63, 92], "summary": {"covered_lines": 12, "num_statements": 12, "percent_covered": 100.0, "percent_covered_display": "100", "missing_lines": 0, "excluded_lines": 0}, "missing_lines": [], "excluded_lines": []}}, "classes": {"": {"executed_lines": [1, 5, 6, 7, 8, 9, 12, 15, 17, 32, 49, 63, 92], "summary": {"covered_lines": 12, "num_statements": 48, "percent_covered": 25.0, "percent_covered_display": "25", "missing_lines": 36, "excluded_lines": 0}, "missing_lines": [20, 22, 26, 27, 34, 36, 37, 39, 43, 44, 51, 53, 57, 58, 65, 67, 70, 71, 74, 75, 78, 80, 86, 87, 103, 106, 113, 114, 115, 116, 117, 119, 122, 130, 131, 133], "excluded_lines": []}}}, "routes/image_to_video.py": {"executed_lines": [19, 20, 21, 22, 23, 24, 26, 27, 29, 30, 31, 44, 45], "summary": {"covered_lines": 13, "num_statements": 28, "percent_covered": 46.42857142857143, "percent_covered_display": "46", "missing_lines": 15, "excluded_lines": 0}, "missing_lines": [46, 47, 48, 49, 50, 51, 53, 55, 57, 62, 65, 68, 70, 71, 72], "excluded_lines": [], "functions": {"image_to_video": {"executed_lines": [], "summary": {"covered_lines": 0, "num_statements": 15, "percent_covered": 0.0, "percent_covered_display": "0", "missing_lines": 15, "excluded_lines": 0}, "missing_lines": [46, 47, 48, 49, 50, 51, 53, 55, 57, 62, 65, 68, 70, 71, 72], "excluded_lines": []}, "": {"executed_lines": [19, 20, 21, 22, 23, 24, 26, 27, 29, 30, 31, 44, 45], "summary": {"covered_lines": 13, "num_statements": 13, "percent_covered": 100.0, "percent_covered_display": "100", "missing_lines": 0, "excluded_lines": 0}, "missing_lines": [], "excluded_lines": []}}, "classes": {"": {"executed_lines": [19, 20, 21, 22, 23, 24, 26, 27, 29, 30, 31, 44, 45], "summary": {"covered_lines": 13, "num_statements": 28, "percent_covered": 46.42857142857143, "percent_covered_display": "46", "missing_lines": 15, "excluded_lines": 0}, "missing_lines": [46, 47, 48, 49, 50, 51, 53, 55, 57, 62, 65, 68, 70, 71, 72], "excluded_lines": []}}}, "routes/media_to_mp3.py": {"executed_lines": [20, 21, 22, 23, 24, 25, 26, 28, 29, 31, 32, 33, 44, 45], "summary": {"covered_lines": 14, "num_statements": 28, "percent_covered": 50.0, "percent_covered_display": "50", "missing_lines": 14, "excluded_lines": 0}, "missing_lines": [46, 47, 48, 49, 51, 53, 54, 55, 57, 58, 60, 62, 63, 64], "excluded_lines": [], "functions": {"convert_media_to_mp3": {"executed_lines": [], "summary": {"covered_lines": 0, "num_statements": 14, "percent_covered": 0.0, "percent_covered_display": "0", "missing_lines": 14, "excluded_lines": 0}, "missing_lines": [46, 47, 48, 49, 51, 53, 54, 55, 57, 58, 60, 62, 63, 64], "excluded_lines": []}, "": {"executed_lines": [20, 21, 22, 23, 24, 25, 26, 28, 29, 31, 32, 33, 44, 45], "summary": {"covered_lines": 14, "num_statements": 14, "percent_covered": 100.0, "percent_covered_display": "100", "missing_lines": 0, "excluded_lines": 0}, "missing_lines": [], "excluded_lines": []}}, "classes": {"": {"executed_lines": [20, 21, 22, 23, 24, 25, 26, 28, 29, 31, 32, 33, 44, 45], "summary": {"covered_lines": 14, "num_statements": 28, "percent_covered": 50.0, "percent_covered_display": "50", "missing_lines": 14, "excluded_lines": 0}, "missing_lines": [46, 47, 48, 49, 51, 53, 54, 55, 57, 58, 60, 62, 63, 64], "excluded_lines": []}}}, "routes/transcribe_media.py": {"executed_lines": [19, 20, 21, 22, 23, 24, 25, 27, 28, 30, 31, 32, 44, 45], "summary": {"covered_lines": 14, "num_statements": 31, "percent_covered": 45.16129032258065, "percent_covered_display": "45", "missing_lines": 17, "excluded_lines": 0}, "missing_lines": [46, 47, 48, 49, 50, 52, 54, 55, 56, 59, 60, 61, 62, 64, 66, 67, 68], "excluded_lines": [], "functions": {"transcribe": {"executed_lines": [], "summary": {"covered_lines": 0, "num_statements": 17, "percent_covered": 0.0, "percent_covered_display": "0", "missing_lines": 17, "excluded_lines": 0}, "missing_lines": [46, 47, 48, 49, 50, 52, 54, 55, 56, 59, 60, 61, 62, 64, 66, 67, 68], "excluded_lines": []}, "": {"executed_lines": [19, 20, 21, 22, 23, 24, 25, 27, 28, 30, 31, 32, 44, 45], "summary": {"covered_lines": 14, "num_statements": 14, "percent_covered": 100.0, "percent_covered_display": "100", "missing_lines": 0, "excluded_lines": 0}, "missing_lines": [], "excluded_lines": []}}, "classes": {"": {"executed_lines": [19, 20, 21, 22, 23, 24, 25, 27, 28, 30, 31, 32, 44, 45], "summary": {"covered_lines": 14, "num_statements": 31, "percent_covered": 45.16129032258065, "percent_covered_display": "45", "missing_lines": 17, "excluded_lines": 0}, "missing_lines": [46, 47, 48, 49, 50, 52, 54, 55, 56, 59, 60, 61, 62, 64, 66, 67, 68], "excluded_lines": []}}}, "routes/v1/audio/concatenate.py": {"executed_lines": [1, 2, 3, 4, 5, 6, 8, 9, 12, 13, 14, 34, 35], "summary": {"covered_lines": 13, "num_statements": 26, "percent_covered": 50.0, "percent_covered_display": "50", "missing_lines": 13, "excluded_lines": 0}, "missing_lines": [36, 37, 38, 40, 44, 45, 46, 48, 49, 53, 55, 56, 57], "excluded_lines": [], "functions": {"combine_audio": {"executed_lines": [], "summary": {"covered_lines": 0, "num_statements": 13, "percent_covered": 0.0, "percent_covered_display": "0", "missing_lines": 13, "excluded_lines": 0}, "missing_lines": [36, 37, 38, 40, 44, 45, 46, 48, 49, 53, 55, 56, 57], "excluded_lines": []}, "": {"executed_lines": [1, 2, 3, 4, 5, 6, 8, 9, 12, 13, 14, 34, 35], "summary": {"covered_lines": 13, "num_statements": 13, "percent_covered": 100.0, "percent_covered_display": "100", "missing_lines": 0, "excluded_lines": 0}, "missing_lines": [], "excluded_lines": []}}, "classes": {"": {"executed_lines": [1, 2, 3, 4, 5, 6, 8, 9, 12, 13, 14, 34, 35], "summary": {"covered_lines": 13, "num_statements": 26, "percent_covered": 50.0, "percent_covered_display": "50", "missing_lines": 13, "excluded_lines": 0}, "missing_lines": [36, 37, 38, 40, 44, 45, 46, 48, 49, 53, 55, 56, 57], "excluded_lines": []}}}, "routes/v1/code/execute/execute_python.py": {"executed_lines": [19, 20, 21, 22, 23, 24, 25, 26, 27, 29, 30, 32, 33, 34, 45, 46], "summary": {"covered_lines": 16, "num_statements": 45, "percent_covered": 35.55555555555556, "percent_covered_display": "36", "missing_lines": 29, "excluded_lines": 0}, "missing_lines": [47, 49, 50, 51, 54, 56, 57, 90, 91, 92, 95, 97, 98, 105, 106, 107, 108, 114, 121, 122, 129, 130, 131, 132, 134, 135, 136, 139, 140], "excluded_lines": [], "functions": {"execute_python": {"executed_lines": [], "summary": {"covered_lines": 0, "num_statements": 29, "percent_covered": 0.0, "percent_covered_display": "0", "missing_lines": 29, "excluded_lines": 0}, "missing_lines": [47, 49, 50, 51, 54, 56, 57, 90, 91, 92, 95, 97, 98, 105, 106, 107, 108, 114, 121, 122, 129, 130, 131, 132, 134, 135, 136, 139, 140], "excluded_lines": []}, "": {"executed_lines": [19, 20, 21, 22, 23, 24, 25, 26, 27, 29, 30, 32, 33, 34, 45, 46], "summary": {"covered_lines": 16, "num_statements": 16, "percent_covered": 100.0, "percent_covered_display": "100", "missing_lines": 0, "excluded_lines": 0}, "missing_lines": [], "excluded_lines": []}}, "classes": {"": {"executed_lines": [19, 20, 21, 22, 23, 24, 25, 26, 27, 29, 30, 32, 33, 34, 45, 46], "summary": {"covered_lines": 16, "num_statements": 45, "percent_covered": 35.55555555555556, "percent_covered_display": "36", "missing_lines": 29, "excluded_lines": 0}, "missing_lines": [47, 49, 50, 51, 54, 56, 57, 90, 91, 92, 95, 97, 98, 105, 106, 107, 108, 114, 121, 122, 129, 130, 131, 132, 134, 135, 136, 139, 140], "excluded_lines": []}}}, "routes/v1/ffmpeg/ffmpeg_compose.py": {"executed_lines": [19, 20, 21, 22, 23, 24, 25, 27, 28, 30, 31, 32, 115, 116], "summary": {"covered_lines": 14, "num_statements": 39, "percent_covered": 35.8974358974359, "percent_covered_display": "36", "missing_lines": 25, "excluded_lines": 0}, "missing_lines": [117, 119, 120, 123, 124, 125, 126, 127, 129, 130, 131, 132, 133, 134, 135, 136, 137, 138, 140, 141, 143, 145, 147, 148, 149], "excluded_lines": [], "functions": {"ffmpeg_api": {"executed_lines": [], "summary": {"covered_lines": 0, "num_statements": 25, "percent_covered": 0.0, "percent_covered_display": "0", "missing_lines": 25, "excluded_lines": 0}, "missing_lines": [117, 119, 120, 123, 124, 125, 126, 127, 129, 130, 131, 132, 133, 134, 135, 136, 137, 138, 140, 141, 143, 145, 147, 148, 149], "excluded_lines": []}, "": {"executed_lines": [19, 20, 21, 22, 23, 24, 25, 27, 28, 30, 31, 32, 115, 116], "summary": {"covered_lines": 14, "num_statements": 14, "percent_covered": 100.0, "percent_covered_display": "100", "missing_lines": 0, "excluded_lines": 0}, "missing_lines": [], "excluded_lines": []}}, "classes": {"": {"executed_lines": [19, 20, 21, 22, 23, 24, 25, 27, 28, 30, 31, 32, 115, 116], "summary": {"covered_lines": 14, "num_statements": 39, "percent_covered": 35.8974358974359, "percent_covered_display": "36", "missing_lines": 25, "excluded_lines": 0}, "missing_lines": [117, 119, 120, 123, 124, 125, 126, 127, 129, 130, 131, 132, 133, 134, 135, 136, 137, 138, 140, 141, 143, 145, 147, 148, 149], "excluded_lines": []}}}, "routes/v1/image/convert/image_to_video.py": {"executed_lines": [19, 20, 21, 22, 23, 24, 26, 27, 29, 30, 31, 32, 45, 46], "summary": {"covered_lines": 14, "num_statements": 29, "percent_covered": 48.275862068965516, "percent_covered_display": "48", "missing_lines": 15, "excluded_lines": 0}, "missing_lines": [47, 48, 49, 50, 51, 52, 54, 56, 58, 63, 66, 69, 71, 72, 73], "excluded_lines": [], "functions": {"image_to_video": {"executed_lines": [], "summary": {"covered_lines": 0, "num_statements": 15, "percent_covered": 0.0, "percent_covered_display": "0", "missing_lines": 15, "excluded_lines": 0}, "missing_lines": [47, 48, 49, 50, 51, 52, 54, 56, 58, 63, 66, 69, 71, 72, 73], "excluded_lines": []}, "": {"executed_lines": [19, 20, 21, 22, 23, 24, 26, 27, 29, 30, 31, 32, 45, 46], "summary": {"covered_lines": 14, "num_statements": 14, "percent_covered": 100.0, "percent_covered_display": "100", "missing_lines": 0, "excluded_lines": 0}, "missing_lines": [], "excluded_lines": []}}, "classes": {"": {"executed_lines": [19, 20, 21, 22, 23, 24, 26, 27, 29, 30, 31, 32, 45, 46], "summary": {"covered_lines": 14, "num_statements": 29, "percent_covered": 48.275862068965516, "percent_covered_display": "48", "missing_lines": 15, "excluded_lines": 0}, "missing_lines": [47, 48, 49, 50, 51, 52, 54, 56, 58, 63, 66, 69, 71, 72, 73], "excluded_lines": []}}}, "routes/v1/image/screenshot_webpage.py": {"executed_lines": [22, 23, 24, 25, 26, 27], "summary": {"covered_lines": 6, "num_statements": 34, "percent_covered": 17.647058823529413, "percent_covered_display": "18", "missing_lines": 28, "excluded_lines": 0}, "missing_lines": [28, 29, 30, 31, 34, 35, 38, 39, 40, 107, 108, 109, 110, 111, 112, 113, 114, 115, 116, 117, 118, 119, 120, 121, 122, 123, 124, 125], "excluded_lines": [], "functions": {"screenshot": {"executed_lines": [], "summary": {"covered_lines": 0, "num_statements": 17, "percent_covered": 0.0, "percent_covered_display": "0", "missing_lines": 17, "excluded_lines": 0}, "missing_lines": [109, 110, 111, 112, 113, 114, 115, 116, 117, 118, 119, 120, 121, 122, 123, 124, 125], "excluded_lines": []}, "": {"executed_lines": [22, 23, 24, 25, 26, 27], "summary": {"covered_lines": 6, "num_statements": 17, "percent_covered": 35.294117647058826, "percent_covered_display": "35", "missing_lines": 11, "excluded_lines": 0}, "missing_lines": [28, 29, 30, 31, 34, 35, 38, 39, 40, 107, 108], "excluded_lines": []}}, "classes": {"": {"executed_lines": [22, 23, 24, 25, 26, 27], "summary": {"covered_lines": 6, "num_statements": 34, "percent_covered": 17.647058823529413, "percent_covered_display": "18", "missing_lines": 28, "excluded_lines": 0}, "missing_lines": [28, 29, 30, 31, 34, 35, 38, 39, 40, 107, 108, 109, 110, 111, 112, 113, 114, 115, 116, 117, 118, 119, 120, 121, 122, 123, 124, 125], "excluded_lines": []}}}, "routes/v1/media/convert/media_convert.py": {"executed_lines": [17, 18, 19, 20, 21, 22, 23, 25, 26, 28, 29, 30, 46, 47], "summary": {"covered_lines": 14, "num_statements": 33, "percent_covered": 42.42424242424242, "percent_covered_display": "42", "missing_lines": 19, "excluded_lines": 0}, "missing_lines": [48, 49, 50, 51, 52, 53, 54, 55, 56, 58, 60, 61, 72, 74, 75, 77, 79, 80, 81], "excluded_lines": [], "functions": {"convert_media_format": {"executed_lines": [], "summary": {"covered_lines": 0, "num_statements": 19, "percent_covered": 0.0, "percent_covered_display": "0", "missing_lines": 19, "excluded_lines": 0}, "missing_lines": [48, 49, 50, 51, 52, 53, 54, 55, 56, 58, 60, 61, 72, 74, 75, 77, 79, 80, 81], "excluded_lines": []}, "": {"executed_lines": [17, 18, 19, 20, 21, 22, 23, 25, 26, 28, 29, 30, 46, 47], "summary": {"covered_lines": 14, "num_statements": 14, "percent_covered": 100.0, "percent_covered_display": "100", "missing_lines": 0, "excluded_lines": 0}, "missing_lines": [], "excluded_lines": []}}, "classes": {"": {"executed_lines": [17, 18, 19, 20, 21, 22, 23, 25, 26, 28, 29, 30, 46, 47], "summary": {"covered_lines": 14, "num_statements": 33, "percent_covered": 42.42424242424242, "percent_covered_display": "42", "missing_lines": 19, "excluded_lines": 0}, "missing_lines": [48, 49, 50, 51, 52, 53, 54, 55, 56, 58, 60, 61, 72, 74, 75, 77, 79, 80, 81], "excluded_lines": []}}}, "routes/v1/media/convert/media_to_mp3.py": {"executed_lines": [20, 21, 22, 23, 24, 25, 26, 28, 29, 31, 32, 33, 34, 46, 47], "summary": {"covered_lines": 15, "num_statements": 30, "percent_covered": 50.0, "percent_covered_display": "50", "missing_lines": 15, "excluded_lines": 0}, "missing_lines": [48, 49, 50, 51, 52, 54, 56, 57, 58, 60, 61, 63, 65, 66, 67], "excluded_lines": [], "functions": {"convert_media_to_mp3": {"executed_lines": [], "summary": {"covered_lines": 0, "num_statements": 15, "percent_covered": 0.0, "percent_covered_display": "0", "missing_lines": 15, "excluded_lines": 0}, "missing_lines": [48, 49, 50, 51, 52, 54, 56, 57, 58, 60, 61, 63, 65, 66, 67], "excluded_lines": []}, "": {"executed_lines": [20, 21, 22, 23, 24, 25, 26, 28, 29, 31, 32, 33, 34, 46, 47], "summary": {"covered_lines": 15, "num_statements": 15, "percent_covered": 100.0, "percent_covered_display": "100", "missing_lines": 0, "excluded_lines": 0}, "missing_lines": [], "excluded_lines": []}}, "classes": {"": {"executed_lines": [20, 21, 22, 23, 24, 25, 26, 28, 29, 31, 32, 33, 34, 46, 47], "summary": {"covered_lines": 15, "num_statements": 30, "percent_covered": 50.0, "percent_covered_display": "50", "missing_lines": 15, "excluded_lines": 0}, "missing_lines": [48, 49, 50, 51, 52, 54, 56, 57, 58, 60, 61, 63, 65, 66, 67], "excluded_lines": []}}}, "routes/v1/media/download.py": {"executed_lines": [1, 2, 3, 4, 5, 6, 7, 8, 9, 10, 11, 12, 13, 15, 16, 18, 19, 20, 84, 85], "summary": {"covered_lines": 20, "num_statements": 141, "percent_covered": 14.184397163120567, "percent_covered_display": "14", "missing_lines": 121, "excluded_lines": 0}, "missing_lines": [86, 87, 89, 90, 91, 92, 93, 95, 97, 99, 101, 110, 111, 112, 113, 115, 118, 119, 120, 121, 124, 125, 126, 127, 128, 129, 130, 131, 132, 133, 134, 135, 136, 137, 140, 141, 142, 143, 144, 145, 146, 149, 150, 151, 152, 153, 154, 155, 158, 159, 160, 161, 162, 163, 166, 167, 168, 169, 170, 171, 172, 175, 176, 178, 179, 181, 183, 185, 188, 211, 212, 213, 214, 215, 217, 219, 221, 223, 231, 232, 233, 236, 237, 238, 239, 240, 241, 244, 245, 246, 248, 250, 251, 253, 254, 256, 257, 258, 259, 260, 262, 263, 264, 267, 268, 269, 270, 271, 272, 273, 274, 277, 278, 279, 280, 281, 283, 285, 287, 288, 289], "excluded_lines": [], "functions": {"download_media": {"executed_lines": [], "summary": {"covered_lines": 0, "num_statements": 121, "percent_covered": 0.0, "percent_covered_display": "0", "missing_lines": 121, "excluded_lines": 0}, "missing_lines": [86, 87, 89, 90, 91, 92, 93, 95, 97, 99, 101, 110, 111, 112, 113, 115, 118, 119, 120, 121, 124, 125, 126, 127, 128, 129, 130, 131, 132, 133, 134, 135, 136, 137, 140, 141, 142, 143, 144, 145, 146, 149, 150, 151, 152, 153, 154, 155, 158, 159, 160, 161, 162, 163, 166, 167, 168, 169, 170, 171, 172, 175, 176, 178, 179, 181, 183, 185, 188, 211, 212, 213, 214, 215, 217, 219, 221, 223, 231, 232, 233, 236, 237, 238, 239, 240, 241, 244, 245, 246, 248, 250, 251, 253, 254, 256, 257, 258, 259, 260, 262, 263, 264, 267, 268, 269, 270, 271, 272, 273, 274, 277, 278, 279, 280, 281, 283, 285, 287, 288, 289], "excluded_lines": []}, "": {"executed_lines": [1, 2, 3, 4, 5, 6, 7, 8, 9, 10, 11, 12, 13, 15, 16, 18, 19, 20, 84, 85], "summary": {"covered_lines": 20, "num_statements": 20, "percent_covered": 100.0, "percent_covered_display": "100", "missing_lines": 0, "excluded_lines": 0}, "missing_lines": [], "excluded_lines": []}}, "classes": {"": {"executed_lines": [1, 2, 3, 4, 5, 6, 7, 8, 9, 10, 11, 12, 13, 15, 16, 18, 19, 20, 84, 85], "summary": {"covered_lines": 20, "num_statements": 141, "percent_covered": 14.184397163120567, "percent_covered_display": "14", "missing_lines": 121, "excluded_lines": 0}, "missing_lines": [86, 87, 89, 90, 91, 92, 93, 95, 97, 99, 101, 110, 111, 112, 113, 115, 118, 119, 120, 121, 124, 125, 126, 127, 128, 129, 130, 131, 132, 133, 134, 135, 136, 137, 140, 141, 142, 143, 144, 145, 146, 149, 150, 151, 152, 153, 154, 155, 158, 159, 160, 161, 162, 163, 166, 167, 168, 169, 170, 171, 172, 175, 176, 178, 179, 181, 183, 185, 188, 211, 212, 213, 214, 215, 217, 219, 221, 223, 231, 232, 233, 236, 237, 238, 239, 240, 241, 244, 245, 246, 248, 250, 251, 253, 254, 256, 257, 258, 259, 260, 262, 263, 264, 267, 268, 269, 270, 271, 272, 273, 274, 277, 278, 279, 280, 281, 283, 285, 287, 288, 289], "excluded_lines": []}}}, "routes/v1/media/feedback.py": {"executed_lines": [1, 2, 3, 4, 5, 8, 9, 10, 13, 15, 17, 22, 23, 27, 28, 32, 33, 37, 38, 66, 67, 130, 131], "summary": {"covered_lines": 23, "num_statements": 114, "percent_covered": 20.17543859649123, "percent_covered_display": "20", "missing_lines": 91, "excluded_lines": 0}, "missing_lines": [25, 30, 35, 42, 44, 47, 48, 52, 53, 54, 55, 56, 59, 60, 61, 62, 63, 64, 71, 72, 73, 74, 77, 80, 81, 82, 83, 84, 87, 88, 89, 92, 93, 94, 95, 97, 100, 101, 102, 103, 104, 105, 106, 107, 108, 109, 112, 113, 116, 118, 119, 122, 123, 125, 126, 127, 128, 135, 137, 140, 141, 142, 143, 144, 145, 148, 149, 152, 153, 154, 157, 158, 159, 160, 161, 164, 165, 166, 169, 170, 171, 174, 177, 178, 179, 180, 181, 182, 183, 184, 185], "excluded_lines": [], "functions": {"create_root_next_routes": {"executed_lines": [22, 23, 27, 28, 32, 33], "summary": {"covered_lines": 6, "num_statements": 6, "percent_covered": 100.0, "percent_covered_display": "100", "missing_lines": 0, "excluded_lines": 0}, "missing_lines": [], "excluded_lines": []}, "create_root_next_routes.root_next_static": {"executed_lines": [], "summary": {"covered_lines": 0, "num_statements": 1, "percent_covered": 0.0, "percent_covered_display": "0", "missing_lines": 1, "excluded_lines": 0}, "missing_lines": [25], "excluded_lines": []}, "create_root_next_routes.root_favicon": {"executed_lines": [], "summary": {"covered_lines": 0, "num_statements": 1, "percent_covered": 0.0, "percent_covered_display": "0", "missing_lines": 1, "excluded_lines": 0}, "missing_lines": [30], "excluded_lines": []}, "create_root_next_routes.root_logo": {"executed_lines": [], "summary": {"covered_lines": 0, "num_statements": 1, "percent_covered": 0.0, "percent_covered_display": "0", "missing_lines": 1, "excluded_lines": 0}, "missing_lines": [35], "excluded_lines": []}, "serve_feedback_page": {"executed_lines": [], "summary": {"covered_lines": 0, "num_statements": 15, "percent_covered": 0.0, "percent_covered_display": "0", "missing_lines": 15, "excluded_lines": 0}, "missing_lines": [42, 44, 47, 48, 52, 53, 54, 55, 56, 59, 60, 61, 62, 63, 64], "excluded_lines": []}, "serve_next_static": {"executed_lines": [], "summary": {"covered_lines": 0, "num_statements": 39, "percent_covered": 0.0, "percent_covered_display": "0", "missing_lines": 39, "excluded_lines": 0}, "missing_lines": [71, 72, 73, 74, 77, 80, 81, 82, 83, 84, 87, 88, 89, 92, 93, 94, 95, 97, 100, 101, 102, 103, 104, 105, 106, 107, 108, 109, 112, 113, 116, 118, 119, 122, 123, 125, 126, 127, 128], "excluded_lines": []}, "serve_feedback_static": {"executed_lines": [], "summary": {"covered_lines": 0, "num_statements": 34, "percent_covered": 0.0, "percent_covered_display": "0", "missing_lines": 34, "excluded_lines": 0}, "missing_lines": [135, 137, 140, 141, 142, 143, 144, 145, 148, 149, 152, 153, 154, 157, 158, 159, 160, 161, 164, 165, 166, 169, 170, 171, 174, 177, 178, 179, 180, 181, 182, 183, 184, 185], "excluded_lines": []}, "": {"executed_lines": [1, 2, 3, 4, 5, 8, 9, 10, 13, 15, 17, 37, 38, 66, 67, 130, 131], "summary": {"covered_lines": 17, "num_statements": 17, "percent_covered": 100.0, "percent_covered_display": "100", "missing_lines": 0, "excluded_lines": 0}, "missing_lines": [], "excluded_lines": []}}, "classes": {"": {"executed_lines": [1, 2, 3, 4, 5, 8, 9, 10, 13, 15, 17, 22, 23, 27, 28, 32, 33, 37, 38, 66, 67, 130, 131], "summary": {"covered_lines": 23, "num_statements": 114, "percent_covered": 20.17543859649123, "percent_covered_display": "20", "missing_lines": 91, "excluded_lines": 0}, "missing_lines": [25, 30, 35, 42, 44, 47, 48, 52, 53, 54, 55, 56, 59, 60, 61, 62, 63, 64, 71, 72, 73, 74, 77, 80, 81, 82, 83, 84, 87, 88, 89, 92, 93, 94, 95, 97, 100, 101, 102, 103, 104, 105, 106, 107, 108, 109, 112, 113, 116, 118, 119, 122, 123, 125, 126, 127, 128, 135, 137, 140, 141, 142, 143, 144, 145, 148, 149, 152, 153, 154, 157, 158, 159, 160, 161, 164, 165, 166, 169, 170, 171, 174, 177, 178, 179, 180, 181, 182, 183, 184, 185], "excluded_lines": []}}}, "routes/v1/media/generate_ass.py": {"executed_lines": [1, 2, 3, 4, 5, 6, 7, 8, 10, 11, 13, 14, 15, 96, 97], "summary": {"covered_lines": 15, "num_statements": 44, "percent_covered": 34.09090909090909, "percent_covered_display": "34", "missing_lines": 29, "excluded_lines": 0}, "missing_lines": [98, 99, 100, 101, 102, 103, 104, 105, 106, 108, 109, 110, 111, 113, 114, 125, 126, 127, 129, 131, 132, 134, 135, 137, 138, 140, 142, 143, 144], "excluded_lines": [], "functions": {"generate_ass_v1": {"executed_lines": [], "summary": {"covered_lines": 0, "num_statements": 29, "percent_covered": 0.0, "percent_covered_display": "0", "missing_lines": 29, "excluded_lines": 0}, "missing_lines": [98, 99, 100, 101, 102, 103, 104, 105, 106, 108, 109, 110, 111, 113, 114, 125, 126, 127, 129, 131, 132, 134, 135, 137, 138, 140, 142, 143, 144], "excluded_lines": []}, "": {"executed_lines": [1, 2, 3, 4, 5, 6, 7, 8, 10, 11, 13, 14, 15, 96, 97], "summary": {"covered_lines": 15, "num_statements": 15, "percent_covered": 100.0, "percent_covered_display": "100", "missing_lines": 0, "excluded_lines": 0}, "missing_lines": [], "excluded_lines": []}}, "classes": {"": {"executed_lines": [1, 2, 3, 4, 5, 6, 7, 8, 10, 11, 13, 14, 15, 96, 97], "summary": {"covered_lines": 15, "num_statements": 44, "percent_covered": 34.09090909090909, "percent_covered_display": "34", "missing_lines": 29, "excluded_lines": 0}, "missing_lines": [98, 99, 100, 101, 102, 103, 104, 105, 106, 108, 109, 110, 111, 113, 114, 125, 126, 127, 129, 131, 132, 134, 135, 137, 138, 140, 142, 143, 144], "excluded_lines": []}}}, "routes/v1/media/media_transcribe.py": {"executed_lines": [19, 20, 21, 22, 23, 24, 25, 27, 28, 30, 31, 32, 50, 51], "summary": {"covered_lines": 14, "num_statements": 43, "percent_covered": 32.55813953488372, "percent_covered_display": "33", "missing_lines": 29, "excluded_lines": 0}, "missing_lines": [52, 53, 54, 55, 56, 57, 58, 59, 60, 61, 62, 64, 66, 67, 68, 71, 73, 82, 86, 95, 96, 98, 99, 101, 102, 104, 106, 107, 108], "excluded_lines": [], "functions": {"transcribe": {"executed_lines": [], "summary": {"covered_lines": 0, "num_statements": 29, "percent_covered": 0.0, "percent_covered_display": "0", "missing_lines": 29, "excluded_lines": 0}, "missing_lines": [52, 53, 54, 55, 56, 57, 58, 59, 60, 61, 62, 64, 66, 67, 68, 71, 73, 82, 86, 95, 96, 98, 99, 101, 102, 104, 106, 107, 108], "excluded_lines": []}, "": {"executed_lines": [19, 20, 21, 22, 23, 24, 25, 27, 28, 30, 31, 32, 50, 51], "summary": {"covered_lines": 14, "num_statements": 14, "percent_covered": 100.0, "percent_covered_display": "100", "missing_lines": 0, "excluded_lines": 0}, "missing_lines": [], "excluded_lines": []}}, "classes": {"": {"executed_lines": [19, 20, 21, 22, 23, 24, 25, 27, 28, 30, 31, 32, 50, 51], "summary": {"covered_lines": 14, "num_statements": 43, "percent_covered": 32.55813953488372, "percent_covered_display": "33", "missing_lines": 29, "excluded_lines": 0}, "missing_lines": [52, 53, 54, 55, 56, 57, 58, 59, 60, 61, 62, 64, 66, 67, 68, 71, 73, 82, 86, 95, 96, 98, 99, 101, 102, 104, 106, 107, 108], "excluded_lines": []}}}, "routes/v1/media/metadata.py": {"executed_lines": [19, 20, 21, 22, 23, 26, 29, 31, 32, 33, 43, 44], "summary": {"covered_lines": 12, "num_statements": 22, "percent_covered": 54.54545454545455, "percent_covered_display": "55", "missing_lines": 10, "excluded_lines": 0}, "missing_lines": [58, 59, 61, 63, 64, 67, 69, 70, 71, 72], "excluded_lines": [], "functions": {"media_metadata": {"executed_lines": [], "summary": {"covered_lines": 0, "num_statements": 10, "percent_covered": 0.0, "percent_covered_display": "0", "missing_lines": 10, "excluded_lines": 0}, "missing_lines": [58, 59, 61, 63, 64, 67, 69, 70, 71, 72], "excluded_lines": []}, "": {"executed_lines": [19, 20, 21, 22, 23, 26, 29, 31, 32, 33, 43, 44], "summary": {"covered_lines": 12, "num_statements": 12, "percent_covered": 100.0, "percent_covered_display": "100", "missing_lines": 0, "excluded_lines": 0}, "missing_lines": [], "excluded_lines": []}}, "classes": {"": {"executed_lines": [19, 20, 21, 22, 23, 26, 29, 31, 32, 33, 43, 44], "summary": {"covered_lines": 12, "num_statements": 22, "percent_covered": 54.54545454545455, "percent_covered_display": "55", "missing_lines": 10, "excluded_lines": 0}, "missing_lines": [58, 59, 61, 63, 64, 67, 69, 70, 71, 72], "excluded_lines": []}}}, "routes/v1/media/silence.py": {"executed_lines": [19, 20, 21, 22, 23, 25, 26, 28, 29, 30, 45, 46], "summary": {"covered_lines": 12, "num_statements": 26, "percent_covered": 46.15384615384615, "percent_covered_display": "46", "missing_lines": 14, "excluded_lines": 0}, "missing_lines": [48, 49, 50, 51, 52, 53, 55, 57, 58, 68, 69, 71, 72, 73], "excluded_lines": [], "functions": {"silence": {"executed_lines": [], "summary": {"covered_lines": 0, "num_statements": 14, "percent_covered": 0.0, "percent_covered_display": "0", "missing_lines": 14, "excluded_lines": 0}, "missing_lines": [48, 49, 50, 51, 52, 53, 55, 57, 58, 68, 69, 71, 72, 73], "excluded_lines": []}, "": {"executed_lines": [19, 20, 21, 22, 23, 25, 26, 28, 29, 30, 45, 46], "summary": {"covered_lines": 12, "num_statements": 12, "percent_covered": 100.0, "percent_covered_display": "100", "missing_lines": 0, "excluded_lines": 0}, "missing_lines": [], "excluded_lines": []}}, "classes": {"": {"executed_lines": [19, 20, 21, 22, 23, 25, 26, 28, 29, 30, 45, 46], "summary": {"covered_lines": 12, "num_statements": 26, "percent_covered": 46.15384615384615, "percent_covered_display": "46", "missing_lines": 14, "excluded_lines": 0}, "missing_lines": [48, 49, 50, 51, 52, 53, 55, 57, 58, 68, 69, 71, 72, 73], "excluded_lines": []}}}, "routes/v1/s3/upload.py": {"executed_lines": [19, 20, 21, 22, 23, 24, 25, 27, 28, 30, 31, 32, 42, 43], "summary": {"covered_lines": 14, "num_statements": 26, "percent_covered": 53.84615384615385, "percent_covered_display": "54", "missing_lines": 12, "excluded_lines": 0}, "missing_lines": [44, 45, 46, 47, 48, 50, 53, 55, 57, 59, 60, 61], "excluded_lines": [], "functions": {"s3_upload_endpoint": {"executed_lines": [], "summary": {"covered_lines": 0, "num_statements": 12, "percent_covered": 0.0, "percent_covered_display": "0", "missing_lines": 12, "excluded_lines": 0}, "missing_lines": [44, 45, 46, 47, 48, 50, 53, 55, 57, 59, 60, 61], "excluded_lines": []}, "": {"executed_lines": [19, 20, 21, 22, 23, 24, 25, 27, 28, 30, 31, 32, 42, 43], "summary": {"covered_lines": 14, "num_statements": 14, "percent_covered": 100.0, "percent_covered_display": "100", "missing_lines": 0, "excluded_lines": 0}, "missing_lines": [], "excluded_lines": []}}, "classes": {"": {"executed_lines": [19, 20, 21, 22, 23, 24, 25, 27, 28, 30, 31, 32, 42, 43], "summary": {"covered_lines": 14, "num_statements": 26, "percent_covered": 53.84615384615385, "percent_covered_display": "54", "missing_lines": 12, "excluded_lines": 0}, "missing_lines": [44, 45, 46, 47, 48, 50, 53, 55, 57, 59, 60, 61], "excluded_lines": []}}}, "routes/v1/toolkit/authenticate.py": {"executed_lines": [19, 20, 21, 22, 24, 26, 28, 29, 30], "summary": {"covered_lines": 9, "num_statements": 13, "percent_covered": 69.23076923076923, "percent_covered_display": "69", "missing_lines": 4, "excluded_lines": 0}, "missing_lines": [31, 32, 33, 35], "excluded_lines": [], "functions": {"authenticate_endpoint": {"executed_lines": [], "summary": {"covered_lines": 0, "num_statements": 4, "percent_covered": 0.0, "percent_covered_display": "0", "missing_lines": 4, "excluded_lines": 0}, "missing_lines": [31, 32, 33, 35], "excluded_lines": []}, "": {"executed_lines": [19, 20, 21, 22, 24, 26, 28, 29, 30], "summary": {"covered_lines": 9, "num_statements": 9, "percent_covered": 100.0, "percent_covered_display": "100", "missing_lines": 0, "excluded_lines": 0}, "missing_lines": [], "excluded_lines": []}}, "classes": {"": {"executed_lines": [19, 20, 21, 22, 24, 26, 28, 29, 30], "summary": {"covered_lines": 9, "num_statements": 13, "percent_covered": 69.23076923076923, "percent_covered_display": "69", "missing_lines": 4, "excluded_lines": 0}, "missing_lines": [31, 32, 33, 35], "excluded_lines": []}}}, "routes/v1/toolkit/job_status.py": {"executed_lines": [19, 20, 21, 22, 23, 24, 25, 27, 28, 30, 31, 32, 41, 42], "summary": {"covered_lines": 14, "num_statements": 27, "percent_covered": 51.851851851851855, "percent_covered_display": "52", "missing_lines": 13, "excluded_lines": 0}, "missing_lines": [43, 44, 46, 48, 50, 53, 54, 57, 58, 61, 63, 64, 65], "excluded_lines": [], "functions": {"get_job_status": {"executed_lines": [], "summary": {"covered_lines": 0, "num_statements": 13, "percent_covered": 0.0, "percent_covered_display": "0", "missing_lines": 13, "excluded_lines": 0}, "missing_lines": [43, 44, 46, 48, 50, 53, 54, 57, 58, 61, 63, 64, 65], "excluded_lines": []}, "": {"executed_lines": [19, 20, 21, 22, 23, 24, 25, 27, 28, 30, 31, 32, 41, 42], "summary": {"covered_lines": 14, "num_statements": 14, "percent_covered": 100.0, "percent_covered_display": "100", "missing_lines": 0, "excluded_lines": 0}, "missing_lines": [], "excluded_lines": []}}, "classes": {"": {"executed_lines": [19, 20, 21, 22, 23, 24, 25, 27, 28, 30, 31, 32, 41, 42], "summary": {"covered_lines": 14, "num_statements": 27, "percent_covered": 51.851851851851855, "percent_covered_display": "52", "missing_lines": 13, "excluded_lines": 0}, "missing_lines": [43, 44, 46, 48, 50, 53, 54, 57, 58, 61, 63, 64, 65], "excluded_lines": []}}}, "routes/v1/toolkit/jobs_status.py": {"executed_lines": [19, 20, 21, 22, 23, 24, 25, 26, 28, 29, 31, 32, 33, 34], "summary": {"covered_lines": 14, "num_statements": 39, "percent_covered": 35.8974358974359, "percent_covered_display": "36", "missing_lines": 25, "excluded_lines": 0}, "missing_lines": [45, 46, 48, 50, 51, 52, 54, 57, 60, 61, 64, 67, 68, 69, 70, 73, 74, 77, 78, 81, 82, 85, 87, 88, 89], "excluded_lines": [], "functions": {"get_all_jobs_status": {"executed_lines": [], "summary": {"covered_lines": 0, "num_statements": 25, "percent_covered": 0.0, "percent_covered_display": "0", "missing_lines": 25, "excluded_lines": 0}, "missing_lines": [45, 46, 48, 50, 51, 52, 54, 57, 60, 61, 64, 67, 68, 69, 70, 73, 74, 77, 78, 81, 82, 85, 87, 88, 89], "excluded_lines": []}, "": {"executed_lines": [19, 20, 21, 22, 23, 24, 25, 26, 28, 29, 31, 32, 33, 34], "summary": {"covered_lines": 14, "num_statements": 14, "percent_covered": 100.0, "percent_covered_display": "100", "missing_lines": 0, "excluded_lines": 0}, "missing_lines": [], "excluded_lines": []}}, "classes": {"": {"executed_lines": [19, 20, 21, 22, 23, 24, 25, 26, 28, 29, 31, 32, 33, 34], "summary": {"covered_lines": 14, "num_statements": 39, "percent_covered": 35.8974358974359, "percent_covered_display": "36", "missing_lines": 25, "excluded_lines": 0}, "missing_lines": [45, 46, 48, 50, 51, 52, 54, 57, 60, 61, 64, 67, 68, 69, 70, 73, 74, 77, 78, 81, 82, 85, 87, 88, 89], "excluded_lines": []}}}, "routes/v1/toolkit/test.py": {"executed_lines": [19, 20, 21, 22, 23, 24, 25, 27, 28, 30, 31, 32, 33], "summary": {"covered_lines": 13, "num_statements": 24, "percent_covered": 54.166666666666664, "percent_covered_display": "54", "missing_lines": 11, "excluded_lines": 0}, "missing_lines": [34, 36, 38, 39, 40, 43, 46, 48, 50, 51, 52], "excluded_lines": [], "functions": {"test_api": {"executed_lines": [], "summary": {"covered_lines": 0, "num_statements": 11, "percent_covered": 0.0, "percent_covered_display": "0", "missing_lines": 11, "excluded_lines": 0}, "missing_lines": [34, 36, 38, 39, 40, 43, 46, 48, 50, 51, 52], "excluded_lines": []}, "": {"executed_lines": [19, 20, 21, 22, 23, 24, 25, 27, 28, 30, 31, 32, 33], "summary": {"covered_lines": 13, "num_statements": 13, "percent_covered": 100.0, "percent_covered_display": "100", "missing_lines": 0, "excluded_lines": 0}, "missing_lines": [], "excluded_lines": []}}, "classes": {"": {"executed_lines": [19, 20, 21, 22, 23, 24, 25, 27, 28, 30, 31, 32, 33], "summary": {"covered_lines": 13, "num_statements": 24, "percent_covered": 54.166666666666664, "percent_covered_display": "54", "missing_lines": 11, "excluded_lines": 0}, "missing_lines": [34, 36, 38, 39, 40, 43, 46, 48, 50, 51, 52], "excluded_lines": []}}}, "routes/v1/video/caption_video.py": {"executed_lines": [19, 20, 21, 22, 23, 24, 25, 26, 28, 29, 31, 32, 33, 107, 108], "summary": {"covered_lines": 15, "num_statements": 62, "percent_covered": 24.193548387096776, "percent_covered_display": "24", "missing_lines": 47, "excluded_lines": 0}, "missing_lines": [109, 110, 111, 112, 113, 114, 115, 116, 118, 119, 120, 121, 123, 129, 131, 133, 135, 138, 141, 142, 145, 146, 149, 150, 151, 152, 153, 154, 155, 156, 157, 160, 161, 162, 167, 168, 169, 170, 173, 176, 177, 180, 181, 183, 185, 186, 187], "excluded_lines": [], "functions": {"caption_video_v1": {"executed_lines": [], "summary": {"covered_lines": 0, "num_statements": 47, "percent_covered": 0.0, "percent_covered_display": "0", "missing_lines": 47, "excluded_lines": 0}, "missing_lines": [109, 110, 111, 112, 113, 114, 115, 116, 118, 119, 120, 121, 123, 129, 131, 133, 135, 138, 141, 142, 145, 146, 149, 150, 151, 152, 153, 154, 155, 156, 157, 160, 161, 162, 167, 168, 169, 170, 173, 176, 177, 180, 181, 183, 185, 186, 187], "excluded_lines": []}, "": {"executed_lines": [19, 20, 21, 22, 23, 24, 25, 26, 28, 29, 31, 32, 33, 107, 108], "summary": {"covered_lines": 15, "num_statements": 15, "percent_covered": 100.0, "percent_covered_display": "100", "missing_lines": 0, "excluded_lines": 0}, "missing_lines": [], "excluded_lines": []}}, "classes": {"": {"executed_lines": [19, 20, 21, 22, 23, 24, 25, 26, 28, 29, 31, 32, 33, 107, 108], "summary": {"covered_lines": 15, "num_statements": 62, "percent_covered": 24.193548387096776, "percent_covered_display": "24", "missing_lines": 47, "excluded_lines": 0}, "missing_lines": [109, 110, 111, 112, 113, 114, 115, 116, 118, 119, 120, 121, 123, 129, 131, 133, 135, 138, 141, 142, 145, 146, 149, 150, 151, 152, 153, 154, 155, 156, 157, 160, 161, 162, 167, 168, 169, 170, 173, 176, 177, 180, 181, 183, 185, 186, 187], "excluded_lines": []}}}, "routes/v1/video/concatenate.py": {"executed_lines": [19, 20, 21, 22, 23, 24, 26, 27, 29, 30, 31, 51, 52], "summary": {"covered_lines": 13, "num_statements": 26, "percent_covered": 50.0, "percent_covered_display": "50", "missing_lines": 13, "excluded_lines": 0}, "missing_lines": [53, 54, 55, 57, 59, 60, 61, 63, 64, 66, 68, 69, 70], "excluded_lines": [], "functions": {"combine_videos": {"executed_lines": [], "summary": {"covered_lines": 0, "num_statements": 13, "percent_covered": 0.0, "percent_covered_display": "0", "missing_lines": 13, "excluded_lines": 0}, "missing_lines": [53, 54, 55, 57, 59, 60, 61, 63, 64, 66, 68, 69, 70], "excluded_lines": []}, "": {"executed_lines": [19, 20, 21, 22, 23, 24, 26, 27, 29, 30, 31, 51, 52], "summary": {"covered_lines": 13, "num_statements": 13, "percent_covered": 100.0, "percent_covered_display": "100", "missing_lines": 0, "excluded_lines": 0}, "missing_lines": [], "excluded_lines": []}}, "classes": {"": {"executed_lines": [19, 20, 21, 22, 23, 24, 26, 27, 29, 30, 31, 51, 52], "summary": {"covered_lines": 13, "num_statements": 26, "percent_covered": 50.0, "percent_covered_display": "50", "missing_lines": 13, "excluded_lines": 0}, "missing_lines": [53, 54, 55, 57, 59, 60, 61, 63, 64, 66, 68, 69, 70], "excluded_lines": []}}}, "routes/v1/video/cut.py": {"executed_lines": [19, 20, 21, 22, 23, 25, 26, 28, 29, 30, 58, 59], "summary": {"covered_lines": 12, "num_statements": 34, "percent_covered": 35.294117647058826, "percent_covered_display": "35", "missing_lines": 22, "excluded_lines": 0}, "missing_lines": [61, 62, 65, 66, 67, 68, 69, 71, 73, 75, 87, 88, 89, 92, 93, 94, 95, 97, 98, 100, 101, 102], "excluded_lines": [], "functions": {"video_cut": {"executed_lines": [], "summary": {"covered_lines": 0, "num_statements": 22, "percent_covered": 0.0, "percent_covered_display": "0", "missing_lines": 22, "excluded_lines": 0}, "missing_lines": [61, 62, 65, 66, 67, 68, 69, 71, 73, 75, 87, 88, 89, 92, 93, 94, 95, 97, 98, 100, 101, 102], "excluded_lines": []}, "": {"executed_lines": [19, 20, 21, 22, 23, 25, 26, 28, 29, 30, 58, 59], "summary": {"covered_lines": 12, "num_statements": 12, "percent_covered": 100.0, "percent_covered_display": "100", "missing_lines": 0, "excluded_lines": 0}, "missing_lines": [], "excluded_lines": []}}, "classes": {"": {"executed_lines": [19, 20, 21, 22, 23, 25, 26, 28, 29, 30, 58, 59], "summary": {"covered_lines": 12, "num_statements": 34, "percent_covered": 35.294117647058826, "percent_covered_display": "35", "missing_lines": 22, "excluded_lines": 0}, "missing_lines": [61, 62, 65, 66, 67, 68, 69, 71, 73, 75, 87, 88, 89, 92, 93, 94, 95, 97, 98, 100, 101, 102], "excluded_lines": []}}}, "routes/v1/video/split.py": {"executed_lines": [19, 20, 21, 22, 23, 25, 26, 28, 29, 30, 58, 59], "summary": {"covered_lines": 12, "num_statements": 39, "percent_covered": 30.76923076923077, "percent_covered_display": "31", "missing_lines": 27, "excluded_lines": 0}, "missing_lines": [61, 62, 65, 66, 67, 68, 69, 71, 73, 75, 87, 88, 90, 91, 92, 98, 99, 100, 103, 104, 105, 108, 110, 111, 113, 114, 115], "excluded_lines": [], "functions": {"video_split": {"executed_lines": [], "summary": {"covered_lines": 0, "num_statements": 27, "percent_covered": 0.0, "percent_covered_display": "0", "missing_lines": 27, "excluded_lines": 0}, "missing_lines": [61, 62, 65, 66, 67, 68, 69, 71, 73, 75, 87, 88, 90, 91, 92, 98, 99, 100, 103, 104, 105, 108, 110, 111, 113, 114, 115], "excluded_lines": []}, "": {"executed_lines": [19, 20, 21, 22, 23, 25, 26, 28, 29, 30, 58, 59], "summary": {"covered_lines": 12, "num_statements": 12, "percent_covered": 100.0, "percent_covered_display": "100", "missing_lines": 0, "excluded_lines": 0}, "missing_lines": [], "excluded_lines": []}}, "classes": {"": {"executed_lines": [19, 20, 21, 22, 23, 25, 26, 28, 29, 30, 58, 59], "summary": {"covered_lines": 12, "num_statements": 39, "percent_covered": 30.76923076923077, "percent_covered_display": "31", "missing_lines": 27, "excluded_lines": 0}, "missing_lines": [61, 62, 65, 66, 67, 68, 69, 71, 73, 75, 87, 88, 90, 91, 92, 98, 99, 100, 103, 104, 105, 108, 110, 111, 113, 114, 115], "excluded_lines": []}}}, "routes/v1/video/thumbnail.py": {"executed_lines": [19, 20, 21, 22, 23, 24, 26, 27, 29, 30, 31, 42, 43], "summary": {"covered_lines": 13, "num_statements": 25, "percent_covered": 52.0, "percent_covered_display": "52", "missing_lines": 12, "excluded_lines": 0}, "missing_lines": [44, 45, 46, 48, 50, 52, 55, 57, 60, 62, 63, 64], "excluded_lines": [], "functions": {"generate_thumbnail": {"executed_lines": [], "summary": {"covered_lines": 0, "num_statements": 12, "percent_covered": 0.0, "percent_covered_display": "0", "missing_lines": 12, "excluded_lines": 0}, "missing_lines": [44, 45, 46, 48, 50, 52, 55, 57, 60, 62, 63, 64], "excluded_lines": []}, "": {"executed_lines": [19, 20, 21, 22, 23, 24, 26, 27, 29, 30, 31, 42, 43], "summary": {"covered_lines": 13, "num_statements": 13, "percent_covered": 100.0, "percent_covered_display": "100", "missing_lines": 0, "excluded_lines": 0}, "missing_lines": [], "excluded_lines": []}}, "classes": {"": {"executed_lines": [19, 20, 21, 22, 23, 24, 26, 27, 29, 30, 31, 42, 43], "summary": {"covered_lines": 13, "num_statements": 25, "percent_covered": 52.0, "percent_covered_display": "52", "missing_lines": 12, "excluded_lines": 0}, "missing_lines": [44, 45, 46, 48, 50, 52, 55, 57, 60, 62, 63, 64], "excluded_lines": []}}}, "routes/v1/video/trim.py": {"executed_lines": [19, 20, 21, 22, 23, 25, 26, 28, 29, 30, 47, 48], "summary": {"covered_lines": 12, "num_statements": 35, "percent_covered": 34.285714285714285, "percent_covered_display": "34", "missing_lines": 23, "excluded_lines": 0}, "missing_lines": [50, 51, 52, 55, 56, 57, 58, 59, 61, 63, 65, 78, 79, 80, 83, 84, 85, 86, 88, 89, 91, 92, 93], "excluded_lines": [], "functions": {"video_trim": {"executed_lines": [], "summary": {"covered_lines": 0, "num_statements": 23, "percent_covered": 0.0, "percent_covered_display": "0", "missing_lines": 23, "excluded_lines": 0}, "missing_lines": [50, 51, 52, 55, 56, 57, 58, 59, 61, 63, 65, 78, 79, 80, 83, 84, 85, 86, 88, 89, 91, 92, 93], "excluded_lines": []}, "": {"executed_lines": [19, 20, 21, 22, 23, 25, 26, 28, 29, 30, 47, 48], "summary": {"covered_lines": 12, "num_statements": 12, "percent_covered": 100.0, "percent_covered_display": "100", "missing_lines": 0, "excluded_lines": 0}, "missing_lines": [], "excluded_lines": []}}, "classes": {"": {"executed_lines": [19, 20, 21, 22, 23, 25, 26, 28, 29, 30, 47, 48], "summary": {"covered_lines": 12, "num_statements": 35, "percent_covered": 34.285714285714285, "percent_covered_display": "34", "missing_lines": 23, "excluded_lines": 0}, "missing_lines": [50, 51, 52, 55, 56, 57, 58, 59, 61, 63, 65, 78, 79, 80, 83, 84, 85, 86, 88, 89, 91, 92, 93], "excluded_lines": []}}}, "services/asr/__init__.py": {"executed_lines": [1, 6, 15, 25], "summary": {"covered_lines": 3, "num_statements": 3, "percent_covered": 100.0, "percent_covered_display": "100", "missing_lines": 0, "excluded_lines": 0}, "missing_lines": [], "excluded_lines": [], "functions": {"": {"executed_lines": [1, 6, 15, 25], "summary": {"covered_lines": 3, "num_statements": 3, "percent_covered": 100.0, "percent_covered_display": "100", "missing_lines": 0, "excluded_lines": 0}, "missing_lines": [], "excluded_lines": []}}, "classes": {"": {"executed_lines": [1, 6, 15, 25], "summary": {"covered_lines": 3, "num_statements": 3, "percent_covered": 100.0, "percent_covered_display": "100", "missing_lines": 0, "excluded_lines": 0}, "missing_lines": [], "excluded_lines": []}}}, "services/asr/model_loader.py": {"executed_lines": [1, 7, 8, 9, 10, 11, 12, 13, 16, 20, 23, 24, 25, 36, 37, 39, 40, 41, 44, 45, 46, 52, 53, 54, 57, 89, 135, 186, 292, 305, 315, 340, 350], "summary": {"covered_lines": 32, "num_statements": 192, "percent_covered": 16.666666666666668, "percent_covered_display": "17", "missing_lines": 160, "excluded_lines": 0}, "missing_lines": [38, 47, 48, 49, 64, 65, 66, 68, 69, 70, 71, 72, 75, 76, 77, 78, 80, 82, 83, 84, 85, 86, 97, 98, 99, 102, 104, 105, 106, 108, 109, 112, 113, 114, 116, 118, 119, 122, 123, 126, 127, 128, 129, 130, 132, 145, 146, 148, 150, 151, 152, 155, 159, 162, 171, 173, 174, 176, 178, 179, 180, 181, 183, 199, 200, 201, 203, 204, 205, 208, 209, 210, 212, 214, 215, 217, 218, 219, 222, 225, 228, 229, 230, 233, 242, 243, 244, 247, 248, 249, 251, 252, 261, 262, 265, 266, 269, 272, 273, 274, 275, 276, 277, 278, 279, 280, 281, 283, 285, 286, 287, 288, 289, 300, 301, 302, 312, 322, 323, 324, 325, 326, 327, 330, 331, 332, 333, 334, 335, 341, 342, 343, 344, 346, 352, 355, 356, 357, 360, 361, 362, 363, 366, 368, 369, 370, 371, 372, 373, 375, 376, 377, 378, 379, 380, 382, 383, 386, 387, 389], "excluded_lines": [], "functions": {"detect_cuda_availability": {"executed_lines": [], "summary": {"covered_lines": 0, "num_statements": 18, "percent_covered": 0.0, "percent_covered_display": "0", "missing_lines": 18, "excluded_lines": 0}, "missing_lines": [64, 65, 66, 68, 69, 70, 71, 72, 75, 76, 77, 78, 80, 82, 83, 84, 85, 86], "excluded_lines": []}, "determine_device_and_compute_type": {"executed_lines": [], "summary": {"covered_lines": 0, "num_statements": 23, "percent_covered": 0.0, "percent_covered_display": "0", "missing_lines": 23, "excluded_lines": 0}, "missing_lines": [97, 98, 99, 102, 104, 105, 106, 108, 109, 112, 113, 114, 116, 118, 119, 122, 123, 126, 127, 128, 129, 130, 132], "excluded_lines": []}, "warm_up_model": {"executed_lines": [], "summary": {"covered_lines": 0, "num_statements": 18, "percent_covered": 0.0, "percent_covered_display": "0", "missing_lines": 18, "excluded_lines": 0}, "missing_lines": [145, 146, 148, 150, 151, 152, 155, 159, 162, 171, 173, 174, 176, 178, 179, 180, 181, 183], "excluded_lines": []}, "load_model": {"executed_lines": [], "summary": {"covered_lines": 0, "num_statements": 50, "percent_covered": 0.0, "percent_covered_display": "0", "missing_lines": 50, "excluded_lines": 0}, "missing_lines": [199, 200, 201, 203, 204, 205, 208, 209, 210, 212, 214, 215, 217, 218, 219, 222, 225, 228, 229, 230, 233, 242, 243, 244, 247, 248, 249, 251, 252, 261, 262, 265, 266, 269, 272, 273, 274, 275, 276, 277, 278, 279, 280, 281, 283, 285, 286, 287, 288, 289], "excluded_lines": []}, "get_model": {"executed_lines": [], "summary": {"covered_lines": 0, "num_statements": 3, "percent_covered": 0.0, "percent_covered_display": "0", "missing_lines": 3, "excluded_lines": 0}, "missing_lines": [300, 301, 302], "excluded_lines": []}, "get_model_config": {"executed_lines": [], "summary": {"covered_lines": 0, "num_statements": 1, "percent_covered": 0.0, "percent_covered_display": "0", "missing_lines": 1, "excluded_lines": 0}, "missing_lines": [312], "excluded_lines": []}, "unload_model": {"executed_lines": [], "summary": {"covered_lines": 0, "num_statements": 12, "percent_covered": 0.0, "percent_covered_display": "0", "missing_lines": 12, "excluded_lines": 0}, "missing_lines": [322, 323, 324, 325, 326, 327, 330, 331, 332, 333, 334, 335], "excluded_lines": []}, "": {"executed_lines": [1, 7, 8, 9, 10, 11, 12, 13, 16, 20, 23, 24, 25, 36, 37, 39, 40, 41, 44, 45, 46, 52, 53, 54, 57, 89, 135, 186, 292, 305, 315, 340, 350], "summary": {"covered_lines": 32, "num_statements": 67, "percent_covered": 47.76119402985075, "percent_covered_display": "48", "missing_lines": 35, "excluded_lines": 0}, "missing_lines": [38, 47, 48, 49, 341, 342, 343, 344, 346, 352, 355, 356, 357, 360, 361, 362, 363, 366, 368, 369, 370, 371, 372, 373, 375, 376, 377, 378, 379, 380, 382, 383, 386, 387, 389], "excluded_lines": []}}, "classes": {"": {"executed_lines": [1, 7, 8, 9, 10, 11, 12, 13, 16, 20, 23, 24, 25, 36, 37, 39, 40, 41, 44, 45, 46, 52, 53, 54, 57, 89, 135, 186, 292, 305, 315, 340, 350], "summary": {"covered_lines": 32, "num_statements": 192, "percent_covered": 16.666666666666668, "percent_covered_display": "17", "missing_lines": 160, "excluded_lines": 0}, "missing_lines": [38, 47, 48, 49, 64, 65, 66, 68, 69, 70, 71, 72, 75, 76, 77, 78, 80, 82, 83, 84, 85, 86, 97, 98, 99, 102, 104, 105, 106, 108, 109, 112, 113, 114, 116, 118, 119, 122, 123, 126, 127, 128, 129, 130, 132, 145, 146, 148, 150, 151, 152, 155, 159, 162, 171, 173, 174, 176, 178, 179, 180, 181, 183, 199, 200, 201, 203, 204, 205, 208, 209, 210, 212, 214, 215, 217, 218, 219, 222, 225, 228, 229, 230, 233, 242, 243, 244, 247, 248, 249, 251, 252, 261, 262, 265, 266, 269, 272, 273, 274, 275, 276, 277, 278, 279, 280, 281, 283, 285, 286, 287, 288, 289, 300, 301, 302, 312, 322, 323, 324, 325, 326, 327, 330, 331, 332, 333, 334, 335, 341, 342, 343, 344, 346, 352, 355, 356, 357, 360, 361, 362, 363, 366, 368, 369, 370, 371, 372, 373, 375, 376, 377, 378, 379, 380, 382, 383, 386, 387, 389], "excluded_lines": []}}}, "services/asr/test_model_loader.py": {"executed_lines": [], "summary": {"covered_lines": 0, "num_statements": 171, "percent_covered": 0.0, "percent_covered_display": "0", "missing_lines": 171, "excluded_lines": 0}, "missing_lines": [7, 8, 9, 10, 13, 14, 15, 16, 17, 18, 19, 20, 23, 26, 30, 33, 35, 36, 37, 39, 41, 43, 44, 45, 47, 48, 50, 52, 55, 57, 58, 59, 61, 63, 65, 66, 69, 70, 71, 73, 74, 76, 79, 81, 82, 83, 85, 87, 89, 91, 92, 94, 96, 97, 98, 101, 102, 103, 104, 106, 108, 109, 111, 112, 113, 114, 117, 119, 120, 121, 123, 125, 126, 128, 129, 131, 132, 134, 135, 136, 139, 140, 141, 143, 144, 146, 147, 148, 151, 153, 154, 155, 157, 159, 160, 163, 164, 165, 168, 169, 172, 173, 174, 176, 178, 180, 181, 183, 184, 185, 188, 190, 191, 192, 194, 195, 197, 198, 200, 202, 203, 204, 207, 208, 209, 210, 211, 214, 215, 218, 219, 220, 222, 223, 225, 226, 227, 230, 232, 233, 234, 236, 239, 240, 242, 243, 245, 246, 248, 249, 250, 252, 253, 255, 256, 259, 260, 261, 263, 264, 265, 267, 268, 270, 272, 273, 274, 276, 277, 280, 281], "excluded_lines": [], "functions": {"test_cuda_detection": {"executed_lines": [], "summary": {"covered_lines": 0, "num_statements": 12, "percent_covered": 0.0, "percent_covered_display": "0", "missing_lines": 12, "excluded_lines": 0}, "missing_lines": [35, 36, 37, 39, 41, 43, 44, 45, 47, 48, 50, 52], "excluded_lines": []}, "test_device_selection": {"executed_lines": [], "summary": {"covered_lines": 0, "num_statements": 13, "percent_covered": 0.0, "percent_covered_display": "0", "missing_lines": 13, "excluded_lines": 0}, "missing_lines": [57, 58, 59, 61, 63, 65, 66, 69, 70, 71, 73, 74, 76], "excluded_lines": []}, "test_model_loading": {"executed_lines": [], "summary": {"covered_lines": 0, "num_statements": 23, "percent_covered": 0.0, "percent_covered_display": "0", "missing_lines": 23, "excluded_lines": 0}, "missing_lines": [81, 82, 83, 85, 87, 89, 91, 92, 94, 96, 97, 98, 101, 102, 103, 104, 106, 108, 109, 111, 112, 113, 114], "excluded_lines": []}, "test_singleton_pattern": {"executed_lines": [], "summary": {"covered_lines": 0, "num_statements": 21, "percent_covered": 0.0, "percent_covered_display": "0", "missing_lines": 21, "excluded_lines": 0}, "missing_lines": [119, 120, 121, 123, 125, 126, 128, 129, 131, 132, 134, 135, 136, 139, 140, 141, 143, 144, 146, 147, 148], "excluded_lines": []}, "test_model_unloading": {"executed_lines": [], "summary": {"covered_lines": 0, "num_statements": 21, "percent_covered": 0.0, "percent_covered_display": "0", "missing_lines": 21, "excluded_lines": 0}, "missing_lines": [153, 154, 155, 157, 159, 160, 163, 164, 165, 168, 169, 172, 173, 174, 176, 178, 180, 181, 183, 184, 185], "excluded_lines": []}, "test_concurrent_access": {"executed_lines": [], "summary": {"covered_lines": 0, "num_statements": 24, "percent_covered": 0.0, "percent_covered_display": "0", "missing_lines": 24, "excluded_lines": 0}, "missing_lines": [190, 191, 192, 194, 195, 197, 198, 200, 202, 207, 208, 209, 210, 211, 214, 215, 218, 219, 220, 222, 223, 225, 226, 227], "excluded_lines": []}, "test_concurrent_access.get_model_in_thread": {"executed_lines": [], "summary": {"covered_lines": 0, "num_statements": 2, "percent_covered": 0.0, "percent_covered_display": "0", "missing_lines": 2, "excluded_lines": 0}, "missing_lines": [203, 204], "excluded_lines": []}, "main": {"executed_lines": [], "summary": {"covered_lines": 0, "num_statements": 31, "percent_covered": 0.0, "percent_covered_display": "0", "missing_lines": 31, "excluded_lines": 0}, "missing_lines": [232, 233, 234, 236, 239, 240, 242, 243, 245, 246, 248, 249, 250, 252, 253, 255, 256, 259, 260, 261, 263, 264, 265, 267, 268, 270, 272, 273, 274, 276, 277], "excluded_lines": []}, "": {"executed_lines": [], "summary": {"covered_lines": 0, "num_statements": 24, "percent_covered": 0.0, "percent_covered_display": "0", "missing_lines": 24, "excluded_lines": 0}, "missing_lines": [7, 8, 9, 10, 13, 14, 15, 16, 17, 18, 19, 20, 23, 26, 30, 33, 55, 79, 117, 151, 188, 230, 280, 281], "excluded_lines": []}}, "classes": {"": {"executed_lines": [], "summary": {"covered_lines": 0, "num_statements": 171, "percent_covered": 0.0, "percent_covered_display": "0", "missing_lines": 171, "excluded_lines": 0}, "missing_lines": [7, 8, 9, 10, 13, 14, 15, 16, 17, 18, 19, 20, 23, 26, 30, 33, 35, 36, 37, 39, 41, 43, 44, 45, 47, 48, 50, 52, 55, 57, 58, 59, 61, 63, 65, 66, 69, 70, 71, 73, 74, 76, 79, 81, 82, 83, 85, 87, 89, 91, 92, 94, 96, 97, 98, 101, 102, 103, 104, 106, 108, 109, 111, 112, 113, 114, 117, 119, 120, 121, 123, 125, 126, 128, 129, 131, 132, 134, 135, 136, 139, 140, 141, 143, 144, 146, 147, 148, 151, 153, 154, 155, 157, 159, 160, 163, 164, 165, 168, 169, 172, 173, 174, 176, 178, 180, 181, 183, 184, 185, 188, 190, 191, 192, 194, 195, 197, 198, 200, 202, 203, 204, 207, 208, 209, 210, 211, 214, 215, 218, 219, 220, 222, 223, 225, 226, 227, 230, 232, 233, 234, 236, 239, 240, 242, 243, 245, 246, 248, 249, 250, 252, 253, 255, 256, 259, 260, 261, 263, 264, 265, 267, 268, 270, 272, 273, 274, 276, 277, 280, 281], "excluded_lines": []}}}, "services/ass_toolkit.py": {"executed_lines": [19, 20, 21, 22, 23, 24, 25, 26, 27, 28, 29, 30, 31, 34, 35, 36, 42, 54, 65, 81, 97, 116, 124, 136, 150, 158, 166, 178, 246, 290, 314, 348, 410, 490, 548, 594, 602, 646, 652, 669, 724, 740], "summary": {"covered_lines": 42, "num_statements": 571, "percent_covered": 7.355516637478108, "percent_covered_display": "7", "missing_lines": 529, "excluded_lines": 0}, "missing_lines": [37, 38, 39, 40, 56, 57, 58, 59, 60, 61, 62, 63, 66, 67, 68, 72, 73, 74, 75, 76, 77, 78, 79, 82, 83, 84, 85, 86, 87, 88, 89, 91, 92, 93, 94, 95, 99, 100, 101, 102, 103, 104, 105, 106, 107, 108, 109, 110, 111, 112, 113, 114, 118, 119, 120, 121, 122, 126, 127, 128, 129, 130, 131, 132, 133, 134, 138, 139, 140, 141, 147, 148, 152, 153, 154, 155, 156, 160, 161, 162, 163, 164, 168, 169, 170, 171, 172, 173, 174, 175, 176, 186, 188, 195, 196, 197, 198, 199, 200, 201, 204, 205, 206, 207, 208, 209, 210, 212, 213, 215, 216, 217, 218, 219, 220, 221, 222, 225, 226, 227, 230, 231, 232, 233, 234, 235, 237, 238, 240, 241, 243, 244, 250, 251, 252, 253, 254, 256, 257, 258, 259, 261, 262, 263, 264, 265, 266, 267, 268, 269, 270, 271, 272, 274, 275, 276, 279, 281, 287, 288, 294, 303, 304, 306, 308, 309, 310, 318, 319, 320, 321, 323, 324, 325, 326, 328, 334, 336, 337, 338, 339, 340, 341, 342, 343, 344, 345, 346, 352, 353, 354, 355, 357, 358, 359, 360, 362, 367, 369, 371, 372, 373, 374, 375, 377, 378, 379, 380, 381, 382, 383, 384, 385, 386, 387, 388, 389, 390, 391, 392, 394, 395, 396, 397, 398, 399, 400, 402, 403, 404, 405, 406, 407, 408, 414, 415, 416, 417, 419, 420, 421, 422, 424, 430, 431, 432, 434, 436, 437, 438, 439, 442, 443, 444, 445, 446, 448, 449, 452, 453, 455, 457, 459, 460, 463, 464, 465, 466, 467, 470, 472, 474, 475, 477, 480, 482, 483, 484, 485, 487, 488, 494, 495, 496, 497, 499, 500, 501, 502, 504, 509, 510, 512, 514, 515, 516, 517, 518, 519, 520, 521, 522, 524, 525, 527, 528, 530, 532, 533, 534, 535, 536, 537, 539, 540, 541, 542, 543, 544, 545, 546, 552, 553, 554, 555, 557, 558, 559, 560, 562, 567, 568, 570, 572, 573, 574, 575, 577, 578, 580, 582, 583, 584, 585, 586, 587, 588, 589, 590, 591, 592, 606, 627, 629, 630, 632, 633, 635, 637, 638, 639, 640, 642, 643, 644, 650, 654, 655, 656, 657, 658, 659, 661, 662, 663, 664, 665, 666, 667, 675, 676, 677, 678, 679, 680, 681, 682, 683, 684, 685, 686, 687, 688, 689, 690, 691, 692, 693, 694, 695, 696, 697, 698, 699, 700, 701, 702, 703, 704, 705, 706, 707, 708, 709, 710, 711, 712, 713, 714, 715, 716, 717, 718, 719, 720, 722, 725, 726, 727, 728, 729, 730, 731, 732, 733, 734, 735, 736, 737, 738, 746, 748, 749, 751, 752, 753, 756, 758, 759, 760, 763, 764, 765, 766, 768, 771, 772, 773, 776, 777, 778, 779, 781, 783, 786, 787, 788, 789, 790, 791, 792, 793, 794, 795, 797, 800, 801, 802, 803, 804, 806, 809, 810, 811, 813, 814, 817, 818, 821, 823, 825, 826, 827, 830, 832, 833, 834, 835, 836, 838, 839, 842, 843, 845, 846, 849, 850, 852, 853, 855, 858, 859, 860, 861, 862, 863, 866, 867, 868, 869, 870, 871, 872, 873, 874, 876, 877, 878, 879], "excluded_lines": [], "functions": {"rgb_to_ass_color": {"executed_lines": [], "summary": {"covered_lines": 0, "num_statements": 8, "percent_covered": 0.0, "percent_covered_display": "0", "missing_lines": 8, "excluded_lines": 0}, "missing_lines": [56, 57, 58, 59, 60, 61, 62, 63], "excluded_lines": []}, "generate_transcription": {"executed_lines": [], "summary": {"covered_lines": 0, "num_statements": 11, "percent_covered": 0.0, "percent_covered_display": "0", "missing_lines": 11, "excluded_lines": 0}, "missing_lines": [66, 67, 68, 72, 73, 74, 75, 76, 77, 78, 79], "excluded_lines": []}, "get_video_resolution": {"executed_lines": [], "summary": {"covered_lines": 0, "num_statements": 13, "percent_covered": 0.0, "percent_covered_display": "0", "missing_lines": 13, "excluded_lines": 0}, "missing_lines": [82, 83, 84, 85, 86, 87, 88, 89, 91, 92, 93, 94, 95], "excluded_lines": []}, "get_available_fonts": {"executed_lines": [], "summary": {"covered_lines": 0, "num_statements": 16, "percent_covered": 0.0, "percent_covered_display": "0", "missing_lines": 16, "excluded_lines": 0}, "missing_lines": [99, 100, 101, 102, 103, 104, 105, 106, 107, 108, 109, 110, 111, 112, 113, 114], "excluded_lines": []}, "format_ass_time": {"executed_lines": [], "summary": {"covered_lines": 0, "num_statements": 5, "percent_covered": 0.0, "percent_covered_display": "0", "missing_lines": 5, "excluded_lines": 0}, "missing_lines": [118, 119, 120, 121, 122], "excluded_lines": []}, "process_subtitle_text": {"executed_lines": [], "summary": {"covered_lines": 0, "num_statements": 9, "percent_covered": 0.0, "percent_covered_display": "0", "missing_lines": 9, "excluded_lines": 0}, "missing_lines": [126, 127, 128, 129, 130, 131, 132, 133, 134], "excluded_lines": []}, "srt_to_transcription_result": {"executed_lines": [], "summary": {"covered_lines": 0, "num_statements": 6, "percent_covered": 0.0, "percent_covered_display": "0", "missing_lines": 6, "excluded_lines": 0}, "missing_lines": [138, 139, 140, 141, 147, 148], "excluded_lines": []}, "split_lines": {"executed_lines": [], "summary": {"covered_lines": 0, "num_statements": 5, "percent_covered": 0.0, "percent_covered_display": "0", "missing_lines": 5, "excluded_lines": 0}, "missing_lines": [152, 153, 154, 155, 156], "excluded_lines": []}, "is_url": {"executed_lines": [], "summary": {"covered_lines": 0, "num_statements": 5, "percent_covered": 0.0, "percent_covered_display": "0", "missing_lines": 5, "excluded_lines": 0}, "missing_lines": [160, 161, 162, 163, 164], "excluded_lines": []}, "download_captions": {"executed_lines": [], "summary": {"covered_lines": 0, "num_statements": 9, "percent_covered": 0.0, "percent_covered_display": "0", "missing_lines": 9, "excluded_lines": 0}, "missing_lines": [168, 169, 170, 171, 172, 173, 174, 175, 176], "excluded_lines": []}, "determine_alignment_code": {"executed_lines": [], "summary": {"covered_lines": 0, "num_statements": 41, "percent_covered": 0.0, "percent_covered_display": "0", "missing_lines": 41, "excluded_lines": 0}, "missing_lines": [186, 188, 195, 196, 197, 198, 199, 200, 201, 204, 205, 206, 207, 208, 209, 210, 212, 213, 215, 216, 217, 218, 219, 220, 221, 222, 225, 226, 227, 230, 231, 232, 233, 234, 235, 237, 238, 240, 241, 243, 244], "excluded_lines": []}, "create_style_line": {"executed_lines": [], "summary": {"covered_lines": 0, "num_statements": 28, "percent_covered": 0.0, "percent_covered_display": "0", "missing_lines": 28, "excluded_lines": 0}, "missing_lines": [250, 251, 252, 253, 254, 256, 257, 258, 259, 261, 262, 263, 264, 265, 266, 267, 268, 269, 270, 271, 272, 274, 275, 276, 279, 281, 287, 288], "excluded_lines": []}, "generate_ass_header": {"executed_lines": [], "summary": {"covered_lines": 0, "num_statements": 7, "percent_covered": 0.0, "percent_covered_display": "0", "missing_lines": 7, "excluded_lines": 0}, "missing_lines": [294, 303, 304, 306, 308, 309, 310], "excluded_lines": []}, "handle_classic": {"executed_lines": [], "summary": {"covered_lines": 0, "num_statements": 21, "percent_covered": 0.0, "percent_covered_display": "0", "missing_lines": 21, "excluded_lines": 0}, "missing_lines": [318, 319, 320, 321, 323, 324, 325, 326, 328, 334, 336, 337, 338, 339, 340, 341, 342, 343, 344, 345, 346], "excluded_lines": []}, "handle_karaoke": {"executed_lines": [], "summary": {"covered_lines": 0, "num_statements": 46, "percent_covered": 0.0, "percent_covered_display": "0", "missing_lines": 46, "excluded_lines": 0}, "missing_lines": [352, 353, 354, 355, 357, 358, 359, 360, 362, 367, 369, 371, 372, 373, 374, 375, 377, 378, 379, 380, 381, 382, 383, 384, 385, 386, 387, 388, 389, 390, 391, 392, 394, 395, 396, 397, 398, 399, 400, 402, 403, 404, 405, 406, 407, 408], "excluded_lines": []}, "handle_highlight": {"executed_lines": [], "summary": {"covered_lines": 0, "num_statements": 47, "percent_covered": 0.0, "percent_covered_display": "0", "missing_lines": 47, "excluded_lines": 0}, "missing_lines": [414, 415, 416, 417, 419, 420, 421, 422, 424, 430, 431, 432, 434, 436, 437, 438, 439, 442, 443, 444, 445, 446, 448, 449, 452, 453, 455, 457, 459, 460, 463, 464, 465, 466, 467, 470, 472, 474, 475, 477, 480, 482, 483, 484, 485, 487, 488], "excluded_lines": []}, "handle_underline": {"executed_lines": [], "summary": {"covered_lines": 0, "num_statements": 40, "percent_covered": 0.0, "percent_covered_display": "0", "missing_lines": 40, "excluded_lines": 0}, "missing_lines": [494, 495, 496, 497, 499, 500, 501, 502, 504, 509, 510, 512, 514, 515, 516, 517, 518, 519, 520, 521, 522, 524, 525, 527, 528, 530, 532, 533, 534, 535, 536, 537, 539, 540, 541, 542, 543, 544, 545, 546], "excluded_lines": []}, "handle_word_by_word": {"executed_lines": [], "summary": {"covered_lines": 0, "num_statements": 30, "percent_covered": 0.0, "percent_covered_display": "0", "missing_lines": 30, "excluded_lines": 0}, "missing_lines": [552, 553, 554, 555, 557, 558, 559, 560, 562, 567, 568, 570, 572, 573, 574, 575, 577, 578, 580, 582, 583, 584, 585, 586, 587, 588, 589, 590, 591, 592], "excluded_lines": []}, "srt_to_ass": {"executed_lines": [], "summary": {"covered_lines": 0, "num_statements": 14, "percent_covered": 0.0, "percent_covered_display": "0", "missing_lines": 14, "excluded_lines": 0}, "missing_lines": [606, 627, 629, 630, 632, 633, 635, 637, 638, 639, 640, 642, 643, 644], "excluded_lines": []}, "process_subtitle_events": {"executed_lines": [], "summary": {"covered_lines": 0, "num_statements": 1, "percent_covered": 0.0, "percent_covered_display": "0", "missing_lines": 1, "excluded_lines": 0}, "missing_lines": [650], "excluded_lines": []}, "parse_time_string": {"executed_lines": [], "summary": {"covered_lines": 0, "num_statements": 13, "percent_covered": 0.0, "percent_covered_display": "0", "missing_lines": 13, "excluded_lines": 0}, "missing_lines": [654, 655, 656, 657, 658, 659, 661, 662, 663, 664, 665, 666, 667], "excluded_lines": []}, "filter_subtitle_lines": {"executed_lines": [], "summary": {"covered_lines": 0, "num_statements": 38, "percent_covered": 0.0, "percent_covered_display": "0", "missing_lines": 38, "excluded_lines": 0}, "missing_lines": [675, 682, 686, 687, 688, 689, 690, 691, 692, 693, 694, 695, 696, 697, 698, 699, 
[...]
er": {"executed_lines": [], "summary": {"covered_lines": 0, "num_statements": 11, "percent_covered": 0.0, "percent_covered_display": "0", "missing_lines": 11, "excluded_lines": 0}, "missing_lines": [57, 65, 68, 71, 72, 74, 75, 76, 77, 80, 86], "excluded_lines": []}, "process_transcribe_media": {"executed_lines": [], "summary": {"covered_lines": 0, "num_statements": 92, "percent_covered": 0.0, "percent_covered_display": "0", "missing_lines": 92, "excluded_lines": 0}, "missing_lines": [90, 91, 92, 94, 96, 97, 98, 99, 100, 101, 102, 105, 106, 107, 109, 111, 112, 115, 116, 117, 119, 122, 130, 131, 134, 139, 140, 141, 144, 145, 146, 148, 150, 151, 153, 154, 155, 157, 159, 160, 162, 163, 164, 165, 168, 169, 170, 171, 172, 173, 174, 177, 178, 180, 183, 184, 187, 193, 194, 197, 198, 199, 200, 201, 202, 204, 206, 207, 209, 210, 211, 213, 214, 217, 218, 219, 220, 222, 224, 225, 226, 227, 229, 231, 232, 233, 234, 236, 238, 240, 241, 242], "excluded_lines": []}, "": {"executed_lines": [19, 20, 21, 22, 23, 24, 27, 28, 31, 54, 88], "summary": {"covered_lines": 11, "num_statements": 11, "percent_covered": 100.0, "percent_covered_display": "100", "missing_lines": 0, "excluded_lines": 0}, "missing_lines": [], "excluded_lines": []}}, "classes": {"": {"executed_lines": [19, 20, 21, 22, 23, 24, 27, 28, 31, 54, 88], "summary": {"covered_lines": 11, "num_statements": 118, "percent_covered": 9.322033898305085, "percent_covered_display": "9", "missing_lines": 107, "excluded_lines": 0}, "missing_lines": [33, 40, 41, 51, 57, 65, 68, 71, 72, 74, 75, 76, 77, 80, 86, 90, 91, 92, 94, 96, 97, 98, 99, 100, 101, 102, 105, 106, 107, 109, 111, 112, 115, 116, 117, 119, 122, 130, 131, 134, 139, 140, 141, 144, 145, 146, 148, 150, 151, 153, 154, 155, 157, 159, 160, 162, 163, 164, 165, 168, 169, 170, 171, 172, 173, 174, 177, 178, 180, 183, 184, 187, 193, 194, 197, 198, 199, 200, 201, 202, 204, 206, 207, 209, 210, 211, 213, 214, 217, 218, 219, 220, 222, 224, 225, 226, 227, 229, 231, 232, 233, 234, 236, 238, 240, 241, 242], "excluded_lines": []}}}, "services/v1/media/metadata.py": {"executed_lines": [19, 20, 21, 22, 23, 24, 27, 28, 30], "summary": {"covered_lines": 9, "num_statements": 83, "percent_covered": 10.843373493975903, "percent_covered_display": "11", "missing_lines": 74, "excluded_lines": 0}, "missing_lines": [41, 44, 45, 47, 49, 52, 53, 56, 65, 66, 68, 69, 70, 72, 75, 76, 79, 80, 82, 83, 84, 87, 88, 91, 92, 93, 96, 97, 98, 100, 101, 103, 104, 107, 108, 111, 112, 113, 114, 117, 118, 119, 120, 121, 122, 123, 126, 127, 128, 131, 132, 134, 135, 138, 139, 142, 143, 146, 147, 148, 151, 152, 153, 156, 157, 160, 161, 162, 164, 166, 167, 170, 171, 173], "excluded_lines": [], "functions": {"get_media_metadata": {"executed_lines": [], "summary": {"covered_lines": 0, "num_statements": 74, "percent_covered": 0.0, "percent_covered_display": "0", "missing_lines": 74, "excluded_lines": 0}, "missing_lines": [41, 44, 45, 47, 49, 52, 53, 56, 65, 66, 68, 69, 70, 72, 75, 76, 79, 80, 82, 83, 84, 87, 88, 91, 92, 93, 96, 97, 98, 100, 101, 103, 104, 107, 108, 111, 112, 113, 114, 117, 118, 119, 120, 121, 122, 123, 126, 127, 128, 131, 132, 134, 135, 138, 139, 142, 143, 146, 147, 148, 151, 152, 153, 156, 157, 160, 161, 162, 164, 166, 167, 170, 171, 173], "excluded_lines": []}, "": {"executed_lines": [19, 20, 21, 22, 23, 24, 27, 28, 30], "summary": {"covered_lines": 9, "num_statements": 9, "percent_covered": 100.0, "percent_covered_display": "100", "missing_lines": 0, "excluded_lines": 0}, "missing_lines": [], "excluded_lines": []}}, "classes": {"": {"executed_lines": [19, 20, 21, 22, 23, 24, 27, 28, 30], "summary": {"covered_lines": 9, "num_statements": 83, "percent_covered": 10.843373493975903, "percent_covered_display": "11", "missing_lines": 74, "excluded_lines": 0}, "missing_lines": [41, 44, 45, 47, 49, 52, 53, 56, 65, 66, 68, 69, 70, 72, 75, 76, 79, 80, 82, 83, 84, 87, 88, 91, 92, 93, 96, 97, 98, 100, 101, 103, 104, 107, 108, 111, 112, 113, 114, 117, 118, 119, 120, 121, 122, 123, 126, 127, 128, 131, 132, 134, 135, 138, 139, 142, 143, 146, 147, 148, 151, 152, 153, 156, 157, 160, 161, 162, 164, 166, 167, 170, 171, 173], "excluded_lines": []}}}, "services/v1/media/silence.py": {"executed_lines": [19, 20, 21, 22, 23, 24, 25, 28, 29, 31, 167], "summary": {"covered_lines": 11, "num_statements": 74, "percent_covered": 14.864864864864865, "percent_covered_display": "15", "missing_lines": 63, "excluded_lines": 0}, "missing_lines": [47, 48, 49, 51, 54, 58, 61, 62, 64, 65, 67, 68, 69, 70, 71, 73, 74, 76, 77, 78, 79, 80, 83, 86, 89, 92, 93, 96, 97, 100, 102, 105, 108, 111, 112, 115, 118, 121, 124, 127, 128, 129, 135, 136, 137, 140, 141, 142, 145, 146, 148, 155, 156, 158, 160, 161, 163, 164, 165, 177, 178, 179, 181], "excluded_lines": [], "functions": {"detect_silence": {"executed_lines": [], "summary": {"covered_lines": 0, "num_statements": 59, "percent_covered": 0.0, "percent_covered_display": "0", "missing_lines": 59, "excluded_lines": 0}, "missing_lines": [47, 48, 49, 51, 54, 58, 61, 62, 64, 65, 67, 68, 69, 70, 71, 73, 74, 76, 77, 78, 79, 80, 83, 86, 89, 92, 93, 96, 97, 100, 102, 105, 108, 111, 112, 115, 118, 121, 124, 127, 128, 129, 135, 136, 137, 140, 141, 142, 145, 146, 148, 155, 156, 158, 160, 161, 163, 164, 165], "excluded_lines": []}, "format_time": {"executed_lines": [], "summary": {"covered_lines": 0, "num_statements": 4, "percent_covered": 0.0, "percent_covered_display": "0", "missing_lines": 4, "excluded_lines": 0}, "missing_lines": [177, 178, 179, 181], "excluded_lines": []}, "": {"executed_lines": [19, 20, 21, 22, 23, 24, 25, 28, 29, 31, 167], "summary": {"covered_lines": 11, "num_statements": 11, "percent_covered": 100.0, "percent_covered_display": "100", "missing_lines": 0, "excluded_lines": 0}, "missing_lines": [], "excluded_lines": []}}, "classes": {"": {"executed_lines": [19, 20, 21, 22, 23, 24, 25, 28, 29, 31, 167], "summary": {"covered_lines": 11, "num_statements": 74, "percent_covered": 14.864864864864865, "percent_covered_display": "15", "missing_lines": 63, "excluded_lines": 0}, "missing_lines": [47, 48, 49, 51, 54, 58, 61, 62, 64, 65, 67, 68, 69, 70, 71, 73, 74, 76, 77, 78, 79, 80, 83, 86, 89, 92, 93, 96, 97, 100, 102, 105, 108, 111, 112, 115, 118, 121, 124, 127, 128, 129, 135, 136, 137, 140, 141, 142, 145, 146, 148, 155, 156, 158, 160, 161, 163, 164, 165, 177, 178, 179, 181], "excluded_lines": []}}}, "services/v1/s3/upload.py": {"executed_lines": [19, 20, 21, 22, 23, 24, 25, 27, 29, 44, 55], "summary": {"covered_lines": 11, "num_statements": 61, "percent_covered": 18.0327868852459, "percent_covered_display": "18", "missing_lines": 50, "excluded_lines": 0}, "missing_lines": [31, 32, 33, 34, 36, 42, 46, 47, 50, 51, 53, 68, 70, 71, 74, 77, 78, 80, 83, 84, 86, 92, 95, 96, 99, 100, 101, 103, 105, 106, 109, 110, 111, 119, 124, 125, 128, 129, 130, 138, 144, 145, 153, 155, 156, 159, 165, 172, 173, 174], "excluded_lines": [], "functions": {"get_s3_client": {"executed_lines": [], "summary": {"covered_lines": 0, "num_statements": 6, "percent_covered": 0.0, "percent_covered_display": "0", "missing_lines": 6, "excluded_lines": 0}, "missing_lines": [31, 32, 33, 34, 36, 42], "excluded_lines": []}, "get_filename_from_url": {"executed_lines": [], "summary": {"covered_lines": 0, "num_statements": 5, "percent_covered": 0.0, "percent_covered_display": "0", "missing_lines": 5, "excluded_lines": 0}, "missing_lines": [46, 47, 50, 51, 53], "excluded_lines": []}, "stream_upload_to_s3": {"executed_lines": [], "summary": {"covered_lines": 0, "num_statements": 39, "percent_covered": 0.0, "percent_covered_display": "0", "missing_lines": 39, "excluded_lines": 0}, "missing_lines": [68, 70, 71, 74, 77, 78, 80, 83, 84, 86, 92, 95, 96, 99, 100, 101, 103, 105, 106, 109, 110, 111, 119, 124, 125, 128, 129, 130, 138, 144, 145, 153, 155, 156, 159, 165, 172, 173, 174], "excluded_lines": []}, "": {"executed_lines": [19, 20, 21, 22, 23, 24, 25, 27, 29, 44, 55], "summary": {"covered_lines": 11, "num_statements": 11, "percent_covered": 100.0, "percent_covered_display": "100", "missing_lines": 0, "excluded_lines": 0}, "missing_lines": [], "excluded_lines": []}}, "classes": {"": {"executed_lines": [19, 20, 21, 22, 23, 24, 25, 27, 29, 44, 55], "summary": {"covered_lines": 11, "num_statements": 61, "percent_covered": 18.0327868852459, "percent_covered_display": "18", "missing_lines": 50, "excluded_lines": 0}, "missing_lines": [31, 32, 33, 34, 36, 42, 46, 47, 50, 51, 53, 68, 70, 71, 74, 77, 78, 80, 83, 84, 86, 92, 95, 96, 99, 100, 101, 103, 105, 106, 109, 110, 111, 119, 124, 125, 128, 129, 130, 138, 144, 145, 153, 155, 156, 159, 165, 172, 173, 174], "excluded_lines": []}}}, "services/v1/video/concatenate.py": {"executed_lines": [19, 20, 21, 22, 23, 25], "summary": {"covered_lines": 6, "num_statements": 29, "percent_covered": 20.689655172413794, "percent_covered_display": "21", "missing_lines": 23, "excluded_lines": 0}, "missing_lines": [27, 28, 29, 31, 33, 34, 35, 36, 39, 40, 41, 43, 46, 53, 54, 56, 58, 61, 62, 64, 65, 66, 67], "excluded_lines": [], "functions": {"process_video_concatenate": {"executed_lines": [], "summary": {"covered_lines": 0, "num_statements": 23, "percent_covered": 0.0, "percent_covered_display": "0", "missing_lines": 23, "excluded_lines": 0}, "missing_lines": [27, 28, 29, 31, 33, 34, 35, 36, 39, 40, 41, 43, 46, 53, 54, 56, 58, 61, 62, 64, 65, 66, 67], "excluded_lines": []}, "": {"executed_lines": [19, 20, 21, 22, 23, 25], "summary": {"covered_lines": 6, "num_statements": 6, "percent_covered": 100.0, "percent_covered_display": "100", "missing_lines": 0, "excluded_lines": 0}, "missing_lines": [], "excluded_lines": []}}, "classes": {"": {"executed_lines": [19, 20, 21, 22, 23, 25], "summary": {"covered_lines": 6, "num_statements": 29, "percent_covered": 20.689655172413794, "percent_covered_display": "21", "missing_lines": 23, "excluded_lines": 0}, "missing_lines": [27, 28, 29, 31, 33, 34, 35, 36, 39, 40, 41, 43, 46, 53, 54, 56, 58, 61, 62, 64, 65, 66, 67], "excluded_lines": []}}}, "services/v1/video/cut.py": {"executed_lines": [19, 20, 21, 22, 23, 24, 25, 26, 27, 30, 31, 33, 56], "summary": {"covered_lines": 13, "num_statements": 122, "percent_covered": 10.655737704918034, "percent_covered_display": "11", "missing_lines": 109, "excluded_lines": 0}, "missing_lines": [43, 44, 45, 46, 47, 48, 49, 50, 52, 53, 54, 74, 75, 76, 78, 80, 82, 85, 88, 95, 96, 97, 98, 99, 100, 101, 104, 105, 106, 107, 110, 111, 113, 114, 115, 117, 118, 119, 122, 123, 126, 127, 129, 130, 131, 132, 133, 135, 136, 138, 140, 142, 143, 144, 150, 153, 156, 157, 159, 160, 161, 162, 165, 166, 182, 183, 185, 186, 187, 189, 192, 193, 194, 195, 197, 212, 213, 215, 216, 217, 220, 222, 223, 225, 226, 227, 230, 246, 247, 249, 250, 251, 254, 256, 259, 260, 261, 262, 264, 266, 267, 269, 270, 271, 273, 274, 276, 277, 279], "excluded_lines": [], "functions": {"time_to_seconds": {"executed_lines": [], "summary": {"covered_lines": 0, "num_statements": 11, "percent_covered": 0.0, "percent_covered_display": "0", "missing_lines": 11, "excluded_lines": 0}, "missing_lines": [43, 44, 45, 46, 47, 48, 49, 50, 52, 53, 54], "excluded_lines": []}, "cut_media": {"executed_lines": [], "summary": {"covered_lines": 0, "num_statements": 98, "percent_covered": 0.0, "percent_covered_display": "0", "missing_lines": 98, "excluded_lines": 0}, "missing_lines": [74, 75, 76, 78, 80, 82, 85, 88, 95, 96, 97, 98, 99, 100, 101, 104, 105, 106, 107, 110, 111, 113, 114, 115, 117, 118, 119, 122, 123, 126, 127, 129, 130, 131, 132, 133, 135, 136, 138, 140, 142, 143, 144, 150, 153, 156, 157, 159, 160, 161, 162, 165, 166, 182, 183, 185, 186, 187, 189, 192, 193, 194, 195, 197, 212, 213, 215, 216, 217, 220, 222, 223, 225, 226, 227, 230, 246, 247, 249, 250, 251, 254, 256, 259, 260, 261, 262, 264, 266, 267, 269, 270, 271, 273, 274, 276, 277, 279], "excluded_lines": []}, "": {"executed_lines": [19, 20, 21, 22, 23, 24, 25, 26, 27, 30, 31, 33, 56], "summary": {"covered_lines": 13, "num_statements": 13, "percent_covered": 100.0, "percent_covered_display": "100", "missing_lines": 0, "excluded_lines": 0}, "missing_lines": [], "excluded_lines": []}}, "classes": {"": {"executed_lines": [19, 20, 21, 22, 23, 24, 25, 26, 27, 30, 31, 33, 56], "summary": {"covered_lines": 13, "num_statements": 122, "percent_covered": 10.655737704918034, "percent_covered_display": "11", "missing_lines": 109, "excluded_lines": 0}, "missing_lines": [43, 44, 45, 46, 47, 48, 49, 50, 52, 53, 54, 74, 75, 76, 78, 80, 82, 85, 88, 95, 96, 97, 98, 99, 100, 101, 104, 105, 106, 107, 110, 111, 113, 114, 115, 117, 118, 119, 122, 123, 126, 127, 129, 130, 131, 132, 133, 135, 136, 138, 140, 142, 143, 144, 150, 153, 156, 157, 159, 160, 161, 162, 165, 166, 182, 183, 185, 186, 187, 189, 192, 193, 194, 195, 197, 212, 213, 215, 216, 217, 220, 222, 223, 225, 226, 227, 230, 246, 247, 249, 250, 251, 254, 256, 259, 260, 261, 262, 264, 266, 267, 269, 270, 271, 273, 274, 276, 277, 279], "excluded_lines": []}}}, "services/v1/video/split.py": {"executed_lines": [19, 20, 21, 22, 23, 24, 25, 26, 29, 30, 32, 55], "summary": {"covered_lines": 12, "num_statements": 79, "percent_covered": 15.189873417721518, "percent_covered_display": "15", "missing_lines": 67, "excluded_lines": 0}, "missing_lines": [42, 43, 44, 45, 46, 47, 48, 49, 51, 52, 53, 73, 74, 75, 77, 78, 80, 82, 84, 87, 94, 96, 97, 98, 99, 100, 101, 104, 105, 106, 107, 108, 111, 112, 113, 115, 116, 117, 119, 120, 121, 124, 125, 126, 127, 129, 130, 132, 135, 137, 140, 154, 157, 159, 160, 161, 164, 165, 168, 170, 171, 174, 175, 177, 178, 179, 181], "excluded_lines": [], "functions": {"time_to_seconds": {"executed_lines": [], "summary": {"covered_lines": 0, "num_statements": 11, "percent_covered": 0.0, "percent_covered_display": "0", "missing_lines": 11, "excluded_lines": 0}, "missing_lines": [42, 43, 44, 45, 46, 47, 48, 49, 51, 52, 53], "excluded_lines": []}, "split_video": {"executed_lines": [], "summary": {"covered_lines": 0, "num_statements": 56, "percent_covered": 0.0, "percent_covered_display": "0", "missing_lines": 56, "excluded_lines": 0}, "missing_lines": [73, 74, 75, 77, 78, 80, 82, 84, 87, 94, 96, 97, 98, 99, 100, 101, 104, 105, 106, 107, 108, 111, 112, 113, 115, 116, 117, 119, 120, 121, 124, 125, 126, 127, 129, 130, 132, 135, 137, 140, 154, 157, 159, 160, 161, 164, 165, 168, 170, 171, 174, 175, 177, 178, 179, 181], "excluded_lines": []}, "": {"executed_lines": [19, 20, 21, 22, 23, 24, 25, 26, 29, 30, 32, 55], "summary": {"covered_lines": 12, "num_statements": 12, "percent_covered": 100.0, "percent_covered_display": "100", "missing_lines": 0, "excluded_lines": 0}, "missing_lines": [], "excluded_lines": []}}, "classes": {"": {"executed_lines": [19, 20, 21, 22, 23, 24, 25, 26, 29, 30, 32, 55], "summary": {"covered_lines": 12, "num_statements": 79, "percent_covered": 15.189873417721518, "percent_covered_display": "15", "missing_lines": 67, "excluded_lines": 0}, "missing_lines": [42, 43, 44, 45, 46, 47, 48, 49, 51, 52, 53, 73, 74, 75, 77, 78, 80, 82, 84, 87, 94, 96, 97, 98, 99, 100, 101, 104, 105, 106, 107, 108, 111, 112, 113, 115, 116, 117, 119, 120, 121, 124, 125, 126, 127, 129, 130, 132, 135, 137, 140, 154, 157, 159, 160, 161, 164, 165, 168, 170, 171, 174, 175, 177, 178, 179, 181], "excluded_lines": []}}}, "services/v1/video/thumbnail.py": {"executed_lines": [19, 20, 21, 22, 24], "summary": {"covered_lines": 5, "num_statements": 18, "percent_covered": 27.77777777777778, "percent_covered_display": "28", "missing_lines": 13, "excluded_lines": 0}, "missing_lines": [37, 40, 42, 44, 53, 56, 57, 59, 61, 62, 64, 65, 66], "excluded_lines": [], "functions": {"extract_thumbnail": {"executed_lines": [], "summary": {"covered_lines": 0, "num_statements": 13, "percent_covered": 0.0, "percent_covered_display": "0", "missing_lines": 13, "excluded_lines": 0}, "missing_lines": [37, 40, 42, 44, 53, 56, 57, 59, 61, 62, 64, 65, 66], "excluded_lines": []}, "": {"executed_lines": [19, 20, 21, 22, 24], "summary": {"covered_lines": 5, "num_statements": 5, "percent_covered": 100.0, "percent_covered_display": "100", "missing_lines": 0, "excluded_lines": 0}, "missing_lines": [], "excluded_lines": []}}, "classes": {"": {"executed_lines": [19, 20, 21, 22, 24], "summary": {"covered_lines": 5, "num_statements": 18, "percent_covered": 27.77777777777778, "percent_covered_display": "28", "missing_lines": 13, "excluded_lines": 0}, "missing_lines": [37, 40, 42, 44, 53, 56, 57, 59, 61, 62, 64, 65, 66], "excluded_lines": []}}}, "services/v1/video/trim.py": {"executed_lines": [19, 20, 21, 22, 23, 24, 25, 26, 29, 30, 32, 58], "summary": {"covered_lines": 12, "num_statements": 77, "percent_covered": 15.584415584415584, "percent_covered_display": "16", "missing_lines": 65, "excluded_lines": 0}, "missing_lines": [42, 43, 45, 46, 47, 48, 49, 50, 51, 52, 54, 55, 56, 77, 78, 79, 81, 82, 84, 86, 89, 92, 99, 101, 102, 103, 104, 105, 106, 109, 110, 113, 114, 115, 117, 118, 119, 121, 122, 125, 127, 129, 131, 133, 134, 136, 137, 138, 140, 143, 153, 154, 156, 159, 161, 162, 163, 166, 168, 169, 172, 173, 175, 176, 178], "excluded_lines": [], "functions": {"time_to_seconds": {"executed_lines": [], "summary": {"covered_lines": 0, "num_statements": 13, "percent_covered": 0.0, "percent_covered_display": "0", "missing_lines": 13, "excluded_lines": 0}, "missing_lines": [42, 43, 45, 46, 47, 48, 49, 50, 51, 52, 54, 55, 56], "excluded_lines": []}, "trim_video": {"executed_lines": [], "summary": {"covered_lines": 0, "num_statements": 52, "percent_covered": 0.0, "percent_covered_display": "0", "missing_lines": 52, "excluded_lines": 0}, "missing_lines": [77, 78, 79, 81, 82, 84, 86, 89, 92, 99, 101, 102, 103, 104, 105, 106, 109, 110, 113, 114, 115, 117, 118, 119, 121, 122, 125, 127, 129, 131, 133, 134, 136, 137, 138, 140, 143, 153, 154, 156, 159, 161, 162, 163, 166, 168, 169, 172, 173, 175, 176, 178], "excluded_lines": []}, "": {"executed_lines": [19, 20, 21, 22, 23, 24, 25, 26, 29, 30, 32, 58], "summary": {"covered_lines": 12, "num_statements": 12, "percent_covered": 100.0, "percent_covered_display": "100", "missing_lines": 0, "excluded_lines": 0}, "missing_lines": [], "excluded_lines": []}}, "classes": {"": {"executed_lines": [19, 20, 21, 22, 23, 24, 25, 26, 29, 30, 32, 58], "summary": {"covered_lines": 12, "num_statements": 77, "percent_covered": 15.584415584415584, "percent_covered_display": "16", "missing_lines": 65, "excluded_lines": 0}, "missing_lines": [42, 43, 45, 46, 47, 48, 49, 50, 51, 52, 54, 55, 56, 77, 78, 79, 81, 82, 84, 86, 89, 92, 99, 101, 102, 103, 104, 105, 106, 109, 110, 113, 114, 115, 117, 118, 119, 121, 122, 125, 127, 129, 131, 133, 134, 136, 137, 138, 140, 143, 153, 154, 156, 159, 161, 162, 163, 166, 168, 169, 172, 173, 175, 176, 178], "excluded_lines": []}}}, "services/webhook.py": {"executed_lines": [19, 20, 22, 24], "summary": {"covered_lines": 4, "num_statements": 11, "percent_covered": 36.36363636363637, "percent_covered_display": "36", "missing_lines": 7, "excluded_lines": 0}, "missing_lines": [26, 27, 28, 29, 30, 31, 32], "excluded_lines": [], "functions": {"send_webhook": {"executed_lines": [], "summary": {"covered_lines": 0, "num_statements": 7, "percent_covered": 0.0, "percent_covered_display": "0", "missing_lines": 7, "excluded_lines": 0}, "missing_lines": [26, 27, 28, 29, 30, 31, 32], "excluded_lines": []}, "": {"executed_lines": [19, 20, 22, 24], "summary": {"covered_lines": 4, "num_statements": 4, "percent_covered": 100.0, "percent_covered_display": "100", "missing_lines": 0, "excluded_lines": 0}, "missing_lines": [], "excluded_lines": []}}, "classes": {"": {"executed_lines": [19, 20, 22, 24], "summary": {"covered_lines": 4, "num_statements": 11, "percent_covered": 36.36363636363637, "percent_covered_display": "36", "missing_lines": 7, "excluded_lines": 0}, "missing_lines": [26, 27, 28, 29, 30, 31, 32], "excluded_lines": []}}}}, "totals": {"covered_lines": 854, "num_statements": 4005, "percent_covered": 21.32334581772784, "percent_covered_display": "21", "missing_lines": 3151, "excluded_lines": 0}}